#
# A fatal error has been detected by the Java Runtime Environment:
#
#  SIGSEGV (0xb) at pc=0x00007f4e576387e2, pid=13964, tid=13968
#
# JRE version: OpenJDK Runtime Environment (10.0.2+13) (build 10.0.2+13-Ubuntu-1ubuntu0.18.04.3)
# Java VM: OpenJDK 64-Bit Server VM (10.0.2+13-Ubuntu-1ubuntu0.18.04.3, mixed mode, tiered, compressed oops, g1 gc, linux-amd64)
# Problematic frame:
# C  [libPGWebLib.so+0x437e2]  PW_iAddParam+0xab2
#
# Core dump will be written. Default location: Core dumps may be processed with "/usr/share/apport/apport %p %s %c %d %P" (or dumping to /home/thiago/Área de Trabalho/Automacao_PGWebLibC/core.13964)
#
# If you would like to submit a bug report, please visit:
#   http://bugreport.java.com/bugreport/crash.jsp
# The crash happened outside the Java Virtual Machine in native code.
# See problematic frame for where to report the bug.
#

---------------  S U M M A R Y ------------

Command Line: -javaagent:/home/thiago/Ferramentas/idea-IC-181.4445.78/lib/idea_rt.jar=41175:/home/thiago/Ferramentas/idea-IC-181.4445.78/bin -Dfile.encoding=UTF-8 Principal

Host: Intel(R) Core(TM) i3-2328M CPU @ 2.20GHz, 2 cores, 7G, Ubuntu 18.04.1 LTS
Time: Thu Nov 22 17:02:27 2018 -02 elapsed time: 0 seconds (0d 0h 0m 0s)

---------------  T H R E A D  ---------------

Current thread (0x00007f4eac012800):  JavaThread "main" [_thread_in_native, id=13968, stack(0x00007f4eb600e000,0x00007f4eb610f000)]

Stack: [0x00007f4eb600e000,0x00007f4eb610f000],  sp=0x00007f4eb610c900,  free space=1018k
Native frames: (J=compiled Java code, A=aot compiled Java code, j=interpreted, Vv=VM code, C=native code)
C  [libPGWebLib.so+0x437e2]  PW_iAddParam+0xab2

Java frames: (J=compiled Java code, j=interpreted, Vv=VM code)
j  com.sun.jna.Native.invokeInt(Lcom/sun/jna/Function;JI[Ljava/lang/Object;)I+0
j  com.sun.jna.Function.invoke([Ljava/lang/Object;Ljava/lang/Class;ZI)Ljava/lang/Object;+211
j  com.sun.jna.Function.invoke(Ljava/lang/reflect/Method;[Ljava/lang/Class;Ljava/lang/Class;[Ljava/lang/Object;Ljava/util/Map;)Ljava/lang/Object;+271
j  com.sun.jna.Library$Handler.invoke(Ljava/lang/Object;Ljava/lang/reflect/Method;[Ljava/lang/Object;)Ljava/lang/Object;+344
j  com.sun.proxy.$Proxy0.PW_iAddParam(II)I+26
j  LibIntegrada.chamarPW_iAddParam(LEnums/PWINFO;I)I+9
j  ChamarFuncoes.chamarPW_iAddParam(LEnums/PWINFO;I)Ljava/lang/String;+5
j  Principal.main([Ljava/lang/String;)V+176
v  ~StubRoutines::call_stub

siginfo: si_signo: 11 (SIGSEGV), si_code: 1 (SEGV_MAPERR), si_addr: 0x0000000000000000

Register to memory mapping:

RAX=0x0000000000000001 is an unknown value
RBX=0x0000000000007f01 is an unknown value
RCX=0x00007f4eb5a18187: __write+0x0000000000000047 in /lib/x86_64-linux-gnu/libc.so.6 at 0x00007f4eb5908000
RDX=0x0000000000000005 is an unknown value
RSP=0x00007f4eb610c900 is pointing into the stack for thread: 0x00007f4eac012800
RBP=0x0000000000000000 is an unknown value
RSI=0x00007f4eac001830 is an unknown value
RDI=0x0000000000000000 is an unknown value
R8 =0x0000000000000000 is an unknown value
R9 =0x00007f4eb610e700 is pointing into the stack for thread: 0x00007f4eac012800
R10=
[error occurred during error reporting (printing register info), id 0xb]

Registers:
RAX=0x0000000000000001, RBX=0x0000000000007f01, RCX=0x00007f4eb5a18187, RDX=0x0000000000000005
RSP=0x00007f4eb610c900, RBP=0x0000000000000000, RSI=0x00007f4eac001830, RDI=0x0000000000000000
R8 =0x0000000000000000, R9 =0x00007f4eb610e700, R10=0x00000000ffffffeb, R11=0x0000000000000000
R12=0x0000000000007f01, R13=0x00000000fffff63d, R14=0x0000000000000002, R15=0x00007f4eb610cb10
RIP=0x00007f4e576387e2, EFLAGS=0x0000000000010246, CSGSFS=0x002b000000000033, ERR=0x0000000000000004
  TRAPNO=0x000000000000000e

Top of Stack: (sp=0x00007f4eb610c900)
0x00007f4eb610c900:   00007f4eb610c930 00007f4e9086fafb
0x00007f4eb610c910:   0000000000000000 00007f4eb610cb30
0x00007f4eb610c920:   0000000000000004 0000000000000001
0x00007f4eb610c930:   00007f4eb610cb00 00007f4e9087033b 

Instructions: (pc=0x00007f4e576387e2)
0x00007f4e576387c2:   e9 ac f7 ff ff 48 8b 05 c2 15 24 00 0f b6 40 02
0x00007f4e576387d2:   3c fd 0f 84 07 07 00 00 3c 01 0f 85 8e fa ff ff
0x00007f4e576387e2:   80 7d 00 31 0f 85 51 07 00 00 80 7d 01 00 0f 85
0x00007f4e576387f2:   47 07 00 00 48 8b 05 4b 13 24 00 66 c7 80 b4 00 


---------------  P R O C E S S  ---------------

Threads class SMR info:
_java_thread_list=0x00007f4eac2aefe0, length=11, elements={
0x00007f4eac012800, 0x00007f4eac14d800, 0x00007f4eac14f800, 0x00007f4eac164000,
0x00007f4eac166000, 0x00007f4eac168000, 0x00007f4eac16a000, 0x00007f4eac1ed000,
0x00007f4eac24b000, 0x00007f4eac24c000, 0x00007f4eac2aa000
}

Java Threads: ( => current thread )
=>0x00007f4eac012800 JavaThread "main" [_thread_in_native, id=13968, stack(0x00007f4eb600e000,0x00007f4eb610f000)]
  0x00007f4eac14d800 JavaThread "Reference Handler" daemon [_thread_blocked, id=13985, stack(0x00007f4e91c8c000,0x00007f4e91d8d000)]
  0x00007f4eac14f800 JavaThread "Finalizer" daemon [_thread_blocked, id=13986, stack(0x00007f4e91b8b000,0x00007f4e91c8c000)]
  0x00007f4eac164000 JavaThread "Signal Dispatcher" daemon [_thread_blocked, id=13990, stack(0x00007f4e917aa000,0x00007f4e918ab000)]
  0x00007f4eac166000 JavaThread "C2 CompilerThread0" daemon [_thread_blocked, id=13991, stack(0x00007f4e916a9000,0x00007f4e917aa000)]
  0x00007f4eac168000 JavaThread "C1 CompilerThread1" daemon [_thread_blocked, id=13993, stack(0x00007f4e915a8000,0x00007f4e916a9000)]
  0x00007f4eac16a000 JavaThread "Sweeper thread" daemon [_thread_blocked, id=13994, stack(0x00007f4e914a7000,0x00007f4e915a8000)]
  0x00007f4eac1ed000 JavaThread "Common-Cleaner" daemon [_thread_blocked, id=13998, stack(0x00007f4e913a6000,0x00007f4e914a7000)]
  0x00007f4eac24b000 JavaThread "Monitor Ctrl-Break" daemon [_thread_in_native, id=13999, stack(0x00007f4e90e7b000,0x00007f4e90f7c000)]
  0x00007f4eac24c000 JavaThread "Service Thread" daemon [_thread_blocked, id=14000, stack(0x00007f4e90d7a000,0x00007f4e90e7b000)]
  0x00007f4eac2aa000 JavaThread "process reaper" daemon [_thread_blocked, id=14003, stack(0x00007f4eb5f36000,0x00007f4eb5f58000)]

Other Threads:
  0x00007f4eac144000 VMThread "VM Thread" [stack: 0x00007f4eb0035000,0x00007f4eb0135000] [id=13984]
  0x00007f4eac24e000 WatcherThread [stack: 0x00007f4e90c7a000,0x00007f4e90d7a000] [id=14001]
  0x00007f4eac029000 GCTaskThread "GC Thread#0" [stack: 0x00007f4eb1f31000,0x00007f4eb2031000] [id=13970]
  0x00007f4eac02a800 GCTaskThread "GC Thread#1" [stack: 0x00007f4eb1e2f000,0x00007f4eb1f2f000] [id=13972]
  0x00007f4eac052800 ConcurrentGCThread "G1 Main Marker" [stack: 0x00007f4eb1012000,0x00007f4eb1112000] [id=13975]
  0x00007f4eac054000 ConcurrentGCThread "G1 Conc#0" [stack: 0x00007f4eb0f10000,0x00007f4eb1010000] [id=13976]
  0x00007f4eac0b8800 ConcurrentGCThread "G1 Refine#0" [stack: 0x00007f4eb0c0c000,0x00007f4eb0d0c000] [id=13978]
  0x00007f4eac0ba000 ConcurrentGCThread "G1 Refine#1" [stack: 0x00007f4eb0b0a000,0x00007f4eb0c0a000] [id=13979]
  0x00007f4eac0bc000 ConcurrentGCThread "G1 Young RemSet Sampling" [stack: 0x00007f4eb0a08000,0x00007f4eb0b08000] [id=13980]

Threads with active compile tasks:

VM state:not at safepoint (normal execution)

VM Mutex/Monitor currently owned by a thread: None

Heap address: 0x0000000089a00000, size: 1894 MB, Compressed Oops mode: 32-bit
Narrow klass base: 0x0000000000000000, Narrow klass shift: 3
Compressed class space size: 1073741824 Address: 0x0000000100000000

Heap:
 garbage-first heap   total 122880K, used 4096K [0x0000000089a00000, 0x0000000100000000)
  region size 1024K, 5 young (5120K), 0 survivors (0K)
 Metaspace       used 8456K, capacity 8555K, committed 8832K, reserved 1056768K
  class space    used 738K, capacity 789K, committed 896K, reserved 1048576K
Heap Regions: E=young(eden), S=young(survivor), O=old, HS=humongous(starts), HC=humongous(continues), CS=collection set, F=free, A=archive, TS=gc time stamp, AC=allocation context, TAMS=top-at-mark-start (previous, next)
|   0|0x0000000089a00000, 0x0000000089a00000, 0x0000000089b00000|  0%| F|  |TS  0|AC  0|TAMS 0x0000000089a00000, 0x0000000089a00000|
|   1|0x0000000089b00000, 0x0000000089b00000, 0x0000000089c00000|  0%| F|  |TS  0|AC  0|TAMS 0x0000000089b00000, 0x0000000089b00000|
|   2|0x0000000089c00000, 0x0000000089c00000, 0x0000000089d00000|  0%| F|  |TS  0|AC  0|TAMS 0x0000000089c00000, 0x0000000089c00000|
|   3|0x0000000089d00000, 0x0000000089d00000, 0x0000000089e00000|  0%| F|  |TS  0|AC  0|TAMS 0x0000000089d00000, 0x0000000089d00000|
|   4|0x0000000089e00000, 0x0000000089e00000, 0x0000000089f00000|  0%| F|  |TS  0|AC  0|TAMS 0x0000000089e00000, 0x0000000089e00000|
|   5|0x0000000089f00000, 0x0000000089f00000, 0x000000008a000000|  0%| F|  |TS  0|AC  0|TAMS 0x0000000089f00000, 0x0000000089f00000|
|   6|0x000000008a000000, 0x000000008a000000, 0x000000008a100000|  0%| F|  |TS  0|AC  0|TAMS 0x000000008a000000, 0x000000008a000000|
|   7|0x000000008a100000, 0x000000008a100000, 0x000000008a200000|  0%| F|  |TS  0|AC  0|TAMS 0x000000008a100000, 0x000000008a100000|
|   8|0x000000008a200000, 0x000000008a200000, 0x000000008a300000|  0%| F|  |TS  0|AC  0|TAMS 0x000000008a200000, 0x000000008a200000|
|   9|0x000000008a300000, 0x000000008a300000, 0x000000008a400000|  0%| F|  |TS  0|AC  0|TAMS 0x000000008a300000, 0x000000008a300000|
|  10|0x000000008a400000, 0x000000008a400000, 0x000000008a500000|  0%| F|  |TS  0|AC  0|TAMS 0x000000008a400000, 0x000000008a400000|
|  11|0x000000008a500000, 0x000000008a500000, 0x000000008a600000|  0%| F|  |TS  0|AC  0|TAMS 0x000000008a500000, 0x000000008a500000|
|  12|0x000000008a600000, 0x000000008a600000, 0x000000008a700000|  0%| F|  |TS  0|AC  0|TAMS 0x000000008a600000, 0x000000008a600000|
|  13|0x000000008a700000, 0x000000008a700000, 0x000000008a800000|  0%| F|  |TS  0|AC  0|TAMS 0x000000008a700000, 0x000000008a700000|
|  14|0x000000008a800000, 0x000000008a800000, 0x000000008a900000|  0%| F|  |TS  0|AC  0|TAMS 0x000000008a800000, 0x000000008a800000|
|  15|0x000000008a900000, 0x000000008a900000, 0x000000008aa00000|  0%| F|  |TS  0|AC  0|TAMS 0x000000008a900000, 0x000000008a900000|
|  16|0x000000008aa00000, 0x000000008aa00000, 0x000000008ab00000|  0%| F|  |TS  0|AC  0|TAMS 0x000000008aa00000, 0x000000008aa00000|
|  17|0x000000008ab00000, 0x000000008ab00000, 0x000000008ac00000|  0%| F|  |TS  0|AC  0|TAMS 0x000000008ab00000, 0x000000008ab00000|
|  18|0x000000008ac00000, 0x000000008ac00000, 0x000000008ad00000|  0%| F|  |TS  0|AC  0|TAMS 0x000000008ac00000, 0x000000008ac00000|
|  19|0x000000008ad00000, 0x000000008ad00000, 0x000000008ae00000|  0%| F|  |TS  0|AC  0|TAMS 0x000000008ad00000, 0x000000008ad00000|
|  20|0x000000008ae00000, 0x000000008ae00000, 0x000000008af00000|  0%| F|  |TS  0|AC  0|TAMS 0x000000008ae00000, 0x000000008ae00000|
|  21|0x000000008af00000, 0x000000008af00000, 0x000000008b000000|  0%| F|  |TS  0|AC  0|TAMS 0x000000008af00000, 0x000000008af00000|
|  22|0x000000008b000000, 0x000000008b000000, 0x000000008b100000|  0%| F|  |TS  0|AC  0|TAMS 0x000000008b000000, 0x000000008b000000|
|  23|0x000000008b100000, 0x000000008b100000, 0x000000008b200000|  0%| F|  |TS  0|AC  0|TAMS 0x000000008b100000, 0x000000008b100000|
|  24|0x000000008b200000, 0x000000008b200000, 0x000000008b300000|  0%| F|  |TS  0|AC  0|TAMS 0x000000008b200000, 0x000000008b200000|
|  25|0x000000008b300000, 0x000000008b300000, 0x000000008b400000|  0%| F|  |TS  0|AC  0|TAMS 0x000000008b300000, 0x000000008b300000|
|  26|0x000000008b400000, 0x000000008b400000, 0x000000008b500000|  0%| F|  |TS  0|AC  0|TAMS 0x000000008b400000, 0x000000008b400000|
|  27|0x000000008b500000, 0x000000008b500000, 0x000000008b600000|  0%| F|  |TS  0|AC  0|TAMS 0x000000008b500000, 0x000000008b500000|
|  28|0x000000008b600000, 0x000000008b600000, 0x000000008b700000|  0%| F|  |TS  0|AC  0|TAMS 0x000000008b600000, 0x000000008b600000|
|  29|0x000000008b700000, 0x000000008b700000, 0x000000008b800000|  0%| F|  |TS  0|AC  0|TAMS 0x000000008b700000, 0x000000008b700000|
|  30|0x000000008b800000, 0x000000008b800000, 0x000000008b900000|  0%| F|  |TS  0|AC  0|TAMS 0x000000008b800000, 0x000000008b800000|
|  31|0x000000008b900000, 0x000000008b900000, 0x000000008ba00000|  0%| F|  |TS  0|AC  0|TAMS 0x000000008b900000, 0x000000008b900000|
|  32|0x000000008ba00000, 0x000000008ba00000, 0x000000008bb00000|  0%| F|  |TS  0|AC  0|TAMS 0x000000008ba00000, 0x000000008ba00000|
|  33|0x000000008bb00000, 0x000000008bb00000, 0x000000008bc00000|  0%| F|  |TS  0|AC  0|TAMS 0x000000008bb00000, 0x000000008bb00000|
|  34|0x000000008bc00000, 0x000000008bc00000, 0x000000008bd00000|  0%| F|  |TS  0|AC  0|TAMS 0x000000008bc00000, 0x000000008bc00000|
|  35|0x000000008bd00000, 0x000000008bd00000, 0x000000008be00000|  0%| F|  |TS  0|AC  0|TAMS 0x000000008bd00000, 0x000000008bd00000|
|  36|0x000000008be00000, 0x000000008be00000, 0x000000008bf00000|  0%| F|  |TS  0|AC  0|TAMS 0x000000008be00000, 0x000000008be00000|
|  37|0x000000008bf00000, 0x000000008bf00000, 0x000000008c000000|  0%| F|  |TS  0|AC  0|TAMS 0x000000008bf00000, 0x000000008bf00000|
|  38|0x000000008c000000, 0x000000008c000000, 0x000000008c100000|  0%| F|  |TS  0|AC  0|TAMS 0x000000008c000000, 0x000000008c000000|
|  39|0x000000008c100000, 0x000000008c100000, 0x000000008c200000|  0%| F|  |TS  0|AC  0|TAMS 0x000000008c100000, 0x000000008c100000|
|  40|0x000000008c200000, 0x000000008c200000, 0x000000008c300000|  0%| F|  |TS  0|AC  0|TAMS 0x000000008c200000, 0x000000008c200000|
|  41|0x000000008c300000, 0x000000008c300000, 0x000000008c400000|  0%| F|  |TS  0|AC  0|TAMS 0x000000008c300000, 0x000000008c300000|
|  42|0x000000008c400000, 0x000000008c400000, 0x000000008c500000|  0%| F|  |TS  0|AC  0|TAMS 0x000000008c400000, 0x000000008c400000|
|  43|0x000000008c500000, 0x000000008c500000, 0x000000008c600000|  0%| F|  |TS  0|AC  0|TAMS 0x000000008c500000, 0x000000008c500000|
|  44|0x000000008c600000, 0x000000008c600000, 0x000000008c700000|  0%| F|  |TS  0|AC  0|TAMS 0x000000008c600000, 0x000000008c600000|
|  45|0x000000008c700000, 0x000000008c700000, 0x000000008c800000|  0%| F|  |TS  0|AC  0|TAMS 0x000000008c700000, 0x000000008c700000|
|  46|0x000000008c800000, 0x000000008c800000, 0x000000008c900000|  0%| F|  |TS  0|AC  0|TAMS 0x000000008c800000, 0x000000008c800000|
|  47|0x000000008c900000, 0x000000008c900000, 0x000000008ca00000|  0%| F|  |TS  0|AC  0|TAMS 0x000000008c900000, 0x000000008c900000|
|  48|0x000000008ca00000, 0x000000008ca00000, 0x000000008cb00000|  0%| F|  |TS  0|AC  0|TAMS 0x000000008ca00000, 0x000000008ca00000|
|  49|0x000000008cb00000, 0x000000008cb00000, 0x000000008cc00000|  0%| F|  |TS  0|AC  0|TAMS 0x000000008cb00000, 0x000000008cb00000|
|  50|0x000000008cc00000, 0x000000008cc00000, 0x000000008cd00000|  0%| F|  |TS  0|AC  0|TAMS 0x000000008cc00000, 0x000000008cc00000|
|  51|0x000000008cd00000, 0x000000008cd00000, 0x000000008ce00000|  0%| F|  |TS  0|AC  0|TAMS 0x000000008cd00000, 0x000000008cd00000|
|  52|0x000000008ce00000, 0x000000008ce00000, 0x000000008cf00000|  0%| F|  |TS  0|AC  0|TAMS 0x000000008ce00000, 0x000000008ce00000|
|  53|0x000000008cf00000, 0x000000008cf00000, 0x000000008d000000|  0%| F|  |TS  0|AC  0|TAMS 0x000000008cf00000, 0x000000008cf00000|
|  54|0x000000008d000000, 0x000000008d000000, 0x000000008d100000|  0%| F|  |TS  0|AC  0|TAMS 0x000000008d000000, 0x000000008d000000|
|  55|0x000000008d100000, 0x000000008d100000, 0x000000008d200000|  0%| F|  |TS  0|AC  0|TAMS 0x000000008d100000, 0x000000008d100000|
|  56|0x000000008d200000, 0x000000008d200000, 0x000000008d300000|  0%| F|  |TS  0|AC  0|TAMS 0x000000008d200000, 0x000000008d200000|
|  57|0x000000008d300000, 0x000000008d300000, 0x000000008d400000|  0%| F|  |TS  0|AC  0|TAMS 0x000000008d300000, 0x000000008d300000|
|  58|0x000000008d400000, 0x000000008d400000, 0x000000008d500000|  0%| F|  |TS  0|AC  0|TAMS 0x000000008d400000, 0x000000008d400000|
|  59|0x000000008d500000, 0x000000008d500000, 0x000000008d600000|  0%| F|  |TS  0|AC  0|TAMS 0x000000008d500000, 0x000000008d500000|
|  60|0x000000008d600000, 0x000000008d600000, 0x000000008d700000|  0%| F|  |TS  0|AC  0|TAMS 0x000000008d600000, 0x000000008d600000|
|  61|0x000000008d700000, 0x000000008d700000, 0x000000008d800000|  0%| F|  |TS  0|AC  0|TAMS 0x000000008d700000, 0x000000008d700000|
|  62|0x000000008d800000, 0x000000008d800000, 0x000000008d900000|  0%| F|  |TS  0|AC  0|TAMS 0x000000008d800000, 0x000000008d800000|
|  63|0x000000008d900000, 0x000000008d900000, 0x000000008da00000|  0%| F|  |TS  0|AC  0|TAMS 0x000000008d900000, 0x000000008d900000|
|  64|0x000000008da00000, 0x000000008da00000, 0x000000008db00000|  0%| F|  |TS  0|AC  0|TAMS 0x000000008da00000, 0x000000008da00000|
|  65|0x000000008db00000, 0x000000008db00000, 0x000000008dc00000|  0%| F|  |TS  0|AC  0|TAMS 0x000000008db00000, 0x000000008db00000|
|  66|0x000000008dc00000, 0x000000008dc00000, 0x000000008dd00000|  0%| F|  |TS  0|AC  0|TAMS 0x000000008dc00000, 0x000000008dc00000|
|  67|0x000000008dd00000, 0x000000008dd00000, 0x000000008de00000|  0%| F|  |TS  0|AC  0|TAMS 0x000000008dd00000, 0x000000008dd00000|
|  68|0x000000008de00000, 0x000000008de00000, 0x000000008df00000|  0%| F|  |TS  0|AC  0|TAMS 0x000000008de00000, 0x000000008de00000|
|  69|0x000000008df00000, 0x000000008df00000, 0x000000008e000000|  0%| F|  |TS  0|AC  0|TAMS 0x000000008df00000, 0x000000008df00000|
|  70|0x000000008e000000, 0x000000008e000000, 0x000000008e100000|  0%| F|  |TS  0|AC  0|TAMS 0x000000008e000000, 0x000000008e000000|
|  71|0x000000008e100000, 0x000000008e100000, 0x000000008e200000|  0%| F|  |TS  0|AC  0|TAMS 0x000000008e100000, 0x000000008e100000|
|  72|0x000000008e200000, 0x000000008e200000, 0x000000008e300000|  0%| F|  |TS  0|AC  0|TAMS 0x000000008e200000, 0x000000008e200000|
|  73|0x000000008e300000, 0x000000008e300000, 0x000000008e400000|  0%| F|  |TS  0|AC  0|TAMS 0x000000008e300000, 0x000000008e300000|
|  74|0x000000008e400000, 0x000000008e400000, 0x000000008e500000|  0%| F|  |TS  0|AC  0|TAMS 0x000000008e400000, 0x000000008e400000|
|  75|0x000000008e500000, 0x000000008e500000, 0x000000008e600000|  0%| F|  |TS  0|AC  0|TAMS 0x000000008e500000, 0x000000008e500000|
|  76|0x000000008e600000, 0x000000008e600000, 0x000000008e700000|  0%| F|  |TS  0|AC  0|TAMS 0x000000008e600000, 0x000000008e600000|
|  77|0x000000008e700000, 0x000000008e700000, 0x000000008e800000|  0%| F|  |TS  0|AC  0|TAMS 0x000000008e700000, 0x000000008e700000|
|  78|0x000000008e800000, 0x000000008e800000, 0x000000008e900000|  0%| F|  |TS  0|AC  0|TAMS 0x000000008e800000, 0x000000008e800000|
|  79|0x000000008e900000, 0x000000008e900000, 0x000000008ea00000|  0%| F|  |TS  0|AC  0|TAMS 0x000000008e900000, 0x000000008e900000|
|  80|0x000000008ea00000, 0x000000008ea00000, 0x000000008eb00000|  0%| F|  |TS  0|AC  0|TAMS 0x000000008ea00000, 0x000000008ea00000|
|  81|0x000000008eb00000, 0x000000008eb00000, 0x000000008ec00000|  0%| F|  |TS  0|AC  0|TAMS 0x000000008eb00000, 0x000000008eb00000|
|  82|0x000000008ec00000, 0x000000008ec00000, 0x000000008ed00000|  0%| F|  |TS  0|AC  0|TAMS 0x000000008ec00000, 0x000000008ec00000|
|  83|0x000000008ed00000, 0x000000008ed00000, 0x000000008ee00000|  0%| F|  |TS  0|AC  0|TAMS 0x000000008ed00000, 0x000000008ed00000|
|  84|0x000000008ee00000, 0x000000008ee00000, 0x000000008ef00000|  0%| F|  |TS  0|AC  0|TAMS 0x000000008ee00000, 0x000000008ee00000|
|  85|0x000000008ef00000, 0x000000008ef00000, 0x000000008f000000|  0%| F|  |TS  0|AC  0|TAMS 0x000000008ef00000, 0x000000008ef00000|
|  86|0x000000008f000000, 0x000000008f000000, 0x000000008f100000|  0%| F|  |TS  0|AC  0|TAMS 0x000000008f000000, 0x000000008f000000|
|  87|0x000000008f100000, 0x000000008f100000, 0x000000008f200000|  0%| F|  |TS  0|AC  0|TAMS 0x000000008f100000, 0x000000008f100000|
|  88|0x000000008f200000, 0x000000008f200000, 0x000000008f300000|  0%| F|  |TS  0|AC  0|TAMS 0x000000008f200000, 0x000000008f200000|
|  89|0x000000008f300000, 0x000000008f300000, 0x000000008f400000|  0%| F|  |TS  0|AC  0|TAMS 0x000000008f300000, 0x000000008f300000|
|  90|0x000000008f400000, 0x000000008f400000, 0x000000008f500000|  0%| F|  |TS  0|AC  0|TAMS 0x000000008f400000, 0x000000008f400000|
|  91|0x000000008f500000, 0x000000008f500000, 0x000000008f600000|  0%| F|  |TS  0|AC  0|TAMS 0x000000008f500000, 0x000000008f500000|
|  92|0x000000008f600000, 0x000000008f600000, 0x000000008f700000|  0%| F|  |TS  0|AC  0|TAMS 0x000000008f600000, 0x000000008f600000|
|  93|0x000000008f700000, 0x000000008f700000, 0x000000008f800000|  0%| F|  |TS  0|AC  0|TAMS 0x000000008f700000, 0x000000008f700000|
|  94|0x000000008f800000, 0x000000008f800000, 0x000000008f900000|  0%| F|  |TS  0|AC  0|TAMS 0x000000008f800000, 0x000000008f800000|
|  95|0x000000008f900000, 0x000000008f900000, 0x000000008fa00000|  0%| F|  |TS  0|AC  0|TAMS 0x000000008f900000, 0x000000008f900000|
|  96|0x000000008fa00000, 0x000000008fa00000, 0x000000008fb00000|  0%| F|  |TS  0|AC  0|TAMS 0x000000008fa00000, 0x000000008fa00000|
|  97|0x000000008fb00000, 0x000000008fb00000, 0x000000008fc00000|  0%| F|  |TS  0|AC  0|TAMS 0x000000008fb00000, 0x000000008fb00000|
|  98|0x000000008fc00000, 0x000000008fc00000, 0x000000008fd00000|  0%| F|  |TS  0|AC  0|TAMS 0x000000008fc00000, 0x000000008fc00000|
|  99|0x000000008fd00000, 0x000000008fd00000, 0x000000008fe00000|  0%| F|  |TS  0|AC  0|TAMS 0x000000008fd00000, 0x000000008fd00000|
| 100|0x000000008fe00000, 0x000000008fe00000, 0x000000008ff00000|  0%| F|  |TS  0|AC  0|TAMS 0x000000008fe00000, 0x000000008fe00000|
| 101|0x000000008ff00000, 0x000000008ff00000, 0x0000000090000000|  0%| F|  |TS  0|AC  0|TAMS 0x000000008ff00000, 0x000000008ff00000|
| 102|0x0000000090000000, 0x0000000090000000, 0x0000000090100000|  0%| F|  |TS  0|AC  0|TAMS 0x0000000090000000, 0x0000000090000000|
| 103|0x0000000090100000, 0x0000000090100000, 0x0000000090200000|  0%| F|  |TS  0|AC  0|TAMS 0x0000000090100000, 0x0000000090100000|
| 104|0x0000000090200000, 0x0000000090200000, 0x0000000090300000|  0%| F|  |TS  0|AC  0|TAMS 0x0000000090200000, 0x0000000090200000|
| 105|0x0000000090300000, 0x0000000090300000, 0x0000000090400000|  0%| F|  |TS  0|AC  0|TAMS 0x0000000090300000, 0x0000000090300000|
| 106|0x0000000090400000, 0x0000000090400000, 0x0000000090500000|  0%| F|  |TS  0|AC  0|TAMS 0x0000000090400000, 0x0000000090400000|
| 107|0x0000000090500000, 0x0000000090500000, 0x0000000090600000|  0%| F|  |TS  0|AC  0|TAMS 0x0000000090500000, 0x0000000090500000|
| 108|0x0000000090600000, 0x0000000090600000, 0x0000000090700000|  0%| F|  |TS  0|AC  0|TAMS 0x0000000090600000, 0x0000000090600000|
| 109|0x0000000090700000, 0x0000000090700000, 0x0000000090800000|  0%| F|  |TS  0|AC  0|TAMS 0x0000000090700000, 0x0000000090700000|
| 110|0x0000000090800000, 0x0000000090800000, 0x0000000090900000|  0%| F|  |TS  0|AC  0|TAMS 0x0000000090800000, 0x0000000090800000|
| 111|0x0000000090900000, 0x0000000090900000, 0x0000000090a00000|  0%| F|  |TS  0|AC  0|TAMS 0x0000000090900000, 0x0000000090900000|
| 112|0x0000000090a00000, 0x0000000090a00000, 0x0000000090b00000|  0%| F|  |TS  0|AC  0|TAMS 0x0000000090a00000, 0x0000000090a00000|
| 113|0x0000000090b00000, 0x0000000090b00000, 0x0000000090c00000|  0%| F|  |TS  0|AC  0|TAMS 0x0000000090b00000, 0x0000000090b00000|
| 114|0x0000000090c00000, 0x0000000090c00000, 0x0000000090d00000|  0%| F|  |TS  0|AC  0|TAMS 0x0000000090c00000, 0x0000000090c00000|
| 115|0x0000000090d00000, 0x0000000090d27780, 0x0000000090e00000| 15%| E|  |TS  0|AC  0|TAMS 0x0000000090d00000, 0x0000000090d00000|
| 116|0x0000000090e00000, 0x0000000090f00000, 0x0000000090f00000|100%| E|CS|TS  0|AC  0|TAMS 0x0000000090e00000, 0x0000000090e00000|
| 117|0x0000000090f00000, 0x0000000091000000, 0x0000000091000000|100%| E|CS|TS  0|AC  0|TAMS 0x0000000090f00000, 0x0000000090f00000|
| 118|0x0000000091000000, 0x0000000091100000, 0x0000000091100000|100%| E|CS|TS  0|AC  0|TAMS 0x0000000091000000, 0x0000000091000000|
| 119|0x0000000091100000, 0x0000000091200000, 0x0000000091200000|100%| E|CS|TS  0|AC  0|TAMS 0x0000000091100000, 0x0000000091100000|

Card table byte_map: [0x00007f4eb14c5000,0x00007f4eb1878000] byte_map_base: 0x00007f4eb1078000

Marking Bits (Prev, Next): (CMBitMap*) 0x00007f4eac0518a0, (CMBitMap*) 0x00007f4eac0518d8
 Prev Bits: [0x00007f4e91d8d000, 0x00007f4e93b25000)
 Next Bits: [0x00007f4e8a268000, 0x00007f4e8c000000)

Polling page: 0x00007f4eb612c000

CodeHeap 'non-profiled nmethods': size=120036Kb used=121Kb max_used=121Kb free=119914Kb
 bounds [0x00007f4e9b5ec000, 0x00007f4e9b85c000, 0x00007f4ea2b25000]
CodeHeap 'profiled nmethods': size=120032Kb used=531Kb max_used=531Kb free=119500Kb
 bounds [0x00007f4e940b4000, 0x00007f4e94324000, 0x00007f4e9b5ec000]
CodeHeap 'non-nmethods': size=5692Kb used=1051Kb max_used=1067Kb free=4641Kb
 bounds [0x00007f4e93b25000, 0x00007f4e93d95000, 0x00007f4e940b4000]
 total_blobs=830 nmethods=374 adapters=273
 compilation: enabled

Compilation events (10 events):
Event: 0.781 Thread 0x00007f4eac166000  323       4       java.lang.StringLatin1::indexOf (121 bytes)
Event: 0.794 Thread 0x00007f4eac166000 nmethod 323 0x00007f4e9b609510 code [0x00007f4e9b6096c0, 0x00007f4e9b609b18]
Event: 0.794 Thread 0x00007f4eac166000  370       4       java.lang.Math::min (11 bytes)
Event: 0.795 Thread 0x00007f4eac166000 nmethod 370 0x00007f4e9b609d90 code [0x00007f4e9b609f20, 0x00007f4e9b609f58]
Event: 0.840 Thread 0x00007f4eac168000  372       1       java.net.URL::getUserInfo (5 bytes)
Event: 0.840 Thread 0x00007f4eac168000 nmethod 372 0x00007f4e9b60a010 code [0x00007f4e9b60a1c0, 0x00007f4e9b60a2d0]
Event: 0.841 Thread 0x00007f4eac168000  373       3       java.lang.Enum::<init> (15 bytes)
Event: 0.841 Thread 0x00007f4eac168000 nmethod 373 0x00007f4e94138810 code [0x00007f4e941389c0, 0x00007f4e94138bd0]
Event: 0.846 Thread 0x00007f4eac168000  374       1       java.security.CodeSource::getLocation (5 bytes)
Event: 0.846 Thread 0x00007f4eac168000 nmethod 374 0x00007f4e9b60a310 code [0x00007f4e9b60a4c0, 0x00007f4e9b60a5d0]

GC Heap History (0 events):
No events

Deoptimization events (2 events):
Event: 0.352 Thread 0x00007f4eac012800 Uncommon trap: reason=unstable_if action=reinterpret pc=0x00007f4e9b5efb6c method=java.lang.String.hashCode()I @ 14 c2
Event: 0.559 Thread 0x00007f4eac012800 Uncommon trap: reason=unstable_if action=reinterpret pc=0x00007f4e9b5f5514 method=java.util.HashMap.putVal(ILjava/lang/Object;Ljava/lang/Object;ZZ)Ljava/lang/Object; @ 69 c2

Classes redefined (0 events):
No events

Internal exceptions (9 events):
Event: 0.615 Thread 0x00007f4eac012800 Exception <a 'java/lang/NoSuchMethodError'{0x0000000090fed1b0}: method resolution failed> (0x0000000090fed1b0) thrown at [/build/openjdk-lts-HXybSI/openjdk-lts-10.0.2+13/src/hotspot/share/prims/methodHandles.cpp, line 1226]
Event: 0.615 Thread 0x00007f4eac012800 Exception <a 'java/lang/NoSuchMethodError'{0x0000000090ff0990}: java.lang.invoke.DirectMethodHandle$Holder.invokeStaticInit(Ljava/lang/Object;Ljava/lang/Object;JLjava/lang/Object;)Ljava/lang/Object;> (0x0000000090ff0990) thrown at [/build/openjdk-lts-HXyb
Event: 0.616 Thread 0x00007f4eac012800 Exception <a 'java/lang/NoSuchMethodError'{0x0000000090ff6ba8}: method resolution failed> (0x0000000090ff6ba8) thrown at [/build/openjdk-lts-HXybSI/openjdk-lts-10.0.2+13/src/hotspot/share/prims/methodHandles.cpp, line 1226]
Event: 0.618 Thread 0x00007f4eac012800 Exception <a 'java/lang/NoSuchMethodError'{0x0000000090ffa550}: method resolution failed> (0x0000000090ffa550) thrown at [/build/openjdk-lts-HXybSI/openjdk-lts-10.0.2+13/src/hotspot/share/prims/methodHandles.cpp, line 1226]
Event: 0.629 Thread 0x00007f4eac012800 Exception <a 'java/lang/NoSuchMethodError'{0x0000000090e05970}: java.lang.invoke.DirectMethodHandle$Holder.invokeStatic(Ljava/lang/Object;Ljava/lang/Object;Ljava/lang/Object;I)Ljava/lang/Object;> (0x0000000090e05970) thrown at [/build/openjdk-lts-HXybSI/o
Event: 0.630 Thread 0x00007f4eac012800 Exception <a 'java/lang/NoSuchMethodError'{0x0000000090e09830}: java.lang.invoke.DirectMethodHandle$Holder.invokeSpecial(Ljava/lang/Object;Ljava/lang/Object;Ljava/lang/Object;Ljava/lang/Object;I)Ljava/lang/Object;> (0x0000000090e09830) thrown at [/build/o
Event: 0.698 Thread 0x00007f4eac012800 Exception <a 'java/lang/NoSuchMethodError'{0x0000000090e9af38}: method resolution failed> (0x0000000090e9af38) thrown at [/build/openjdk-lts-HXybSI/openjdk-lts-10.0.2+13/src/hotspot/share/prims/methodHandles.cpp, line 1226]
Event: 0.706 Thread 0x00007f4eac012800 Exception <a 'java/lang/NoSuchMethodError'{0x0000000090ea8ca0}: java.lang.invoke.DirectMethodHandle$Holder.invokeStatic(Ljava/lang/Object;Ljava/lang/Object;)I> (0x0000000090ea8ca0) thrown at [/build/openjdk-lts-HXybSI/openjdk-lts-10.0.2+13/src/hotspot/sha
Event: 0.719 Thread 0x00007f4eac012800 Exception <a 'java/lang/NoSuchMethodError'{0x0000000090eb5e50}: java.lang.Object.of([Ljava/lang/Object;)Ljava/util/stream/Stream;> (0x0000000090eb5e50) thrown at [/build/openjdk-lts-HXybSI/openjdk-lts-10.0.2+13/src/hotspot/share/interpreter/linkResolver.c

Events (10 events):
Event: 0.771 loading class com/sun/jna/WeakMemoryHolder
Event: 0.771 loading class com/sun/jna/WeakMemoryHolder done
Event: 0.839 loading class com/sun/jna/Function$PostCallRead
Event: 0.839 loading class com/sun/jna/Function$PostCallRead done
Event: 0.839 loading class Enums/PWRET
Event: 0.839 loading class Enums/PWRET done
Event: 0.841 loading class Enums/PWOPER
Event: 0.841 loading class Enums/PWOPER done
Event: 0.846 loading class Enums/PWINFO
Event: 0.846 loading class Enums/PWINFO done


Dynamic libraries:
89a00000-91200000 rw-p 00000000 00:00 0 
91200000-100000000 ---p 00000000 00:00 0 
100000000-1000e0000 rw-p 00000000 00:00 0 
1000e0000-140000000 ---p 00000000 00:00 0 
5568344e1000-5568344e2000 r-xp 00000000 08:05 917507                     /usr/lib/jvm/java-11-openjdk-amd64/bin/java
5568346e2000-5568346e3000 r--p 00001000 08:05 917507                     /usr/lib/jvm/java-11-openjdk-amd64/bin/java
5568346e3000-5568346e4000 rw-p 00002000 08:05 917507                     /usr/lib/jvm/java-11-openjdk-amd64/bin/java
556835c30000-556835c51000 rw-p 00000000 00:00 0                          [heap]
7f4e50000000-7f4e50029000 rw-p 00000000 00:00 0 
7f4e50029000-7f4e54000000 ---p 00000000 00:00 0 
7f4e575f5000-7f4e57679000 r-xp 00000000 08:05 2232968                    /home/thiago/Área de Trabalho/Automacao_PGWebLibC/src/main/java/libPGWebLib.so
7f4e57679000-7f4e57879000 ---p 00084000 08:05 2232968                    /home/thiago/Área de Trabalho/Automacao_PGWebLibC/src/main/java/libPGWebLib.so
7f4e57879000-7f4e5787a000 r--p 00084000 08:05 2232968                    /home/thiago/Área de Trabalho/Automacao_PGWebLibC/src/main/java/libPGWebLib.so
7f4e5787a000-7f4e5787e000 rw-p 00085000 08:05 2232968                    /home/thiago/Área de Trabalho/Automacao_PGWebLibC/src/main/java/libPGWebLib.so
7f4e5787e000-7f4e58000000 rw-p 00000000 00:00 0 
7f4e58000000-7f4e581e8000 rw-p 00000000 00:00 0 
7f4e581e8000-7f4e5c000000 ---p 00000000 00:00 0 
7f4e5c000000-7f4e5c25f000 rw-p 00000000 00:00 0 
7f4e5c25f000-7f4e60000000 ---p 00000000 00:00 0 
7f4e60000000-7f4e60021000 rw-p 00000000 00:00 0 
7f4e60021000-7f4e64000000 ---p 00000000 00:00 0 
7f4e64000000-7f4e64021000 rw-p 00000000 00:00 0 
7f4e64021000-7f4e68000000 ---p 00000000 00:00 0 
7f4e68000000-7f4e68021000 rw-p 00000000 00:00 0 
7f4e68021000-7f4e6c000000 ---p 00000000 00:00 0 
7f4e6c000000-7f4e6c021000 rw-p 00000000 00:00 0 
7f4e6c021000-7f4e70000000 ---p 00000000 00:00 0 
7f4e70000000-7f4e70021000 rw-p 00000000 00:00 0 
7f4e70021000-7f4e74000000 ---p 00000000 00:00 0 
7f4e74000000-7f4e74021000 rw-p 00000000 00:00 0 
7f4e74021000-7f4e78000000 ---p 00000000 00:00 0 
7f4e78000000-7f4e78021000 rw-p 00000000 00:00 0 
7f4e78021000-7f4e7c000000 ---p 00000000 00:00 0 
7f4e7c000000-7f4e7c021000 rw-p 00000000 00:00 0 
7f4e7c021000-7f4e80000000 ---p 00000000 00:00 0 
7f4e80000000-7f4e80021000 rw-p 00000000 00:00 0 
7f4e80021000-7f4e84000000 ---p 00000000 00:00 0 
7f4e84000000-7f4e84021000 rw-p 00000000 00:00 0 
7f4e84021000-7f4e88000000 ---p 00000000 00:00 0 
7f4e88268000-7f4e8a448000 rw-p 00000000 00:00 0 
7f4e8a448000-7f4e8c000000 ---p 00000000 00:00 0 
7f4e8c000000-7f4e8c021000 rw-p 00000000 00:00 0 
7f4e8c021000-7f4e90000000 ---p 00000000 00:00 0 
7f4e901b2000-7f4e903cb000 r-xp 00000000 08:05 7082683                    /usr/lib/x86_64-linux-gnu/libcrypto.so.1.0.0
7f4e903cb000-7f4e905ca000 ---p 00219000 08:05 7082683                    /usr/lib/x86_64-linux-gnu/libcrypto.so.1.0.0
7f4e905ca000-7f4e905e6000 r--p 00218000 08:05 7082683                    /usr/lib/x86_64-linux-gnu/libcrypto.so.1.0.0
7f4e905e6000-7f4e905f2000 rw-p 00234000 08:05 7082683                    /usr/lib/x86_64-linux-gnu/libcrypto.so.1.0.0
7f4e905f2000-7f4e905f5000 rw-p 00000000 00:00 0 
7f4e905f5000-7f4e90653000 r-xp 00000000 08:05 7082684                    /usr/lib/x86_64-linux-gnu/libssl.so.1.0.0
7f4e90653000-7f4e90853000 ---p 0005e000 08:05 7082684                    /usr/lib/x86_64-linux-gnu/libssl.so.1.0.0
7f4e90853000-7f4e90857000 r--p 0005e000 08:05 7082684                    /usr/lib/x86_64-linux-gnu/libssl.so.1.0.0
7f4e90857000-7f4e9085d000 rw-p 00062000 08:05 7082684                    /usr/lib/x86_64-linux-gnu/libssl.so.1.0.0
7f4e9085d000-7f4e90875000 r-xp 00000000 08:05 3674390                    /home/thiago/.cache/JNA/temp/jna1356989202508969338.tmp (deleted)
7f4e90875000-7f4e90a75000 ---p 00018000 08:05 3674390                    /home/thiago/.cache/JNA/temp/jna1356989202508969338.tmp (deleted)
7f4e90a75000-7f4e90a76000 rw-p 00018000 08:05 3674390                    /home/thiago/.cache/JNA/temp/jna1356989202508969338.tmp (deleted)
7f4e90a76000-7f4e90a77000 r-xp 00000000 08:05 917762                     /usr/lib/jvm/java-11-openjdk-amd64/lib/libextnet.so
7f4e90a77000-7f4e90c76000 ---p 00001000 08:05 917762                     /usr/lib/jvm/java-11-openjdk-amd64/lib/libextnet.so
7f4e90c76000-7f4e90c77000 r--p 00000000 08:05 917762                     /usr/lib/jvm/java-11-openjdk-amd64/lib/libextnet.so
7f4e90c77000-7f4e90c78000 rw-p 00001000 08:05 917762                     /usr/lib/jvm/java-11-openjdk-amd64/lib/libextnet.so
7f4e90c78000-7f4e90c79000 ---p 00000000 00:00 0 
7f4e90c79000-7f4e90d7a000 rw-p 00000000 00:00 0 
7f4e90d7a000-7f4e90d7e000 ---p 00000000 00:00 0 
7f4e90d7e000-7f4e90e7b000 rw-p 00000000 00:00 0 
7f4e90e7b000-7f4e90e7f000 ---p 00000000 00:00 0 
7f4e90e7f000-7f4e90f7c000 rw-p 00000000 00:00 0 
7f4e90f7c000-7f4e90f93000 r-xp 00000000 08:05 917781                     /usr/lib/jvm/java-11-openjdk-amd64/lib/libnet.so
7f4e90f93000-7f4e91192000 ---p 00017000 08:05 917781                     /usr/lib/jvm/java-11-openjdk-amd64/lib/libnet.so
7f4e91192000-7f4e91193000 r--p 00016000 08:05 917781                     /usr/lib/jvm/java-11-openjdk-amd64/lib/libnet.so
7f4e91193000-7f4e91194000 rw-p 00017000 08:05 917781                     /usr/lib/jvm/java-11-openjdk-amd64/lib/libnet.so
7f4e91194000-7f4e911a5000 r-xp 00000000 08:05 917782                     /usr/lib/jvm/java-11-openjdk-amd64/lib/libnio.so
7f4e911a5000-7f4e913a4000 ---p 00011000 08:05 917782                     /usr/lib/jvm/java-11-openjdk-amd64/lib/libnio.so
7f4e913a4000-7f4e913a5000 r--p 00010000 08:05 917782                     /usr/lib/jvm/java-11-openjdk-amd64/lib/libnio.so
7f4e913a5000-7f4e913a6000 rw-p 00011000 08:05 917782                     /usr/lib/jvm/java-11-openjdk-amd64/lib/libnio.so
7f4e913a6000-7f4e913aa000 ---p 00000000 00:00 0 
7f4e913aa000-7f4e914a7000 rw-p 00000000 00:00 0 
7f4e914a7000-7f4e914ab000 ---p 00000000 00:00 0 
7f4e914ab000-7f4e915a8000 rw-p 00000000 00:00 0 
7f4e915a8000-7f4e915ac000 ---p 00000000 00:00 0 
7f4e915ac000-7f4e916a9000 rw-p 00000000 00:00 0 
7f4e916a9000-7f4e916ad000 ---p 00000000 00:00 0 
7f4e916ad000-7f4e917aa000 rw-p 00000000 00:00 0 
7f4e917aa000-7f4e917ae000 ---p 00000000 00:00 0 
7f4e917ae000-7f4e918ab000 rw-p 00000000 00:00 0 
7f4e918ab000-7f4e91b8b000 r--p 00000000 08:05 7080699                    /usr/lib/locale/locale-archive
7f4e91b8b000-7f4e91b8f000 ---p 00000000 00:00 0 
7f4e91b8f000-7f4e91c8c000 rw-p 00000000 00:00 0 
7f4e91c8c000-7f4e91c90000 ---p 00000000 00:00 0 
7f4e91c90000-7f4e91f6d000 rw-p 00000000 00:00 0 
7f4e91f6d000-7f4e93b25000 ---p 00000000 00:00 0 
7f4e93b25000-7f4e93d95000 rwxp 00000000 00:00 0 
7f4e93d95000-7f4e940b4000 ---p 00000000 00:00 0 
7f4e940b4000-7f4e94324000 rwxp 00000000 00:00 0 
7f4e94324000-7f4e9b5ec000 ---p 00000000 00:00 0 
7f4e9b5ec000-7f4e9b85c000 rwxp 00000000 00:00 0 
7f4e9b85c000-7f4ea2b25000 ---p 00000000 00:00 0 
7f4ea2b25000-7f4eac000000 r--s 00000000 08:05 917791                     /usr/lib/jvm/java-11-openjdk-amd64/lib/modules
7f4eac000000-7f4eac317000 rw-p 00000000 00:00 0 
7f4eac317000-7f4eb0000000 ---p 00000000 00:00 0 
7f4eb0006000-7f4eb000d000 r--s 00000000 08:05 7345540                    /usr/lib/x86_64-linux-gnu/gconv/gconv-modules.cache
7f4eb000d000-7f4eb0033000 r--p 00000000 08:05 8400848                    /usr/share/locale-langpack/pt_BR/LC_MESSAGES/libc.mo
7f4eb0033000-7f4eb0034000 ---p 00000000 00:00 0 
7f4eb0034000-7f4eb09c6000 rw-p 00000000 00:00 0 
7f4eb09c6000-7f4eb0a06000 ---p 00000000 00:00 0 
7f4eb0a06000-7f4eb0a07000 ---p 00000000 00:00 0 
7f4eb0a07000-7f4eb0b08000 rw-p 00000000 00:00 0 
7f4eb0b08000-7f4eb0b09000 ---p 00000000 00:00 0 
7f4eb0b09000-7f4eb0c0a000 rw-p 00000000 00:00 0 
7f4eb0c0a000-7f4eb0c0b000 ---p 00000000 00:00 0 
7f4eb0c0b000-7f4eb0f0e000 rw-p 00000000 00:00 0 
7f4eb0f0e000-7f4eb0f0f000 ---p 00000000 00:00 0 
7f4eb0f0f000-7f4eb1010000 rw-p 00000000 00:00 0 
7f4eb1010000-7f4eb1011000 ---p 00000000 00:00 0 
7f4eb1011000-7f4eb114e000 rw-p 00000000 00:00 0 
7f4eb114e000-7f4eb14c5000 ---p 00000000 00:00 0 
7f4eb14c5000-7f4eb1501000 rw-p 00000000 00:00 0 
7f4eb1501000-7f4eb1878000 ---p 00000000 00:00 0 
7f4eb1878000-7f4eb18b4000 rw-p 00000000 00:00 0 
7f4eb18b4000-7f4eb1c2b000 ---p 00000000 00:00 0 
7f4eb1c2b000-7f4eb1e2d000 rw-p 00000000 00:00 0 
7f4eb1e2d000-7f4eb1e2e000 ---p 00000000 00:00 0 
7f4eb1e2e000-7f4eb1f2f000 rw-p 00000000 00:00 0 
7f4eb1f2f000-7f4eb1f30000 ---p 00000000 00:00 0 
7f4eb1f30000-7f4eb2036000 rw-p 00000000 00:00 0 
7f4eb2036000-7f4eb211c000 ---p 00000000 00:00 0 
7f4eb211c000-7f4eb2121000 rw-p 00000000 00:00 0 
7f4eb2121000-7f4eb2207000 ---p 00000000 00:00 0 
7f4eb2207000-7f4eb220c000 r-xp 00000000 08:05 917773                     /usr/lib/jvm/java-11-openjdk-amd64/lib/libjimage.so
7f4eb220c000-7f4eb240b000 ---p 00005000 08:05 917773                     /usr/lib/jvm/java-11-openjdk-amd64/lib/libjimage.so
7f4eb240b000-7f4eb240c000 r--p 00004000 08:05 917773                     /usr/lib/jvm/java-11-openjdk-amd64/lib/libjimage.so
7f4eb240c000-7f4eb240d000 rw-p 00005000 08:05 917773                     /usr/lib/jvm/java-11-openjdk-amd64/lib/libjimage.so
7f4eb240d000-7f4eb2414000 r-xp 00000000 08:05 917790                     /usr/lib/jvm/java-11-openjdk-amd64/lib/libzip.so
7f4eb2414000-7f4eb2613000 ---p 00007000 08:05 917790                     /usr/lib/jvm/java-11-openjdk-amd64/lib/libzip.so
7f4eb2613000-7f4eb2614000 r--p 00006000 08:05 917790                     /usr/lib/jvm/java-11-openjdk-amd64/lib/libzip.so
7f4eb2614000-7f4eb2615000 rw-p 00007000 08:05 917790                     /usr/lib/jvm/java-11-openjdk-amd64/lib/libzip.so
7f4eb2615000-7f4eb2620000 r-xp 00000000 08:05 8131114                    /lib/x86_64-linux-gnu/libnss_files-2.27.so
7f4eb2620000-7f4eb281f000 ---p 0000b000 08:05 8131114                    /lib/x86_64-linux-gnu/libnss_files-2.27.so
7f4eb281f000-7f4eb2820000 r--p 0000a000 08:05 8131114                    /lib/x86_64-linux-gnu/libnss_files-2.27.so
7f4eb2820000-7f4eb2821000 rw-p 0000b000 08:05 8131114                    /lib/x86_64-linux-gnu/libnss_files-2.27.so
7f4eb2821000-7f4eb2827000 rw-p 00000000 00:00 0 
7f4eb2827000-7f4eb283e000 r-xp 00000000 08:05 8131107                    /lib/x86_64-linux-gnu/libnsl-2.27.so
7f4eb283e000-7f4eb2a3d000 ---p 00017000 08:05 8131107                    /lib/x86_64-linux-gnu/libnsl-2.27.so
7f4eb2a3d000-7f4eb2a3e000 r--p 00016000 08:05 8131107                    /lib/x86_64-linux-gnu/libnsl-2.27.so
7f4eb2a3e000-7f4eb2a3f000 rw-p 00017000 08:05 8131107                    /lib/x86_64-linux-gnu/libnsl-2.27.so
7f4eb2a3f000-7f4eb2a41000 rw-p 00000000 00:00 0 
7f4eb2a41000-7f4eb2a4c000 r-xp 00000000 08:05 8131130                    /lib/x86_64-linux-gnu/libnss_nis-2.27.so
7f4eb2a4c000-7f4eb2c4b000 ---p 0000b000 08:05 8131130                    /lib/x86_64-linux-gnu/libnss_nis-2.27.so
7f4eb2c4b000-7f4eb2c4c000 r--p 0000a000 08:05 8131130                    /lib/x86_64-linux-gnu/libnss_nis-2.27.so
7f4eb2c4c000-7f4eb2c4d000 rw-p 0000b000 08:05 8131130                    /lib/x86_64-linux-gnu/libnss_nis-2.27.so
7f4eb2c4d000-7f4eb2c55000 r-xp 00000000 08:05 8131108                    /lib/x86_64-linux-gnu/libnss_compat-2.27.so
7f4eb2c55000-7f4eb2e55000 ---p 00008000 08:05 8131108                    /lib/x86_64-linux-gnu/libnss_compat-2.27.so
7f4eb2e55000-7f4eb2e56000 r--p 00008000 08:05 8131108                    /lib/x86_64-linux-gnu/libnss_compat-2.27.so
7f4eb2e56000-7f4eb2e57000 rw-p 00009000 08:05 8131108                    /lib/x86_64-linux-gnu/libnss_compat-2.27.so
7f4eb2e57000-7f4eb2e61000 r-xp 00000000 08:05 917764                     /usr/lib/jvm/java-11-openjdk-amd64/lib/libinstrument.so
7f4eb2e61000-7f4eb3060000 ---p 0000a000 08:05 917764                     /usr/lib/jvm/java-11-openjdk-amd64/lib/libinstrument.so
7f4eb3060000-7f4eb3061000 r--p 00009000 08:05 917764                     /usr/lib/jvm/java-11-openjdk-amd64/lib/libinstrument.so
7f4eb3061000-7f4eb3062000 rw-p 0000a000 08:05 917764                     /usr/lib/jvm/java-11-openjdk-amd64/lib/libinstrument.so
7f4eb3062000-7f4eb308e000 r-xp 00000000 08:05 917769                     /usr/lib/jvm/java-11-openjdk-amd64/lib/libjava.so
7f4eb308e000-7f4eb328d000 ---p 0002c000 08:05 917769                     /usr/lib/jvm/java-11-openjdk-amd64/lib/libjava.so
7f4eb328d000-7f4eb328e000 r--p 0002b000 08:05 917769                     /usr/lib/jvm/java-11-openjdk-amd64/lib/libjava.so
7f4eb328e000-7f4eb3290000 rw-p 0002c000 08:05 917769                     /usr/lib/jvm/java-11-openjdk-amd64/lib/libjava.so
7f4eb3290000-7f4eb329d000 r-xp 00000000 08:05 917789                     /usr/lib/jvm/java-11-openjdk-amd64/lib/libverify.so
7f4eb329d000-7f4eb349c000 ---p 0000d000 08:05 917789                     /usr/lib/jvm/java-11-openjdk-amd64/lib/libverify.so
7f4eb349c000-7f4eb349e000 r--p 0000c000 08:05 917789                     /usr/lib/jvm/java-11-openjdk-amd64/lib/libverify.so
7f4eb349e000-7f4eb349f000 rw-p 0000e000 08:05 917789                     /usr/lib/jvm/java-11-openjdk-amd64/lib/libverify.so
7f4eb349f000-7f4eb34a6000 r-xp 00000000 08:05 8131145                    /lib/x86_64-linux-gnu/librt-2.27.so
7f4eb34a6000-7f4eb36a5000 ---p 00007000 08:05 8131145                    /lib/x86_64-linux-gnu/librt-2.27.so
7f4eb36a5000-7f4eb36a6000 r--p 00006000 08:05 8131145                    /lib/x86_64-linux-gnu/librt-2.27.so
7f4eb36a6000-7f4eb36a7000 rw-p 00007000 08:05 8131145                    /lib/x86_64-linux-gnu/librt-2.27.so
7f4eb36a7000-7f4eb36be000 r-xp 00000000 08:05 8131049                    /lib/x86_64-linux-gnu/libgcc_s.so.1
7f4eb36be000-7f4eb38bd000 ---p 00017000 08:05 8131049                    /lib/x86_64-linux-gnu/libgcc_s.so.1
7f4eb38bd000-7f4eb38be000 r--p 00016000 08:05 8131049                    /lib/x86_64-linux-gnu/libgcc_s.so.1
7f4eb38be000-7f4eb38bf000 rw-p 00017000 08:05 8131049                    /lib/x86_64-linux-gnu/libgcc_s.so.1
7f4eb38bf000-7f4eb3a5c000 r-xp 00000000 08:05 8131047                    /lib/x86_64-linux-gnu/libm-2.27.so
7f4eb3a5c000-7f4eb3c5b000 ---p 0019d000 08:05 8131047                    /lib/x86_64-linux-gnu/libm-2.27.so
7f4eb3c5b000-7f4eb3c5c000 r--p 0019c000 08:05 8131047                    /lib/x86_64-linux-gnu/libm-2.27.so
7f4eb3c5c000-7f4eb3c5d000 rw-p 0019d000 08:05 8131047                    /lib/x86_64-linux-gnu/libm-2.27.so
7f4eb3c5d000-7f4eb3dd6000 r-xp 00000000 08:05 7078159                    /usr/lib/x86_64-linux-gnu/libstdc++.so.6.0.25
7f4eb3dd6000-7f4eb3fd6000 ---p 00179000 08:05 7078159                    /usr/lib/x86_64-linux-gnu/libstdc++.so.6.0.25
7f4eb3fd6000-7f4eb3fe0000 r--p 00179000 08:05 7078159                    /usr/lib/x86_64-linux-gnu/libstdc++.so.6.0.25
7f4eb3fe0000-7f4eb3fe2000 rw-p 00183000 08:05 7078159                    /usr/lib/x86_64-linux-gnu/libstdc++.so.6.0.25
7f4eb3fe2000-7f4eb3fe6000 rw-p 00000000 00:00 0 
7f4eb3fe6000-7f4eb4f83000 r-xp 00000000 08:05 917796                     /usr/lib/jvm/java-11-openjdk-amd64/lib/server/libjvm.so
7f4eb4f83000-7f4eb5183000 ---p 00f9d000 08:05 917796                     /usr/lib/jvm/java-11-openjdk-amd64/lib/server/libjvm.so
7f4eb5183000-7f4eb5247000 r--p 00f9d000 08:05 917796                     /usr/lib/jvm/java-11-openjdk-amd64/lib/server/libjvm.so
7f4eb5247000-7f4eb527f000 rw-p 01061000 08:05 917796                     /usr/lib/jvm/java-11-openjdk-amd64/lib/server/libjvm.so
7f4eb527f000-7f4eb52c8000 rw-p 00000000 00:00 0 
7f4eb52c8000-7f4eb52e2000 r-xp 00000000 08:05 8131135                    /lib/x86_64-linux-gnu/libpthread-2.27.so
7f4eb52e2000-7f4eb54e1000 ---p 0001a000 08:05 8131135                    /lib/x86_64-linux-gnu/libpthread-2.27.so
7f4eb54e1000-7f4eb54e2000 r--p 00019000 08:05 8131135                    /lib/x86_64-linux-gnu/libpthread-2.27.so
7f4eb54e2000-7f4eb54e3000 rw-p 0001a000 08:05 8131135                    /lib/x86_64-linux-gnu/libpthread-2.27.so
7f4eb54e3000-7f4eb54e7000 rw-p 00000000 00:00 0 
7f4eb54e7000-7f4eb54ea000 r-xp 00000000 08:05 8131046                    /lib/x86_64-linux-gnu/libdl-2.27.so
7f4eb54ea000-7f4eb56e9000 ---p 00003000 08:05 8131046                    /lib/x86_64-linux-gnu/libdl-2.27.so
7f4eb56e9000-7f4eb56ea000 r--p 00002000 08:05 8131046                    /lib/x86_64-linux-gnu/libdl-2.27.so
7f4eb56ea000-7f4eb56eb000 rw-p 00003000 08:05 8131046                    /lib/x86_64-linux-gnu/libdl-2.27.so
7f4eb56eb000-7f4eb5707000 r-xp 00000000 08:05 8131219                    /lib/x86_64-linux-gnu/libz.so.1.2.11
7f4eb5707000-7f4eb5906000 ---p 0001c000 08:05 8131219                    /lib/x86_64-linux-gnu/libz.so.1.2.11
7f4eb5906000-7f4eb5907000 r--p 0001b000 08:05 8131219                    /lib/x86_64-linux-gnu/libz.so.1.2.11
7f4eb5907000-7f4eb5908000 rw-p 0001c000 08:05 8131219                    /lib/x86_64-linux-gnu/libz.so.1.2.11
7f4eb5908000-7f4eb5aef000 r-xp 00000000 08:05 8131019                    /lib/x86_64-linux-gnu/libc-2.27.so
7f4eb5aef000-7f4eb5cef000 ---p 001e7000 08:05 8131019                    /lib/x86_64-linux-gnu/libc-2.27.so
7f4eb5cef000-7f4eb5cf3000 r--p 001e7000 08:05 8131019                    /lib/x86_64-linux-gnu/libc-2.27.so
7f4eb5cf3000-7f4eb5cf5000 rw-p 001eb000 08:05 8131019                    /lib/x86_64-linux-gnu/libc-2.27.so
7f4eb5cf5000-7f4eb5cf9000 rw-p 00000000 00:00 0 
7f4eb5cf9000-7f4eb5d08000 r-xp 00000000 08:05 917754                     /usr/lib/jvm/java-11-openjdk-amd64/lib/jli/libjli.so
7f4eb5d08000-7f4eb5f07000 ---p 0000f000 08:05 917754                     /usr/lib/jvm/java-11-openjdk-amd64/lib/jli/libjli.so
7f4eb5f07000-7f4eb5f08000 r--p 0000e000 08:05 917754                     /usr/lib/jvm/java-11-openjdk-amd64/lib/jli/libjli.so
7f4eb5f08000-7f4eb5f09000 rw-p 0000f000 08:05 917754                     /usr/lib/jvm/java-11-openjdk-amd64/lib/jli/libjli.so
7f4eb5f09000-7f4eb5f30000 r-xp 00000000 08:05 8131013                    /lib/x86_64-linux-gnu/ld-2.27.so
7f4eb5f36000-7f4eb5f3a000 ---p 00000000 00:00 0 
7f4eb5f3a000-7f4eb600e000 rw-p 00000000 00:00 0 
7f4eb600e000-7f4eb6012000 ---p 00000000 00:00 0 
7f4eb6012000-7f4eb6111000 rw-p 00000000 00:00 0 
7f4eb6117000-7f4eb611d000 rw-p 00000000 00:00 0 
7f4eb611d000-7f4eb6124000 ---p 00000000 00:00 0 
7f4eb6124000-7f4eb612c000 rw-s 00000000 08:05 4718705                    /tmp/hsperfdata_thiago/13964
7f4eb612c000-7f4eb612d000 ---p 00000000 00:00 0 
7f4eb612d000-7f4eb612e000 r--p 00000000 00:00 0 
7f4eb612e000-7f4eb6130000 rw-p 00000000 00:00 0 
7f4eb6130000-7f4eb6131000 r--p 00027000 08:05 8131013                    /lib/x86_64-linux-gnu/ld-2.27.so
7f4eb6131000-7f4eb6132000 rw-p 00028000 08:05 8131013                    /lib/x86_64-linux-gnu/ld-2.27.so
7f4eb6132000-7f4eb6133000 rw-p 00000000 00:00 0 
7ffdee7ae000-7ffdee7cf000 rw-p 00000000 00:00 0                          [stack]
7ffdee7e9000-7ffdee7ec000 r--p 00000000 00:00 0                          [vvar]
7ffdee7ec000-7ffdee7ee000 r-xp 00000000 00:00 0                          [vdso]
ffffffffff600000-ffffffffff601000 r-xp 00000000 00:00 0                  [vsyscall]


VM Arguments:
jvm_args: -javaagent:/home/thiago/Ferramentas/idea-IC-181.4445.78/lib/idea_rt.jar=41175:/home/thiago/Ferramentas/idea-IC-181.4445.78/bin -Dfile.encoding=UTF-8 
java_command: Principal
java_class_path (initial): /home/thiago/Área de Trabalho/Automacao_PGWebLibC/target/classes:/home/thiago/.m2/repository/net/java/dev/jna/jna/5.0.0/jna-5.0.0.jar
Launcher Type: SUN_STANDARD

Logging:
Log output configuration:
#0: stdout all=warning uptime,level,tags
#1: stderr all=off uptime,level,tags

Environment Variables:
JAVA_HOME=/usr/lib/jvm/java-1.8.0-openjdk-amd64
PATH=/usr/lib/jvm/java-1.8.0-openjdk-amd64/bin:/usr/local/sbin:/usr/local/bin:/usr/sbin:/usr/bin:/sbin:/bin:/usr/games:/usr/local/games:/snap/bin:/usr/lib/jvm/java-8-oracle/bin:/usr/lib/jvm/java-8-oracle/db/bin:/usr/lib/jvm/java-8-oracle/jre/bin
USERNAME=thiago
SHELL=/bin/bash
DISPLAY=:0

Signal Handlers:
SIGSEGV: [libjvm.so+0xd28b70], sa_mask[0]=11111111011111111101111111111110, sa_flags=SA_RESTART|SA_SIGINFO
SIGBUS: [libjvm.so+0xd28b70], sa_mask[0]=11111111011111111101111111111110, sa_flags=SA_RESTART|SA_SIGINFO
SIGFPE: [libjvm.so+0xd28b70], sa_mask[0]=11111111011111111101111111111110, sa_flags=SA_RESTART|SA_SIGINFO
SIGPIPE: [libjvm.so+0xb2a1f0], sa_mask[0]=11111111011111111101111111111110, sa_flags=SA_RESTART|SA_SIGINFO
SIGXFSZ: [libjvm.so+0xb2a1f0], sa_mask[0]=11111111011111111101111111111110, sa_flags=SA_RESTART|SA_SIGINFO
SIGILL: [libjvm.so+0xd28b70], sa_mask[0]=11111111011111111101111111111110, sa_flags=SA_RESTART|SA_SIGINFO
SIGUSR2: [libjvm.so+0xb2a030], sa_mask[0]=00100000000000000000000000000000, sa_flags=SA_RESTART|SA_SIGINFO
SIGHUP: [libjvm.so+0xb2a180], sa_mask[0]=11111111011111111101111111111110, sa_flags=SA_RESTART|SA_SIGINFO
SIGINT: [libjvm.so+0xb2a180], sa_mask[0]=11111111011111111101111111111110, sa_flags=SA_RESTART|SA_SIGINFO
SIGTERM: [libjvm.so+0xb2a180], sa_mask[0]=11111111011111111101111111111110, sa_flags=SA_RESTART|SA_SIGINFO
SIGQUIT: [libjvm.so+0xb2a180], sa_mask[0]=11111111011111111101111111111110, sa_flags=SA_RESTART|SA_SIGINFO


---------------  S Y S T E M  ---------------

OS:DISTRIB_ID=Ubuntu
DISTRIB_RELEASE=18.04
DISTRIB_CODENAME=bionic
DISTRIB_DESCRIPTION="Ubuntu 18.04.1 LTS"
uname:Linux 4.15.0-39-generic #42-Ubuntu SMP Tue Oct 23 15:48:01 UTC 2018 x86_64
libc:glibc 2.27 NPTL 2.27 
rlimit: STACK 8192k, CORE 0k, NPROC 30042, NOFILE 1048576, AS infinity, DATA infinity, FSIZE infinity
load average:0.84 1.09 0.92

/proc/meminfo:
MemTotal:        7751356 kB
MemFree:          362912 kB
MemAvailable:    2828348 kB
Buffers:          321120 kB
Cached:          2694500 kB
SwapCached:          116 kB
Active:          5095592 kB
Inactive:        1785488 kB
Active(anon):    3606972 kB
Inactive(anon):   746828 kB
Active(file):    1488620 kB
Inactive(file):  1038660 kB
Unevictable:         292 kB
Mlocked:             292 kB
SwapTotal:       2097148 kB
SwapFree:        2096636 kB
Dirty:             29372 kB
Writeback:             0 kB
AnonPages:       3865692 kB
Mapped:           881184 kB
Shmem:            618996 kB
Slab:             337032 kB
SReclaimable:     241312 kB
SUnreclaim:        95720 kB
KernelStack:       16272 kB
PageTables:        73816 kB
NFS_Unstable:          0 kB
Bounce:                0 kB
WritebackTmp:          0 kB
CommitLimit:     5972824 kB
Committed_AS:   12135260 kB
VmallocTotal:   34359738367 kB
VmallocUsed:           0 kB
VmallocChunk:          0 kB
HardwareCorrupted:     0 kB
AnonHugePages:         0 kB
ShmemHugePages:        0 kB
ShmemPmdMapped:        0 kB
CmaTotal:              0 kB
CmaFree:               0 kB
HugePages_Total:       0
HugePages_Free:        0
HugePages_Rsvd:        0
HugePages_Surp:        0
Hugepagesize:       2048 kB
DirectMap4k:      259952 kB
DirectMap2M:     7708672 kB

container (cgroup) information:
container_type: cgroupv1
cpu_cpuset_cpus: 0-1
cpu_memory_nodes: 0
active_processor_count: 2
cpu_quota: -1
cpu_period: 100000
cpu_shares: -1
memory_limit_in_bytes: -1
memory_and_swap_limit_in_bytes: -2
memory_soft_limit_in_bytes: -1
memory_usage_in_bytes: 6743597056
memory_max_usage_in_bytes: 6999957504


CPU:total 2 (initial active 2) (2 cores per cpu, 2 threads per core) family 6 model 42 stepping 7, cmov, cx8, fxsr, mmx, sse, sse2, sse3, ssse3, sse4.1, sse4.2, popcnt, avx, clmul, ht, tsc, tscinvbit
CPU Model and flags from /proc/cpuinfo:
model name	: Intel(R) Core(TM) i3-2328M CPU @ 2.20GHz
flags		: fpu vme de pse tsc msr pae mce cx8 apic sep mtrr pge mca cmov pat pse36 clflush dts acpi mmx fxsr sse sse2 ss ht tm pbe syscall nx rdtscp lm constant_tsc arch_perfmon pebs bts rep_good nopl xtopology nonstop_tsc cpuid aperfmperf pni pclmulqdq dtes64 monitor ds_cpl vmx est tm2 ssse3 cx16 xtpr pdcm pcid sse4_1 sse4_2 x2apic popcnt tsc_deadline_timer xsave avx lahf_lm epb pti ssbd ibrs ibpb stibp tpr_shadow vnmi flexpriority ept vpid xsaveopt dtherm arat pln pts flush_l1d

Memory: 4k page, physical 7751356k(362912k free), swap 2097148k(2096636k free)

vm_info: OpenJDK 64-Bit Server VM (10.0.2+13-Ubuntu-1ubuntu0.18.04.3) for linux-amd64 JRE (10.0.2+13-Ubuntu-1ubuntu0.18.04.3), built on Oct  7 2018 15:06:09 by "buildd" with gcc 7.3.0

END.
