#
# A fatal error has been detected by the Java Runtime Environment:
#
#  SIGSEGV (0xb) at pc=0x00007f678b422135, pid=24329, tid=24331
#
# JRE version: OpenJDK Runtime Environment (10.0.2+13) (build 10.0.2+13-Ubuntu-1ubuntu0.18.04.3)
# Java VM: OpenJDK 64-Bit Server VM (10.0.2+13-Ubuntu-1ubuntu0.18.04.3, mixed mode, tiered, compressed oops, g1 gc, linux-amd64)
# Problematic frame:
# C  [libPGWebLib.so+0x46135]  PW_iExecTransac_+0x155
#
# Core dump will be written. Default location: Core dumps may be processed with "/usr/share/apport/apport %p %s %c %d %P" (or dumping to /home/thiago/Área de Trabalho/Automacao_PGWebLibC/core.24329)
#
# If you would like to submit a bug report, please visit:
#   http://bugreport.java.com/bugreport/crash.jsp
# The crash happened outside the Java Virtual Machine in native code.
# See problematic frame for where to report the bug.
#

---------------  S U M M A R Y ------------

Command Line: -javaagent:/home/thiago/Ferramentas/idea-IC-181.4445.78/lib/idea_rt.jar=44697:/home/thiago/Ferramentas/idea-IC-181.4445.78/bin -Dfile.encoding=UTF-8 Principal

Host: Intel(R) Core(TM) i3-2328M CPU @ 2.20GHz, 2 cores, 7G, Ubuntu 18.04.1 LTS
Time: Fri Nov 23 19:13:00 2018 -02 elapsed time: 0 seconds (0d 0h 0m 0s)

---------------  T H R E A D  ---------------

Current thread (0x00007f67e0012800):  JavaThread "main" [_thread_in_native, id=24331, stack(0x00007f67e95cc000,0x00007f67e96cd000)]

Stack: [0x00007f67e95cc000,0x00007f67e96cd000],  sp=0x00007f67e96c7d20,  free space=1007k
Native frames: (J=compiled Java code, A=aot compiled Java code, j=interpreted, Vv=VM code, C=native code)
C  [libPGWebLib.so+0x46135]  PW_iExecTransac_+0x155

Java frames: (J=compiled Java code, j=interpreted, Vv=VM code)
j  com.sun.jna.Native.invokeInt(Lcom/sun/jna/Function;JI[Ljava/lang/Object;)I+0
j  com.sun.jna.Function.invoke([Ljava/lang/Object;Ljava/lang/Class;ZI)Ljava/lang/Object;+211
j  com.sun.jna.Function.invoke(Ljava/lang/reflect/Method;[Ljava/lang/Class;Ljava/lang/Class;[Ljava/lang/Object;Ljava/util/Map;)Ljava/lang/Object;+271
j  com.sun.jna.Library$Handler.invoke(Ljava/lang/Object;Ljava/lang/reflect/Method;[Ljava/lang/Object;)Ljava/lang/Object;+344
j  com.sun.proxy.$Proxy0.PW_iExecTransac([LEstruturas/PW_GetData$ByReference;I)I+23
j  LibIntegrada.chamarPW_iExecTransac([LEstruturas/PW_GetData$ByReference;I)I+6
j  ChamarFuncoes.chamarPW_iExecTransac([LEstruturas/PW_GetData$ByReference;I)Ljava/lang/String;+5
j  Principal.main([Ljava/lang/String;)V+175
v  ~StubRoutines::call_stub

siginfo: si_signo: 11 (SIGSEGV), si_code: 1 (SEGV_MAPERR), si_addr: 0x000000000000000a

Register to memory mapping:

RAX=0x000000000000000a is an unknown value
RBX=0x00007f678b664450: gfNeedParamUpdate+0x0000000000000000 in /home/thiago/Área de Trabalho/Automacao_PGWebLibC/src/main/java/libPGWebLib.so at 0x00007f678b3dc000
RCX=0x00007f678b7db530: <offset 0x00000000003ff530> in /home/thiago/Área de Trabalho/Automacao_PGWebLibC/src/main/java/libPGWebLib.so at 0x00007f678b3dc000
RDX=0x0000000000000030 is an unknown value
RSP=0x00007f67e96c7d20 is pointing into the stack for thread: 0x00007f67e0012800
RBP=0x0000000000000000 is an unknown value
RSI=0x00007f678b8d5550: <offset 0x00000000004f9550> in /home/thiago/Área de Trabalho/Automacao_PGWebLibC/src/main/java/libPGWebLib.so at 0x00007f678b3dc000
RDI=0x00007f678b7db510: <offset 0x00000000003ff510> in /home/thiago/Área de Trabalho/Automacao_PGWebLibC/src/main/java/libPGWebLib.so at 0x00007f678b3dc000
R8 =0xfffffffffffffff0 is an unknown value
R9 =0x000000000000401d is an unknown value
R10=0x000000000000000e is an unknown value
R11=0x00007f678b75e540: <offset 0x0000000000382540> in /home/thiago/Área de Trabalho/Automacao_PGWebLibC/src/main/java/libPGWebLib.so at 0x00007f678b3dc000
R12=0x0000000000000000 is an unknown value
R13=0x0000000000000004 is an unknown value
R14=0x0000000000000002 is an unknown value
R15=0x00007f67e96cab00 is pointing into the stack for thread: 0x00007f67e0012800


Registers:
RAX=0x000000000000000a, RBX=0x00007f678b664450, RCX=0x00007f678b7db530, RDX=0x0000000000000030
RSP=0x00007f67e96c7d20, RBP=0x0000000000000000, RSI=0x00007f678b8d5550, RDI=0x00007f678b7db510
R8 =0xfffffffffffffff0, R9 =0x000000000000401d, R10=0x000000000000000e, R11=0x00007f678b75e540
R12=0x0000000000000000, R13=0x0000000000000004, R14=0x0000000000000002, R15=0x00007f67e96cab00
RIP=0x00007f678b422135, EFLAGS=0x0000000000010246, CSGSFS=0x002b000000000033, ERR=0x0000000000000004
  TRAPNO=0x000000000000000e

Top of Stack: (sp=0x00007f67e96c7d20)
0x00007f67e96c7d20:   00007f67c58d1168 00007f67c58b3930
0x00007f67e96c7d30:   000000000000000a 00007f67e03396d0
0x00007f67e96c7d40:   00007f67c57bbae0 00007f67e7bb4c2b
0x00007f67e96c7d50:   00007f67e96c7d80 00007f67c5911380 

Instructions: (pc=0x00007f678b422135)
0x00007f678b422115:   fd ff 31 ff e8 e2 11 fd ff 48 8b 44 24 10 0f b7
0x00007f678b422125:   00 66 89 44 24 3e eb 10 0f 1f 00 48 8b 44 24 10
0x00007f678b422135:   0f b7 00 66 89 44 24 3e 0f b7 4c 24 3e 48 c7 44
0x00007f678b422145:   24 20 00 00 00 00 48 0f bf c1 48 69 c0 e8 30 00 


---------------  P R O C E S S  ---------------

Threads class SMR info:
_java_thread_list=0x00007f67e02ec1d0, length=11, elements={
0x00007f67e0012800, 0x00007f67e014d800, 0x00007f67e014f800, 0x00007f67e0164000,
0x00007f67e0166000, 0x00007f67e0168000, 0x00007f67e016a000, 0x00007f67e022d800,
0x00007f67e028b800, 0x00007f67e028c000, 0x00007f67e02e7000
}

Java Threads: ( => current thread )
=>0x00007f67e0012800 JavaThread "main" [_thread_in_native, id=24331, stack(0x00007f67e95cc000,0x00007f67e96cd000)]
  0x00007f67e014d800 JavaThread "Reference Handler" daemon [_thread_blocked, id=24346, stack(0x00007f67c5212000,0x00007f67c5313000)]
  0x00007f67e014f800 JavaThread "Finalizer" daemon [_thread_blocked, id=24347, stack(0x00007f67c5111000,0x00007f67c5212000)]
  0x00007f67e0164000 JavaThread "Signal Dispatcher" daemon [_thread_blocked, id=24354, stack(0x00007f67c4d30000,0x00007f67c4e31000)]
  0x00007f67e0166000 JavaThread "C2 CompilerThread0" daemon [_thread_blocked, id=24355, stack(0x00007f67c4c2f000,0x00007f67c4d30000)]
  0x00007f67e0168000 JavaThread "C1 CompilerThread1" daemon [_thread_in_native, id=24357, stack(0x00007f67c4b2e000,0x00007f67c4c2f000)]
  0x00007f67e016a000 JavaThread "Sweeper thread" daemon [_thread_blocked, id=24358, stack(0x00007f67c4a2d000,0x00007f67c4b2e000)]
  0x00007f67e022d800 JavaThread "Common-Cleaner" daemon [_thread_blocked, id=24362, stack(0x00007f67c492c000,0x00007f67c4a2d000)]
  0x00007f67e028b800 JavaThread "Monitor Ctrl-Break" daemon [_thread_in_native, id=24363, stack(0x00007f67c4401000,0x00007f67c4502000)]
  0x00007f67e028c000 JavaThread "Service Thread" daemon [_thread_blocked, id=24364, stack(0x00007f67c4300000,0x00007f67c4401000)]
  0x00007f67e02e7000 JavaThread "process reaper" daemon [_thread_blocked, id=24367, stack(0x00007f67e94f4000,0x00007f67e9516000)]

Other Threads:
  0x00007f67e0144000 VMThread "VM Thread" [stack: 0x00007f67c5315000,0x00007f67c5415000] [id=24345]
  0x00007f67e028e000 WatcherThread [stack: 0x00007f67c4200000,0x00007f67c4300000] [id=24365]
  0x00007f67e0029000 GCTaskThread "GC Thread#0" [stack: 0x00007f67e54ef000,0x00007f67e55ef000] [id=24332]
  0x00007f67e002a800 GCTaskThread "GC Thread#1" [stack: 0x00007f67e53ed000,0x00007f67e54ed000] [id=24333]
  0x00007f67e0052800 ConcurrentGCThread "G1 Main Marker" [stack: 0x00007f67e45d0000,0x00007f67e46d0000] [id=24335]
  0x00007f67e0054000 ConcurrentGCThread "G1 Conc#0" [stack: 0x00007f67e44ce000,0x00007f67e45ce000] [id=24337]
  0x00007f67e00b8800 ConcurrentGCThread "G1 Refine#0" [stack: 0x00007f67e41ca000,0x00007f67e42ca000] [id=24339]
  0x00007f67e00ba000 ConcurrentGCThread "G1 Refine#1" [stack: 0x00007f67e40c8000,0x00007f67e41c8000] [id=24341]
  0x00007f67e00bc000 ConcurrentGCThread "G1 Young RemSet Sampling" [stack: 0x00007f67c5c8d000,0x00007f67c5d8d000] [id=24343]

Threads with active compile tasks:
C1 CompilerThread1 453       3       jdk.internal.reflect.UnsafeObjectFieldAccessorImpl::get (17 bytes)

VM state:not at safepoint (normal execution)

VM Mutex/Monitor currently owned by a thread: None

Heap address: 0x0000000089a00000, size: 1894 MB, Compressed Oops mode: 32-bit
Narrow klass base: 0x0000000000000000, Narrow klass shift: 3
Compressed class space size: 1073741824 Address: 0x0000000100000000

Heap:
 garbage-first heap   total 122880K, used 4096K [0x0000000089a00000, 0x0000000100000000)
  region size 1024K, 5 young (5120K), 0 survivors (0K)
 Metaspace       used 8686K, capacity 8791K, committed 9088K, reserved 1056768K
  class space    used 765K, capacity 823K, committed 896K, reserved 1048576K
Heap Regions: E=young(eden), S=young(survivor), O=old, HS=humongous(starts), HC=humongous(continues), CS=collection set, F=free, A=archive, TS=gc time stamp, AC=allocation context, TAMS=top-at-mark-start (previous, next)
|   0|0x0000000089a00000, 0x0000000089a00000, 0x0000000089b00000|  0%| F|  |TS  0|AC  0|TAMS 0x0000000089a00000, 0x0000000089a00000|
|   1|0x0000000089b00000, 0x0000000089b00000, 0x0000000089c00000|  0%| F|  |TS  0|AC  0|TAMS 0x0000000089b00000, 0x0000000089b00000|
|   2|0x0000000089c00000, 0x0000000089c00000, 0x0000000089d00000|  0%| F|  |TS  0|AC  0|TAMS 0x0000000089c00000, 0x0000000089c00000|
|   3|0x0000000089d00000, 0x0000000089d00000, 0x0000000089e00000|  0%| F|  |TS  0|AC  0|TAMS 0x0000000089d00000, 0x0000000089d00000|
|   4|0x0000000089e00000, 0x0000000089e00000, 0x0000000089f00000|  0%| F|  |TS  0|AC  0|TAMS 0x0000000089e00000, 0x0000000089e00000|
|   5|0x0000000089f00000, 0x0000000089f00000, 0x000000008a000000|  0%| F|  |TS  0|AC  0|TAMS 0x0000000089f00000, 0x0000000089f00000|
|   6|0x000000008a000000, 0x000000008a000000, 0x000000008a100000|  0%| F|  |TS  0|AC  0|TAMS 0x000000008a000000, 0x000000008a000000|
|   7|0x000000008a100000, 0x000000008a100000, 0x000000008a200000|  0%| F|  |TS  0|AC  0|TAMS 0x000000008a100000, 0x000000008a100000|
|   8|0x000000008a200000, 0x000000008a200000, 0x000000008a300000|  0%| F|  |TS  0|AC  0|TAMS 0x000000008a200000, 0x000000008a200000|
|   9|0x000000008a300000, 0x000000008a300000, 0x000000008a400000|  0%| F|  |TS  0|AC  0|TAMS 0x000000008a300000, 0x000000008a300000|
|  10|0x000000008a400000, 0x000000008a400000, 0x000000008a500000|  0%| F|  |TS  0|AC  0|TAMS 0x000000008a400000, 0x000000008a400000|
|  11|0x000000008a500000, 0x000000008a500000, 0x000000008a600000|  0%| F|  |TS  0|AC  0|TAMS 0x000000008a500000, 0x000000008a500000|
|  12|0x000000008a600000, 0x000000008a600000, 0x000000008a700000|  0%| F|  |TS  0|AC  0|TAMS 0x000000008a600000, 0x000000008a600000|
|  13|0x000000008a700000, 0x000000008a700000, 0x000000008a800000|  0%| F|  |TS  0|AC  0|TAMS 0x000000008a700000, 0x000000008a700000|
|  14|0x000000008a800000, 0x000000008a800000, 0x000000008a900000|  0%| F|  |TS  0|AC  0|TAMS 0x000000008a800000, 0x000000008a800000|
|  15|0x000000008a900000, 0x000000008a900000, 0x000000008aa00000|  0%| F|  |TS  0|AC  0|TAMS 0x000000008a900000, 0x000000008a900000|
|  16|0x000000008aa00000, 0x000000008aa00000, 0x000000008ab00000|  0%| F|  |TS  0|AC  0|TAMS 0x000000008aa00000, 0x000000008aa00000|
|  17|0x000000008ab00000, 0x000000008ab00000, 0x000000008ac00000|  0%| F|  |TS  0|AC  0|TAMS 0x000000008ab00000, 0x000000008ab00000|
|  18|0x000000008ac00000, 0x000000008ac00000, 0x000000008ad00000|  0%| F|  |TS  0|AC  0|TAMS 0x000000008ac00000, 0x000000008ac00000|
|  19|0x000000008ad00000, 0x000000008ad00000, 0x000000008ae00000|  0%| F|  |TS  0|AC  0|TAMS 0x000000008ad00000, 0x000000008ad00000|
|  20|0x000000008ae00000, 0x000000008ae00000, 0x000000008af00000|  0%| F|  |TS  0|AC  0|TAMS 0x000000008ae00000, 0x000000008ae00000|
|  21|0x000000008af00000, 0x000000008af00000, 0x000000008b000000|  0%| F|  |TS  0|AC  0|TAMS 0x000000008af00000, 0x000000008af00000|
|  22|0x000000008b000000, 0x000000008b000000, 0x000000008b100000|  0%| F|  |TS  0|AC  0|TAMS 0x000000008b000000, 0x000000008b000000|
|  23|0x000000008b100000, 0x000000008b100000, 0x000000008b200000|  0%| F|  |TS  0|AC  0|TAMS 0x000000008b100000, 0x000000008b100000|
|  24|0x000000008b200000, 0x000000008b200000, 0x000000008b300000|  0%| F|  |TS  0|AC  0|TAMS 0x000000008b200000, 0x000000008b200000|
|  25|0x000000008b300000, 0x000000008b300000, 0x000000008b400000|  0%| F|  |TS  0|AC  0|TAMS 0x000000008b300000, 0x000000008b300000|
|  26|0x000000008b400000, 0x000000008b400000, 0x000000008b500000|  0%| F|  |TS  0|AC  0|TAMS 0x000000008b400000, 0x000000008b400000|
|  27|0x000000008b500000, 0x000000008b500000, 0x000000008b600000|  0%| F|  |TS  0|AC  0|TAMS 0x000000008b500000, 0x000000008b500000|
|  28|0x000000008b600000, 0x000000008b600000, 0x000000008b700000|  0%| F|  |TS  0|AC  0|TAMS 0x000000008b600000, 0x000000008b600000|
|  29|0x000000008b700000, 0x000000008b700000, 0x000000008b800000|  0%| F|  |TS  0|AC  0|TAMS 0x000000008b700000, 0x000000008b700000|
|  30|0x000000008b800000, 0x000000008b800000, 0x000000008b900000|  0%| F|  |TS  0|AC  0|TAMS 0x000000008b800000, 0x000000008b800000|
|  31|0x000000008b900000, 0x000000008b900000, 0x000000008ba00000|  0%| F|  |TS  0|AC  0|TAMS 0x000000008b900000, 0x000000008b900000|
|  32|0x000000008ba00000, 0x000000008ba00000, 0x000000008bb00000|  0%| F|  |TS  0|AC  0|TAMS 0x000000008ba00000, 0x000000008ba00000|
|  33|0x000000008bb00000, 0x000000008bb00000, 0x000000008bc00000|  0%| F|  |TS  0|AC  0|TAMS 0x000000008bb00000, 0x000000008bb00000|
|  34|0x000000008bc00000, 0x000000008bc00000, 0x000000008bd00000|  0%| F|  |TS  0|AC  0|TAMS 0x000000008bc00000, 0x000000008bc00000|
|  35|0x000000008bd00000, 0x000000008bd00000, 0x000000008be00000|  0%| F|  |TS  0|AC  0|TAMS 0x000000008bd00000, 0x000000008bd00000|
|  36|0x000000008be00000, 0x000000008be00000, 0x000000008bf00000|  0%| F|  |TS  0|AC  0|TAMS 0x000000008be00000, 0x000000008be00000|
|  37|0x000000008bf00000, 0x000000008bf00000, 0x000000008c000000|  0%| F|  |TS  0|AC  0|TAMS 0x000000008bf00000, 0x000000008bf00000|
|  38|0x000000008c000000, 0x000000008c000000, 0x000000008c100000|  0%| F|  |TS  0|AC  0|TAMS 0x000000008c000000, 0x000000008c000000|
|  39|0x000000008c100000, 0x000000008c100000, 0x000000008c200000|  0%| F|  |TS  0|AC  0|TAMS 0x000000008c100000, 0x000000008c100000|
|  40|0x000000008c200000, 0x000000008c200000, 0x000000008c300000|  0%| F|  |TS  0|AC  0|TAMS 0x000000008c200000, 0x000000008c200000|
|  41|0x000000008c300000, 0x000000008c300000, 0x000000008c400000|  0%| F|  |TS  0|AC  0|TAMS 0x000000008c300000, 0x000000008c300000|
|  42|0x000000008c400000, 0x000000008c400000, 0x000000008c500000|  0%| F|  |TS  0|AC  0|TAMS 0x000000008c400000, 0x000000008c400000|
|  43|0x000000008c500000, 0x000000008c500000, 0x000000008c600000|  0%| F|  |TS  0|AC  0|TAMS 0x000000008c500000, 0x000000008c500000|
|  44|0x000000008c600000, 0x000000008c600000, 0x000000008c700000|  0%| F|  |TS  0|AC  0|TAMS 0x000000008c600000, 0x000000008c600000|
|  45|0x000000008c700000, 0x000000008c700000, 0x000000008c800000|  0%| F|  |TS  0|AC  0|TAMS 0x000000008c700000, 0x000000008c700000|
|  46|0x000000008c800000, 0x000000008c800000, 0x000000008c900000|  0%| F|  |TS  0|AC  0|TAMS 0x000000008c800000, 0x000000008c800000|
|  47|0x000000008c900000, 0x000000008c900000, 0x000000008ca00000|  0%| F|  |TS  0|AC  0|TAMS 0x000000008c900000, 0x000000008c900000|
|  48|0x000000008ca00000, 0x000000008ca00000, 0x000000008cb00000|  0%| F|  |TS  0|AC  0|TAMS 0x000000008ca00000, 0x000000008ca00000|
|  49|0x000000008cb00000, 0x000000008cb00000, 0x000000008cc00000|  0%| F|  |TS  0|AC  0|TAMS 0x000000008cb00000, 0x000000008cb00000|
|  50|0x000000008cc00000, 0x000000008cc00000, 0x000000008cd00000|  0%| F|  |TS  0|AC  0|TAMS 0x000000008cc00000, 0x000000008cc00000|
|  51|0x000000008cd00000, 0x000000008cd00000, 0x000000008ce00000|  0%| F|  |TS  0|AC  0|TAMS 0x000000008cd00000, 0x000000008cd00000|
|  52|0x000000008ce00000, 0x000000008ce00000, 0x000000008cf00000|  0%| F|  |TS  0|AC  0|TAMS 0x000000008ce00000, 0x000000008ce00000|
|  53|0x000000008cf00000, 0x000000008cf00000, 0x000000008d000000|  0%| F|  |TS  0|AC  0|TAMS 0x000000008cf00000, 0x000000008cf00000|
|  54|0x000000008d000000, 0x000000008d000000, 0x000000008d100000|  0%| F|  |TS  0|AC  0|TAMS 0x000000008d000000, 0x000000008d000000|
|  55|0x000000008d100000, 0x000000008d100000, 0x000000008d200000|  0%| F|  |TS  0|AC  0|TAMS 0x000000008d100000, 0x000000008d100000|
|  56|0x000000008d200000, 0x000000008d200000, 0x000000008d300000|  0%| F|  |TS  0|AC  0|TAMS 0x000000008d200000, 0x000000008d200000|
|  57|0x000000008d300000, 0x000000008d300000, 0x000000008d400000|  0%| F|  |TS  0|AC  0|TAMS 0x000000008d300000, 0x000000008d300000|
|  58|0x000000008d400000, 0x000000008d400000, 0x000000008d500000|  0%| F|  |TS  0|AC  0|TAMS 0x000000008d400000, 0x000000008d400000|
|  59|0x000000008d500000, 0x000000008d500000, 0x000000008d600000|  0%| F|  |TS  0|AC  0|TAMS 0x000000008d500000, 0x000000008d500000|
|  60|0x000000008d600000, 0x000000008d600000, 0x000000008d700000|  0%| F|  |TS  0|AC  0|TAMS 0x000000008d600000, 0x000000008d600000|
|  61|0x000000008d700000, 0x000000008d700000, 0x000000008d800000|  0%| F|  |TS  0|AC  0|TAMS 0x000000008d700000, 0x000000008d700000|
|  62|0x000000008d800000, 0x000000008d800000, 0x000000008d900000|  0%| F|  |TS  0|AC  0|TAMS 0x000000008d800000, 0x000000008d800000|
|  63|0x000000008d900000, 0x000000008d900000, 0x000000008da00000|  0%| F|  |TS  0|AC  0|TAMS 0x000000008d900000, 0x000000008d900000|
|  64|0x000000008da00000, 0x000000008da00000, 0x000000008db00000|  0%| F|  |TS  0|AC  0|TAMS 0x000000008da00000, 0x000000008da00000|
|  65|0x000000008db00000, 0x000000008db00000, 0x000000008dc00000|  0%| F|  |TS  0|AC  0|TAMS 0x000000008db00000, 0x000000008db00000|
|  66|0x000000008dc00000, 0x000000008dc00000, 0x000000008dd00000|  0%| F|  |TS  0|AC  0|TAMS 0x000000008dc00000, 0x000000008dc00000|
|  67|0x000000008dd00000, 0x000000008dd00000, 0x000000008de00000|  0%| F|  |TS  0|AC  0|TAMS 0x000000008dd00000, 0x000000008dd00000|
|  68|0x000000008de00000, 0x000000008de00000, 0x000000008df00000|  0%| F|  |TS  0|AC  0|TAMS 0x000000008de00000, 0x000000008de00000|
|  69|0x000000008df00000, 0x000000008df00000, 0x000000008e000000|  0%| F|  |TS  0|AC  0|TAMS 0x000000008df00000, 0x000000008df00000|
|  70|0x000000008e000000, 0x000000008e000000, 0x000000008e100000|  0%| F|  |TS  0|AC  0|TAMS 0x000000008e000000, 0x000000008e000000|
|  71|0x000000008e100000, 0x000000008e100000, 0x000000008e200000|  0%| F|  |TS  0|AC  0|TAMS 0x000000008e100000, 0x000000008e100000|
|  72|0x000000008e200000, 0x000000008e200000, 0x000000008e300000|  0%| F|  |TS  0|AC  0|TAMS 0x000000008e200000, 0x000000008e200000|
|  73|0x000000008e300000, 0x000000008e300000, 0x000000008e400000|  0%| F|  |TS  0|AC  0|TAMS 0x000000008e300000, 0x000000008e300000|
|  74|0x000000008e400000, 0x000000008e400000, 0x000000008e500000|  0%| F|  |TS  0|AC  0|TAMS 0x000000008e400000, 0x000000008e400000|
|  75|0x000000008e500000, 0x000000008e500000, 0x000000008e600000|  0%| F|  |TS  0|AC  0|TAMS 0x000000008e500000, 0x000000008e500000|
|  76|0x000000008e600000, 0x000000008e600000, 0x000000008e700000|  0%| F|  |TS  0|AC  0|TAMS 0x000000008e600000, 0x000000008e600000|
|  77|0x000000008e700000, 0x000000008e700000, 0x000000008e800000|  0%| F|  |TS  0|AC  0|TAMS 0x000000008e700000, 0x000000008e700000|
|  78|0x000000008e800000, 0x000000008e800000, 0x000000008e900000|  0%| F|  |TS  0|AC  0|TAMS 0x000000008e800000, 0x000000008e800000|
|  79|0x000000008e900000, 0x000000008e900000, 0x000000008ea00000|  0%| F|  |TS  0|AC  0|TAMS 0x000000008e900000, 0x000000008e900000|
|  80|0x000000008ea00000, 0x000000008ea00000, 0x000000008eb00000|  0%| F|  |TS  0|AC  0|TAMS 0x000000008ea00000, 0x000000008ea00000|
|  81|0x000000008eb00000, 0x000000008eb00000, 0x000000008ec00000|  0%| F|  |TS  0|AC  0|TAMS 0x000000008eb00000, 0x000000008eb00000|
|  82|0x000000008ec00000, 0x000000008ec00000, 0x000000008ed00000|  0%| F|  |TS  0|AC  0|TAMS 0x000000008ec00000, 0x000000008ec00000|
|  83|0x000000008ed00000, 0x000000008ed00000, 0x000000008ee00000|  0%| F|  |TS  0|AC  0|TAMS 0x000000008ed00000, 0x000000008ed00000|
|  84|0x000000008ee00000, 0x000000008ee00000, 0x000000008ef00000|  0%| F|  |TS  0|AC  0|TAMS 0x000000008ee00000, 0x000000008ee00000|
|  85|0x000000008ef00000, 0x000000008ef00000, 0x000000008f000000|  0%| F|  |TS  0|AC  0|TAMS 0x000000008ef00000, 0x000000008ef00000|
|  86|0x000000008f000000, 0x000000008f000000, 0x000000008f100000|  0%| F|  |TS  0|AC  0|TAMS 0x000000008f000000, 0x000000008f000000|
|  87|0x000000008f100000, 0x000000008f100000, 0x000000008f200000|  0%| F|  |TS  0|AC  0|TAMS 0x000000008f100000, 0x000000008f100000|
|  88|0x000000008f200000, 0x000000008f200000, 0x000000008f300000|  0%| F|  |TS  0|AC  0|TAMS 0x000000008f200000, 0x000000008f200000|
|  89|0x000000008f300000, 0x000000008f300000, 0x000000008f400000|  0%| F|  |TS  0|AC  0|TAMS 0x000000008f300000, 0x000000008f300000|
|  90|0x000000008f400000, 0x000000008f400000, 0x000000008f500000|  0%| F|  |TS  0|AC  0|TAMS 0x000000008f400000, 0x000000008f400000|
|  91|0x000000008f500000, 0x000000008f500000, 0x000000008f600000|  0%| F|  |TS  0|AC  0|TAMS 0x000000008f500000, 0x000000008f500000|
|  92|0x000000008f600000, 0x000000008f600000, 0x000000008f700000|  0%| F|  |TS  0|AC  0|TAMS 0x000000008f600000, 0x000000008f600000|
|  93|0x000000008f700000, 0x000000008f700000, 0x000000008f800000|  0%| F|  |TS  0|AC  0|TAMS 0x000000008f700000, 0x000000008f700000|
|  94|0x000000008f800000, 0x000000008f800000, 0x000000008f900000|  0%| F|  |TS  0|AC  0|TAMS 0x000000008f800000, 0x000000008f800000|
|  95|0x000000008f900000, 0x000000008f900000, 0x000000008fa00000|  0%| F|  |TS  0|AC  0|TAMS 0x000000008f900000, 0x000000008f900000|
|  96|0x000000008fa00000, 0x000000008fa00000, 0x000000008fb00000|  0%| F|  |TS  0|AC  0|TAMS 0x000000008fa00000, 0x000000008fa00000|
|  97|0x000000008fb00000, 0x000000008fb00000, 0x000000008fc00000|  0%| F|  |TS  0|AC  0|TAMS 0x000000008fb00000, 0x000000008fb00000|
|  98|0x000000008fc00000, 0x000000008fc00000, 0x000000008fd00000|  0%| F|  |TS  0|AC  0|TAMS 0x000000008fc00000, 0x000000008fc00000|
|  99|0x000000008fd00000, 0x000000008fd00000, 0x000000008fe00000|  0%| F|  |TS  0|AC  0|TAMS 0x000000008fd00000, 0x000000008fd00000|
| 100|0x000000008fe00000, 0x000000008fe00000, 0x000000008ff00000|  0%| F|  |TS  0|AC  0|TAMS 0x000000008fe00000, 0x000000008fe00000|
| 101|0x000000008ff00000, 0x000000008ff00000, 0x0000000090000000|  0%| F|  |TS  0|AC  0|TAMS 0x000000008ff00000, 0x000000008ff00000|
| 102|0x0000000090000000, 0x0000000090000000, 0x0000000090100000|  0%| F|  |TS  0|AC  0|TAMS 0x0000000090000000, 0x0000000090000000|
| 103|0x0000000090100000, 0x0000000090100000, 0x0000000090200000|  0%| F|  |TS  0|AC  0|TAMS 0x0000000090100000, 0x0000000090100000|
| 104|0x0000000090200000, 0x0000000090200000, 0x0000000090300000|  0%| F|  |TS  0|AC  0|TAMS 0x0000000090200000, 0x0000000090200000|
| 105|0x0000000090300000, 0x0000000090300000, 0x0000000090400000|  0%| F|  |TS  0|AC  0|TAMS 0x0000000090300000, 0x0000000090300000|
| 106|0x0000000090400000, 0x0000000090400000, 0x0000000090500000|  0%| F|  |TS  0|AC  0|TAMS 0x0000000090400000, 0x0000000090400000|
| 107|0x0000000090500000, 0x0000000090500000, 0x0000000090600000|  0%| F|  |TS  0|AC  0|TAMS 0x0000000090500000, 0x0000000090500000|
| 108|0x0000000090600000, 0x0000000090600000, 0x0000000090700000|  0%| F|  |TS  0|AC  0|TAMS 0x0000000090600000, 0x0000000090600000|
| 109|0x0000000090700000, 0x0000000090700000, 0x0000000090800000|  0%| F|  |TS  0|AC  0|TAMS 0x0000000090700000, 0x0000000090700000|
| 110|0x0000000090800000, 0x0000000090800000, 0x0000000090900000|  0%| F|  |TS  0|AC  0|TAMS 0x0000000090800000, 0x0000000090800000|
| 111|0x0000000090900000, 0x0000000090900000, 0x0000000090a00000|  0%| F|  |TS  0|AC  0|TAMS 0x0000000090900000, 0x0000000090900000|
| 112|0x0000000090a00000, 0x0000000090a00000, 0x0000000090b00000|  0%| F|  |TS  0|AC  0|TAMS 0x0000000090a00000, 0x0000000090a00000|
| 113|0x0000000090b00000, 0x0000000090b00000, 0x0000000090c00000|  0%| F|  |TS  0|AC  0|TAMS 0x0000000090b00000, 0x0000000090b00000|
| 114|0x0000000090c00000, 0x0000000090c00000, 0x0000000090d00000|  0%| F|  |TS  0|AC  0|TAMS 0x0000000090c00000, 0x0000000090c00000|
| 115|0x0000000090d00000, 0x0000000090d6c318, 0x0000000090e00000| 42%| E|  |TS  0|AC  0|TAMS 0x0000000090d00000, 0x0000000090d00000|
| 116|0x0000000090e00000, 0x0000000090f00000, 0x0000000090f00000|100%| E|CS|TS  0|AC  0|TAMS 0x0000000090e00000, 0x0000000090e00000|
| 117|0x0000000090f00000, 0x0000000091000000, 0x0000000091000000|100%| E|CS|TS  0|AC  0|TAMS 0x0000000090f00000, 0x0000000090f00000|
| 118|0x0000000091000000, 0x0000000091100000, 0x0000000091100000|100%| E|CS|TS  0|AC  0|TAMS 0x0000000091000000, 0x0000000091000000|
| 119|0x0000000091100000, 0x0000000091200000, 0x0000000091200000|100%| E|CS|TS  0|AC  0|TAMS 0x0000000091100000, 0x0000000091100000|

Card table byte_map: [0x00007f67e4a83000,0x00007f67e4e36000] byte_map_base: 0x00007f67e4636000

Marking Bits (Prev, Next): (CMBitMap*) 0x00007f67e00518a0, (CMBitMap*) 0x00007f67e00518d8
 Prev Bits: [0x00007f67c5d8d000, 0x00007f67c7b25000)
 Next Bits: [0x00007f67be268000, 0x00007f67c0000000)

Polling page: 0x00007f67e96ea000

CodeHeap 'non-profiled nmethods': size=120036Kb used=142Kb max_used=142Kb free=119893Kb
 bounds [0x00007f67cf5ec000, 0x00007f67cf85c000, 0x00007f67d6b25000]
CodeHeap 'profiled nmethods': size=120032Kb used=665Kb max_used=665Kb free=119366Kb
 bounds [0x00007f67c80b4000, 0x00007f67c8324000, 0x00007f67cf5ec000]
CodeHeap 'non-nmethods': size=5692Kb used=1049Kb max_used=1065Kb free=4642Kb
 bounds [0x00007f67c7b25000, 0x00007f67c7d95000, 0x00007f67c80b4000]
 total_blobs=912 nmethods=453 adapters=274
 compilation: enabled

Compilation events (10 events):
Event: 0.941 Thread 0x00007f67e0168000  448       1       java.util.WeakHashMap::indexFor (6 bytes)
Event: 0.941 Thread 0x00007f67e0168000 nmethod 448 0x00007f67cf60f210 code [0x00007f67cf60f3c0, 0x00007f67cf60f4b0]
Event: 0.941 Thread 0x00007f67e0168000  445       3       java.lang.reflect.AccessibleObject::verifyAccess (84 bytes)
Event: 0.941 Thread 0x00007f67e0168000 nmethod 445 0x00007f67c8155590 code [0x00007f67c8155780, 0x00007f67c8155e08]
Event: 0.941 Thread 0x00007f67e0168000  447       3       com.sun.jna.Native::getNativeSize (262 bytes)
Event: 0.943 Thread 0x00007f67e0168000 nmethod 447 0x00007f67c8155f90 code [0x00007f67c8156320, 0x00007f67c8157718]
Event: 0.943 Thread 0x00007f67e0168000  446       3       java.util.WeakHashMap$Entry::<init> (24 bytes)
Event: 0.943 Thread 0x00007f67e0168000 nmethod 446 0x00007f67c8157c10 code [0x00007f67c8157de0, 0x00007f67c8158230]
Event: 0.943 Thread 0x00007f67e0168000  449       3       java.util.LinkedHashMap$LinkedHashIterator::hasNext (13 bytes)
Event: 0.943 Thread 0x00007f67e0168000 nmethod 449 0x00007f67c8158390 code [0x00007f67c8158540, 0x00007f67c81586f0]

GC Heap History (0 events):
No events

Deoptimization events (2 events):
Event: 0.311 Thread 0x00007f67e0012800 Uncommon trap: reason=unstable_if action=reinterpret pc=0x00007f67cf5efe68 method=java.lang.String.hashCode()I @ 14 c2
Event: 0.547 Thread 0x00007f67e0012800 Uncommon trap: reason=unstable_if action=reinterpret pc=0x00007f67cf5f5a40 method=java.util.HashMap.putVal(ILjava/lang/Object;Ljava/lang/Object;ZZ)Ljava/lang/Object; @ 69 c2

Classes redefined (0 events):
No events

Internal exceptions (9 events):
Event: 0.614 Thread 0x00007f67e0012800 Exception <a 'java/lang/NoSuchMethodError'{0x0000000090fed350}: method resolution failed> (0x0000000090fed350) thrown at [/build/openjdk-lts-HXybSI/openjdk-lts-10.0.2+13/src/hotspot/share/prims/methodHandles.cpp, line 1226]
Event: 0.616 Thread 0x00007f67e0012800 Exception <a 'java/lang/NoSuchMethodError'{0x0000000090ff0d78}: java.lang.invoke.DirectMethodHandle$Holder.invokeStaticInit(Ljava/lang/Object;Ljava/lang/Object;JLjava/lang/Object;)Ljava/lang/Object;> (0x0000000090ff0d78) thrown at [/build/openjdk-lts-HXyb
Event: 0.617 Thread 0x00007f67e0012800 Exception <a 'java/lang/NoSuchMethodError'{0x0000000090ff6f90}: method resolution failed> (0x0000000090ff6f90) thrown at [/build/openjdk-lts-HXybSI/openjdk-lts-10.0.2+13/src/hotspot/share/prims/methodHandles.cpp, line 1226]
Event: 0.619 Thread 0x00007f67e0012800 Exception <a 'java/lang/NoSuchMethodError'{0x0000000090ffa938}: method resolution failed> (0x0000000090ffa938) thrown at [/build/openjdk-lts-HXybSI/openjdk-lts-10.0.2+13/src/hotspot/share/prims/methodHandles.cpp, line 1226]
Event: 0.628 Thread 0x00007f67e0012800 Exception <a 'java/lang/NoSuchMethodError'{0x0000000090e05d08}: java.lang.invoke.DirectMethodHandle$Holder.invokeStatic(Ljava/lang/Object;Ljava/lang/Object;Ljava/lang/Object;I)Ljava/lang/Object;> (0x0000000090e05d08) thrown at [/build/openjdk-lts-HXybSI/o
Event: 0.629 Thread 0x00007f67e0012800 Exception <a 'java/lang/NoSuchMethodError'{0x0000000090e09bc8}: java.lang.invoke.DirectMethodHandle$Holder.invokeSpecial(Ljava/lang/Object;Ljava/lang/Object;Ljava/lang/Object;Ljava/lang/Object;I)Ljava/lang/Object;> (0x0000000090e09bc8) thrown at [/build/o
Event: 0.708 Thread 0x00007f67e0012800 Exception <a 'java/lang/NoSuchMethodError'{0x0000000090e9bab0}: method resolution failed> (0x0000000090e9bab0) thrown at [/build/openjdk-lts-HXybSI/openjdk-lts-10.0.2+13/src/hotspot/share/prims/methodHandles.cpp, line 1226]
Event: 0.725 Thread 0x00007f67e0012800 Exception <a 'java/lang/NoSuchMethodError'{0x0000000090eac2c0}: java.lang.invoke.DirectMethodHandle$Holder.invokeStatic(Ljava/lang/Object;Ljava/lang/Object;)I> (0x0000000090eac2c0) thrown at [/build/openjdk-lts-HXybSI/openjdk-lts-10.0.2+13/src/hotspot/sha
Event: 0.737 Thread 0x00007f67e0012800 Exception <a 'java/lang/NoSuchMethodError'{0x0000000090eb9740}: java.lang.Object.of([Ljava/lang/Object;)Ljava/util/stream/Stream;> (0x0000000090eb9740) thrown at [/build/openjdk-lts-HXybSI/openjdk-lts-10.0.2+13/src/hotspot/share/interpreter/linkResolver.c

Events (10 events):
Event: 0.913 loading class java/lang/Byte$ByteCache
Event: 0.913 loading class java/lang/Byte$ByteCache done
Event: 0.927 loading class jdk/internal/reflect/UnsafeShortFieldAccessorImpl
Event: 0.927 loading class jdk/internal/reflect/UnsafeShortFieldAccessorImpl done
Event: 0.928 loading class ShortByPointer
Event: 0.928 loading class ShortByPointer done
Event: 0.938 loading class com/sun/jna/Structure$StructureSet
Event: 0.938 loading class com/sun/jna/Structure$StructureSet done
Event: 0.945 loading class com/sun/jna/Function$PointerArray
Event: 0.945 loading class com/sun/jna/Function$PointerArray done


Dynamic libraries:
89a00000-91200000 rw-p 00000000 00:00 0 
91200000-100000000 ---p 00000000 00:00 0 
100000000-1000e0000 rw-p 00000000 00:00 0 
1000e0000-140000000 ---p 00000000 00:00 0 
563da593b000-563da593c000 r-xp 00000000 08:05 917507                     /usr/lib/jvm/java-11-openjdk-amd64/bin/java
563da5b3c000-563da5b3d000 r--p 00001000 08:05 917507                     /usr/lib/jvm/java-11-openjdk-amd64/bin/java
563da5b3d000-563da5b3e000 rw-p 00002000 08:05 917507                     /usr/lib/jvm/java-11-openjdk-amd64/bin/java
563da7129000-563da714a000 rw-p 00000000 00:00 0                          [heap]
7f6784000000-7f678402d000 rw-p 00000000 00:00 0 
7f678402d000-7f6788000000 ---p 00000000 00:00 0 
7f678ad31000-7f678af4a000 r-xp 00000000 08:05 7082683                    /usr/lib/x86_64-linux-gnu/libcrypto.so.1.0.0
7f678af4a000-7f678b149000 ---p 00219000 08:05 7082683                    /usr/lib/x86_64-linux-gnu/libcrypto.so.1.0.0
7f678b149000-7f678b165000 r--p 00218000 08:05 7082683                    /usr/lib/x86_64-linux-gnu/libcrypto.so.1.0.0
7f678b165000-7f678b171000 rw-p 00234000 08:05 7082683                    /usr/lib/x86_64-linux-gnu/libcrypto.so.1.0.0
7f678b171000-7f678b174000 rw-p 00000000 00:00 0 
7f678b174000-7f678b1d2000 r-xp 00000000 08:05 7082684                    /usr/lib/x86_64-linux-gnu/libssl.so.1.0.0
7f678b1d2000-7f678b3d2000 ---p 0005e000 08:05 7082684                    /usr/lib/x86_64-linux-gnu/libssl.so.1.0.0
7f678b3d2000-7f678b3d6000 r--p 0005e000 08:05 7082684                    /usr/lib/x86_64-linux-gnu/libssl.so.1.0.0
7f678b3d6000-7f678b3dc000 rw-p 00062000 08:05 7082684                    /usr/lib/x86_64-linux-gnu/libssl.so.1.0.0
7f678b3dc000-7f678b460000 r-xp 00000000 08:05 2232968                    /home/thiago/Área de Trabalho/Automacao_PGWebLibC/src/main/java/libPGWebLib.so
7f678b460000-7f678b660000 ---p 00084000 08:05 2232968                    /home/thiago/Área de Trabalho/Automacao_PGWebLibC/src/main/java/libPGWebLib.so
7f678b660000-7f678b661000 r--p 00084000 08:05 2232968                    /home/thiago/Área de Trabalho/Automacao_PGWebLibC/src/main/java/libPGWebLib.so
7f678b661000-7f678b665000 rw-p 00085000 08:05 2232968                    /home/thiago/Área de Trabalho/Automacao_PGWebLibC/src/main/java/libPGWebLib.so
7f678b665000-7f678bde7000 rw-p 00000000 00:00 0 
7f678bde7000-7f678bdff000 r-xp 00000000 08:05 3674389                    /home/thiago/.cache/JNA/temp/jna13729639518218263336.tmp (deleted)
7f678bdff000-7f678bfff000 ---p 00018000 08:05 3674389                    /home/thiago/.cache/JNA/temp/jna13729639518218263336.tmp (deleted)
7f678bfff000-7f678c000000 rw-p 00018000 08:05 3674389                    /home/thiago/.cache/JNA/temp/jna13729639518218263336.tmp (deleted)
7f678c000000-7f678c1ec000 rw-p 00000000 00:00 0 
7f678c1ec000-7f6790000000 ---p 00000000 00:00 0 
7f6790000000-7f679026c000 rw-p 00000000 00:00 0 
7f679026c000-7f6794000000 ---p 00000000 00:00 0 
7f6794000000-7f6794021000 rw-p 00000000 00:00 0 
7f6794021000-7f6798000000 ---p 00000000 00:00 0 
7f6798000000-7f6798021000 rw-p 00000000 00:00 0 
7f6798021000-7f679c000000 ---p 00000000 00:00 0 
7f679c000000-7f679c021000 rw-p 00000000 00:00 0 
7f679c021000-7f67a0000000 ---p 00000000 00:00 0 
7f67a0000000-7f67a0021000 rw-p 00000000 00:00 0 
7f67a0021000-7f67a4000000 ---p 00000000 00:00 0 
7f67a4000000-7f67a4021000 rw-p 00000000 00:00 0 
7f67a4021000-7f67a8000000 ---p 00000000 00:00 0 
7f67a8000000-7f67a8021000 rw-p 00000000 00:00 0 
7f67a8021000-7f67ac000000 ---p 00000000 00:00 0 
7f67ac000000-7f67ac021000 rw-p 00000000 00:00 0 
7f67ac021000-7f67b0000000 ---p 00000000 00:00 0 
7f67b0000000-7f67b0021000 rw-p 00000000 00:00 0 
7f67b0021000-7f67b4000000 ---p 00000000 00:00 0 
7f67b4000000-7f67b4021000 rw-p 00000000 00:00 0 
7f67b4021000-7f67b8000000 ---p 00000000 00:00 0 
7f67b8000000-7f67b8021000 rw-p 00000000 00:00 0 
7f67b8021000-7f67bc000000 ---p 00000000 00:00 0 
7f67bc066000-7f67bc067000 r-xp 00000000 08:05 917762                     /usr/lib/jvm/java-11-openjdk-amd64/lib/libextnet.so
7f67bc067000-7f67bc266000 ---p 00001000 08:05 917762                     /usr/lib/jvm/java-11-openjdk-amd64/lib/libextnet.so
7f67bc266000-7f67bc267000 r--p 00000000 08:05 917762                     /usr/lib/jvm/java-11-openjdk-amd64/lib/libextnet.so
7f67bc267000-7f67bc268000 rw-p 00001000 08:05 917762                     /usr/lib/jvm/java-11-openjdk-amd64/lib/libextnet.so
7f67bc268000-7f67be448000 rw-p 00000000 00:00 0 
7f67be448000-7f67c0000000 ---p 00000000 00:00 0 
7f67c0000000-7f67c0021000 rw-p 00000000 00:00 0 
7f67c0021000-7f67c4000000 ---p 00000000 00:00 0 
7f67c41fe000-7f67c41ff000 ---p 00000000 00:00 0 
7f67c41ff000-7f67c4300000 rw-p 00000000 00:00 0 
7f67c4300000-7f67c4304000 ---p 00000000 00:00 0 
7f67c4304000-7f67c4401000 rw-p 00000000 00:00 0 
7f67c4401000-7f67c4405000 ---p 00000000 00:00 0 
7f67c4405000-7f67c4502000 rw-p 00000000 00:00 0 
7f67c4502000-7f67c4519000 r-xp 00000000 08:05 917781                     /usr/lib/jvm/java-11-openjdk-amd64/lib/libnet.so
7f67c4519000-7f67c4718000 ---p 00017000 08:05 917781                     /usr/lib/jvm/java-11-openjdk-amd64/lib/libnet.so
7f67c4718000-7f67c4719000 r--p 00016000 08:05 917781                     /usr/lib/jvm/java-11-openjdk-amd64/lib/libnet.so
7f67c4719000-7f67c471a000 rw-p 00017000 08:05 917781                     /usr/lib/jvm/java-11-openjdk-amd64/lib/libnet.so
7f67c471a000-7f67c472b000 r-xp 00000000 08:05 917782                     /usr/lib/jvm/java-11-openjdk-amd64/lib/libnio.so
7f67c472b000-7f67c492a000 ---p 00011000 08:05 917782                     /usr/lib/jvm/java-11-openjdk-amd64/lib/libnio.so
7f67c492a000-7f67c492b000 r--p 00010000 08:05 917782                     /usr/lib/jvm/java-11-openjdk-amd64/lib/libnio.so
7f67c492b000-7f67c492c000 rw-p 00011000 08:05 917782                     /usr/lib/jvm/java-11-openjdk-amd64/lib/libnio.so
7f67c492c000-7f67c4930000 ---p 00000000 00:00 0 
7f67c4930000-7f67c4a2d000 rw-p 00000000 00:00 0 
7f67c4a2d000-7f67c4a31000 ---p 00000000 00:00 0 
7f67c4a31000-7f67c4b2e000 rw-p 00000000 00:00 0 
7f67c4b2e000-7f67c4b32000 ---p 00000000 00:00 0 
7f67c4b32000-7f67c4c2f000 rw-p 00000000 00:00 0 
7f67c4c2f000-7f67c4c33000 ---p 00000000 00:00 0 
7f67c4c33000-7f67c4d30000 rw-p 00000000 00:00 0 
7f67c4d30000-7f67c4d34000 ---p 00000000 00:00 0 
7f67c4d34000-7f67c4e31000 rw-p 00000000 00:00 0 
7f67c4e31000-7f67c5111000 r--p 00000000 08:05 7080699                    /usr/lib/locale/locale-archive
7f67c5111000-7f67c5115000 ---p 00000000 00:00 0 
7f67c5115000-7f67c5212000 rw-p 00000000 00:00 0 
7f67c5212000-7f67c5216000 ---p 00000000 00:00 0 
7f67c5216000-7f67c5313000 rw-p 00000000 00:00 0 
7f67c5313000-7f67c5314000 ---p 00000000 00:00 0 
7f67c5314000-7f67c5c8b000 rw-p 00000000 00:00 0 
7f67c5c8b000-7f67c5c8c000 ---p 00000000 00:00 0 
7f67c5c8c000-7f67c5f6d000 rw-p 00000000 00:00 0 
7f67c5f6d000-7f67c7b25000 ---p 00000000 00:00 0 
7f67c7b25000-7f67c7d95000 rwxp 00000000 00:00 0 
7f67c7d95000-7f67c80b4000 ---p 00000000 00:00 0 
7f67c80b4000-7f67c8324000 rwxp 00000000 00:00 0 
7f67c8324000-7f67cf5ec000 ---p 00000000 00:00 0 
7f67cf5ec000-7f67cf85c000 rwxp 00000000 00:00 0 
7f67cf85c000-7f67d6b25000 ---p 00000000 00:00 0 
7f67d6b25000-7f67e0000000 r--s 00000000 08:05 917791                     /usr/lib/jvm/java-11-openjdk-amd64/lib/modules
7f67e0000000-7f67e0350000 rw-p 00000000 00:00 0 
7f67e0350000-7f67e4000000 ---p 00000000 00:00 0 
7f67e403e000-7f67e4045000 r--s 00000000 08:05 7345540                    /usr/lib/x86_64-linux-gnu/gconv/gconv-modules.cache
7f67e4045000-7f67e406b000 r--p 00000000 08:05 8400848                    /usr/share/locale-langpack/pt_BR/LC_MESSAGES/libc.mo
7f67e406b000-7f67e40c6000 rw-p 00000000 00:00 0 
7f67e40c6000-7f67e40c7000 ---p 00000000 00:00 0 
7f67e40c7000-7f67e41c8000 rw-p 00000000 00:00 0 
7f67e41c8000-7f67e41c9000 ---p 00000000 00:00 0 
7f67e41c9000-7f67e44cc000 rw-p 00000000 00:00 0 
7f67e44cc000-7f67e44cd000 ---p 00000000 00:00 0 
7f67e44cd000-7f67e45ce000 rw-p 00000000 00:00 0 
7f67e45ce000-7f67e45cf000 ---p 00000000 00:00 0 
7f67e45cf000-7f67e470c000 rw-p 00000000 00:00 0 
7f67e470c000-7f67e4a83000 ---p 00000000 00:00 0 
7f67e4a83000-7f67e4abf000 rw-p 00000000 00:00 0 
7f67e4abf000-7f67e4e36000 ---p 00000000 00:00 0 
7f67e4e36000-7f67e4e72000 rw-p 00000000 00:00 0 
7f67e4e72000-7f67e51e9000 ---p 00000000 00:00 0 
7f67e51e9000-7f67e53eb000 rw-p 00000000 00:00 0 
7f67e53eb000-7f67e53ec000 ---p 00000000 00:00 0 
7f67e53ec000-7f67e54ed000 rw-p 00000000 00:00 0 
7f67e54ed000-7f67e54ee000 ---p 00000000 00:00 0 
7f67e54ee000-7f67e55f4000 rw-p 00000000 00:00 0 
7f67e55f4000-7f67e56da000 ---p 00000000 00:00 0 
7f67e56da000-7f67e56df000 rw-p 00000000 00:00 0 
7f67e56df000-7f67e57c5000 ---p 00000000 00:00 0 
7f67e57c5000-7f67e57ca000 r-xp 00000000 08:05 917773                     /usr/lib/jvm/java-11-openjdk-amd64/lib/libjimage.so
7f67e57ca000-7f67e59c9000 ---p 00005000 08:05 917773                     /usr/lib/jvm/java-11-openjdk-amd64/lib/libjimage.so
7f67e59c9000-7f67e59ca000 r--p 00004000 08:05 917773                     /usr/lib/jvm/java-11-openjdk-amd64/lib/libjimage.so
7f67e59ca000-7f67e59cb000 rw-p 00005000 08:05 917773                     /usr/lib/jvm/java-11-openjdk-amd64/lib/libjimage.so
7f67e59cb000-7f67e59d2000 r-xp 00000000 08:05 917790                     /usr/lib/jvm/java-11-openjdk-amd64/lib/libzip.so
7f67e59d2000-7f67e5bd1000 ---p 00007000 08:05 917790                     /usr/lib/jvm/java-11-openjdk-amd64/lib/libzip.so
7f67e5bd1000-7f67e5bd2000 r--p 00006000 08:05 917790                     /usr/lib/jvm/java-11-openjdk-amd64/lib/libzip.so
7f67e5bd2000-7f67e5bd3000 rw-p 00007000 08:05 917790                     /usr/lib/jvm/java-11-openjdk-amd64/lib/libzip.so
7f67e5bd3000-7f67e5bde000 r-xp 00000000 08:05 8131114                    /lib/x86_64-linux-gnu/libnss_files-2.27.so
7f67e5bde000-7f67e5ddd000 ---p 0000b000 08:05 8131114                    /lib/x86_64-linux-gnu/libnss_files-2.27.so
7f67e5ddd000-7f67e5dde000 r--p 0000a000 08:05 8131114                    /lib/x86_64-linux-gnu/libnss_files-2.27.so
7f67e5dde000-7f67e5ddf000 rw-p 0000b000 08:05 8131114                    /lib/x86_64-linux-gnu/libnss_files-2.27.so
7f67e5ddf000-7f67e5de5000 rw-p 00000000 00:00 0 
7f67e5de5000-7f67e5dfc000 r-xp 00000000 08:05 8131107                    /lib/x86_64-linux-gnu/libnsl-2.27.so
7f67e5dfc000-7f67e5ffb000 ---p 00017000 08:05 8131107                    /lib/x86_64-linux-gnu/libnsl-2.27.so
7f67e5ffb000-7f67e5ffc000 r--p 00016000 08:05 8131107                    /lib/x86_64-linux-gnu/libnsl-2.27.so
7f67e5ffc000-7f67e5ffd000 rw-p 00017000 08:05 8131107                    /lib/x86_64-linux-gnu/libnsl-2.27.so
7f67e5ffd000-7f67e5fff000 rw-p 00000000 00:00 0 
7f67e5fff000-7f67e600a000 r-xp 00000000 08:05 8131130                    /lib/x86_64-linux-gnu/libnss_nis-2.27.so
7f67e600a000-7f67e6209000 ---p 0000b000 08:05 8131130                    /lib/x86_64-linux-gnu/libnss_nis-2.27.so
7f67e6209000-7f67e620a000 r--p 0000a000 08:05 8131130                    /lib/x86_64-linux-gnu/libnss_nis-2.27.so
7f67e620a000-7f67e620b000 rw-p 0000b000 08:05 8131130                    /lib/x86_64-linux-gnu/libnss_nis-2.27.so
7f67e620b000-7f67e6213000 r-xp 00000000 08:05 8131108                    /lib/x86_64-linux-gnu/libnss_compat-2.27.so
7f67e6213000-7f67e6413000 ---p 00008000 08:05 8131108                    /lib/x86_64-linux-gnu/libnss_compat-2.27.so
7f67e6413000-7f67e6414000 r--p 00008000 08:05 8131108                    /lib/x86_64-linux-gnu/libnss_compat-2.27.so
7f67e6414000-7f67e6415000 rw-p 00009000 08:05 8131108                    /lib/x86_64-linux-gnu/libnss_compat-2.27.so
7f67e6415000-7f67e641f000 r-xp 00000000 08:05 917764                     /usr/lib/jvm/java-11-openjdk-amd64/lib/libinstrument.so
7f67e641f000-7f67e661e000 ---p 0000a000 08:05 917764                     /usr/lib/jvm/java-11-openjdk-amd64/lib/libinstrument.so
7f67e661e000-7f67e661f000 r--p 00009000 08:05 917764                     /usr/lib/jvm/java-11-openjdk-amd64/lib/libinstrument.so
7f67e661f000-7f67e6620000 rw-p 0000a000 08:05 917764                     /usr/lib/jvm/java-11-openjdk-amd64/lib/libinstrument.so
7f67e6620000-7f67e664c000 r-xp 00000000 08:05 917769                     /usr/lib/jvm/java-11-openjdk-amd64/lib/libjava.so
7f67e664c000-7f67e684b000 ---p 0002c000 08:05 917769                     /usr/lib/jvm/java-11-openjdk-amd64/lib/libjava.so
7f67e684b000-7f67e684c000 r--p 0002b000 08:05 917769                     /usr/lib/jvm/java-11-openjdk-amd64/lib/libjava.so
7f67e684c000-7f67e684e000 rw-p 0002c000 08:05 917769                     /usr/lib/jvm/java-11-openjdk-amd64/lib/libjava.so
7f67e684e000-7f67e685b000 r-xp 00000000 08:05 917789                     /usr/lib/jvm/java-11-openjdk-amd64/lib/libverify.so
7f67e685b000-7f67e6a5a000 ---p 0000d000 08:05 917789                     /usr/lib/jvm/java-11-openjdk-amd64/lib/libverify.so
7f67e6a5a000-7f67e6a5c000 r--p 0000c000 08:05 917789                     /usr/lib/jvm/java-11-openjdk-amd64/lib/libverify.so
7f67e6a5c000-7f67e6a5d000 rw-p 0000e000 08:05 917789                     /usr/lib/jvm/java-11-openjdk-amd64/lib/libverify.so
7f67e6a5d000-7f67e6a64000 r-xp 00000000 08:05 8131145                    /lib/x86_64-linux-gnu/librt-2.27.so
7f67e6a64000-7f67e6c63000 ---p 00007000 08:05 8131145                    /lib/x86_64-linux-gnu/librt-2.27.so
7f67e6c63000-7f67e6c64000 r--p 00006000 08:05 8131145                    /lib/x86_64-linux-gnu/librt-2.27.so
7f67e6c64000-7f67e6c65000 rw-p 00007000 08:05 8131145                    /lib/x86_64-linux-gnu/librt-2.27.so
7f67e6c65000-7f67e6c7c000 r-xp 00000000 08:05 8131049                    /lib/x86_64-linux-gnu/libgcc_s.so.1
7f67e6c7c000-7f67e6e7b000 ---p 00017000 08:05 8131049                    /lib/x86_64-linux-gnu/libgcc_s.so.1
7f67e6e7b000-7f67e6e7c000 r--p 00016000 08:05 8131049                    /lib/x86_64-linux-gnu/libgcc_s.so.1
7f67e6e7c000-7f67e6e7d000 rw-p 00017000 08:05 8131049                    /lib/x86_64-linux-gnu/libgcc_s.so.1
7f67e6e7d000-7f67e701a000 r-xp 00000000 08:05 8131047                    /lib/x86_64-linux-gnu/libm-2.27.so
7f67e701a000-7f67e7219000 ---p 0019d000 08:05 8131047                    /lib/x86_64-linux-gnu/libm-2.27.so
7f67e7219000-7f67e721a000 r--p 0019c000 08:05 8131047                    /lib/x86_64-linux-gnu/libm-2.27.so
7f67e721a000-7f67e721b000 rw-p 0019d000 08:05 8131047                    /lib/x86_64-linux-gnu/libm-2.27.so
7f67e721b000-7f67e7394000 r-xp 00000000 08:05 7078159                    /usr/lib/x86_64-linux-gnu/libstdc++.so.6.0.25
7f67e7394000-7f67e7594000 ---p 00179000 08:05 7078159                    /usr/lib/x86_64-linux-gnu/libstdc++.so.6.0.25
7f67e7594000-7f67e759e000 r--p 00179000 08:05 7078159                    /usr/lib/x86_64-linux-gnu/libstdc++.so.6.0.25
7f67e759e000-7f67e75a0000 rw-p 00183000 08:05 7078159                    /usr/lib/x86_64-linux-gnu/libstdc++.so.6.0.25
7f67e75a0000-7f67e75a4000 rw-p 00000000 00:00 0 
7f67e75a4000-7f67e8541000 r-xp 00000000 08:05 917796                     /usr/lib/jvm/java-11-openjdk-amd64/lib/server/libjvm.so
7f67e8541000-7f67e8741000 ---p 00f9d000 08:05 917796                     /usr/lib/jvm/java-11-openjdk-amd64/lib/server/libjvm.so
7f67e8741000-7f67e8805000 r--p 00f9d000 08:05 917796                     /usr/lib/jvm/java-11-openjdk-amd64/lib/server/libjvm.so
7f67e8805000-7f67e883d000 rw-p 01061000 08:05 917796                     /usr/lib/jvm/java-11-openjdk-amd64/lib/server/libjvm.so
7f67e883d000-7f67e8886000 rw-p 00000000 00:00 0 
7f67e8886000-7f67e88a0000 r-xp 00000000 08:05 8131135                    /lib/x86_64-linux-gnu/libpthread-2.27.so
7f67e88a0000-7f67e8a9f000 ---p 0001a000 08:05 8131135                    /lib/x86_64-linux-gnu/libpthread-2.27.so
7f67e8a9f000-7f67e8aa0000 r--p 00019000 08:05 8131135                    /lib/x86_64-linux-gnu/libpthread-2.27.so
7f67e8aa0000-7f67e8aa1000 rw-p 0001a000 08:05 8131135                    /lib/x86_64-linux-gnu/libpthread-2.27.so
7f67e8aa1000-7f67e8aa5000 rw-p 00000000 00:00 0 
7f67e8aa5000-7f67e8aa8000 r-xp 00000000 08:05 8131046                    /lib/x86_64-linux-gnu/libdl-2.27.so
7f67e8aa8000-7f67e8ca7000 ---p 00003000 08:05 8131046                    /lib/x86_64-linux-gnu/libdl-2.27.so
7f67e8ca7000-7f67e8ca8000 r--p 00002000 08:05 8131046                    /lib/x86_64-linux-gnu/libdl-2.27.so
7f67e8ca8000-7f67e8ca9000 rw-p 00003000 08:05 8131046                    /lib/x86_64-linux-gnu/libdl-2.27.so
7f67e8ca9000-7f67e8cc5000 r-xp 00000000 08:05 8131219                    /lib/x86_64-linux-gnu/libz.so.1.2.11
7f67e8cc5000-7f67e8ec4000 ---p 0001c000 08:05 8131219                    /lib/x86_64-linux-gnu/libz.so.1.2.11
7f67e8ec4000-7f67e8ec5000 r--p 0001b000 08:05 8131219                    /lib/x86_64-linux-gnu/libz.so.1.2.11
7f67e8ec5000-7f67e8ec6000 rw-p 0001c000 08:05 8131219                    /lib/x86_64-linux-gnu/libz.so.1.2.11
7f67e8ec6000-7f67e90ad000 r-xp 00000000 08:05 8131019                    /lib/x86_64-linux-gnu/libc-2.27.so
7f67e90ad000-7f67e92ad000 ---p 001e7000 08:05 8131019                    /lib/x86_64-linux-gnu/libc-2.27.so
7f67e92ad000-7f67e92b1000 r--p 001e7000 08:05 8131019                    /lib/x86_64-linux-gnu/libc-2.27.so
7f67e92b1000-7f67e92b3000 rw-p 001eb000 08:05 8131019                    /lib/x86_64-linux-gnu/libc-2.27.so
7f67e92b3000-7f67e92b7000 rw-p 00000000 00:00 0 
7f67e92b7000-7f67e92c6000 r-xp 00000000 08:05 917754                     /usr/lib/jvm/java-11-openjdk-amd64/lib/jli/libjli.so
7f67e92c6000-7f67e94c5000 ---p 0000f000 08:05 917754                     /usr/lib/jvm/java-11-openjdk-amd64/lib/jli/libjli.so
7f67e94c5000-7f67e94c6000 r--p 0000e000 08:05 917754                     /usr/lib/jvm/java-11-openjdk-amd64/lib/jli/libjli.so
7f67e94c6000-7f67e94c7000 rw-p 0000f000 08:05 917754                     /usr/lib/jvm/java-11-openjdk-amd64/lib/jli/libjli.so
7f67e94c7000-7f67e94ee000 r-xp 00000000 08:05 8131013                    /lib/x86_64-linux-gnu/ld-2.27.so
7f67e94f4000-7f67e94f8000 ---p 00000000 00:00 0 
7f67e94f8000-7f67e95cc000 rw-p 00000000 00:00 0 
7f67e95cc000-7f67e95d0000 ---p 00000000 00:00 0 
7f67e95d0000-7f67e96cf000 rw-p 00000000 00:00 0 
7f67e96d5000-7f67e96db000 rw-p 00000000 00:00 0 
7f67e96db000-7f67e96e2000 ---p 00000000 00:00 0 
7f67e96e2000-7f67e96ea000 rw-s 00000000 08:05 4718735                    /tmp/hsperfdata_thiago/24329
7f67e96ea000-7f67e96eb000 ---p 00000000 00:00 0 
7f67e96eb000-7f67e96ec000 r--p 00000000 00:00 0 
7f67e96ec000-7f67e96ee000 rw-p 00000000 00:00 0 
7f67e96ee000-7f67e96ef000 r--p 00027000 08:05 8131013                    /lib/x86_64-linux-gnu/ld-2.27.so
7f67e96ef000-7f67e96f0000 rw-p 00028000 08:05 8131013                    /lib/x86_64-linux-gnu/ld-2.27.so
7f67e96f0000-7f67e96f1000 rw-p 00000000 00:00 0 
7ffe90daf000-7ffe90dd0000 rw-p 00000000 00:00 0                          [stack]
7ffe90df7000-7ffe90dfa000 r--p 00000000 00:00 0                          [vvar]
7ffe90dfa000-7ffe90dfc000 r-xp 00000000 00:00 0                          [vdso]
ffffffffff600000-ffffffffff601000 r-xp 00000000 00:00 0                  [vsyscall]


VM Arguments:
jvm_args: -javaagent:/home/thiago/Ferramentas/idea-IC-181.4445.78/lib/idea_rt.jar=44697:/home/thiago/Ferramentas/idea-IC-181.4445.78/bin -Dfile.encoding=UTF-8 
java_command: Principal
java_class_path (initial): /home/thiago/Área de Trabalho/Automacao_PGWebLibC/target/classes:/home/thiago/.m2/repository/net/java/dev/jna/jna/5.0.0/jna-5.0.0.jar
Launcher Type: SUN_STANDARD

Logging:
Log output configuration:
#0: stdout all=warning uptime,level,tags
#1: stderr all=off uptime,level,tags

Environment Variables:
JAVA_HOME=/usr/lib/jvm/java-1.8.0-openjdk-amd64
PATH=/usr/lib/jvm/java-1.8.0-openjdk-amd64/bin:/usr/local/sbin:/usr/local/bin:/usr/sbin:/usr/bin:/sbin:/bin:/usr/games:/usr/local/games:/snap/bin:/usr/lib/jvm/java-8-oracle/bin:/usr/lib/jvm/java-8-oracle/db/bin:/usr/lib/jvm/java-8-oracle/jre/bin
USERNAME=thiago
SHELL=/bin/bash
DISPLAY=:0

Signal Handlers:
SIGSEGV: [libjvm.so+0xd28b70], sa_mask[0]=11111111011111111101111111111110, sa_flags=SA_RESTART|SA_SIGINFO
SIGBUS: [libjvm.so+0xd28b70], sa_mask[0]=11111111011111111101111111111110, sa_flags=SA_RESTART|SA_SIGINFO
SIGFPE: [libjvm.so+0xd28b70], sa_mask[0]=11111111011111111101111111111110, sa_flags=SA_RESTART|SA_SIGINFO
SIGPIPE: [libjvm.so+0xb2a1f0], sa_mask[0]=11111111011111111101111111111110, sa_flags=SA_RESTART|SA_SIGINFO
SIGXFSZ: [libjvm.so+0xb2a1f0], sa_mask[0]=11111111011111111101111111111110, sa_flags=SA_RESTART|SA_SIGINFO
SIGILL: [libjvm.so+0xd28b70], sa_mask[0]=11111111011111111101111111111110, sa_flags=SA_RESTART|SA_SIGINFO
SIGUSR2: [libjvm.so+0xb2a030], sa_mask[0]=00100000000000000000000000000000, sa_flags=SA_RESTART|SA_SIGINFO
SIGHUP: [libjvm.so+0xb2a180], sa_mask[0]=11111111011111111101111111111110, sa_flags=SA_RESTART|SA_SIGINFO
SIGINT: [libjvm.so+0xb2a180], sa_mask[0]=11111111011111111101111111111110, sa_flags=SA_RESTART|SA_SIGINFO
SIGTERM: [libjvm.so+0xb2a180], sa_mask[0]=11111111011111111101111111111110, sa_flags=SA_RESTART|SA_SIGINFO
SIGQUIT: [libjvm.so+0xb2a180], sa_mask[0]=11111111011111111101111111111110, sa_flags=SA_RESTART|SA_SIGINFO


---------------  S Y S T E M  ---------------

OS:DISTRIB_ID=Ubuntu
DISTRIB_RELEASE=18.04
DISTRIB_CODENAME=bionic
DISTRIB_DESCRIPTION="Ubuntu 18.04.1 LTS"
uname:Linux 4.15.0-39-generic #42-Ubuntu SMP Tue Oct 23 15:48:01 UTC 2018 x86_64
libc:glibc 2.27 NPTL 2.27 
rlimit: STACK 8192k, CORE 0k, NPROC 30042, NOFILE 1048576, AS infinity, DATA infinity, FSIZE infinity
load average:2.14 1.38 1.35

/proc/meminfo:
MemTotal:        7751356 kB
MemFree:          365160 kB
MemAvailable:    2470784 kB
Buffers:          564900 kB
Cached:          1991908 kB
SwapCached:          324 kB
Active:          5229008 kB
Inactive:        1767148 kB
Active(anon):    3886356 kB
Inactive(anon):   841820 kB
Active(file):    1342652 kB
Inactive(file):   925328 kB
Unevictable:         292 kB
Mlocked:             292 kB
SwapTotal:       2097148 kB
SwapFree:        2095100 kB
Dirty:             13124 kB
Writeback:             0 kB
AnonPages:       4439396 kB
Mapped:           960304 kB
Shmem:            702728 kB
Slab:             213476 kB
SReclaimable:     112672 kB
SUnreclaim:       100804 kB
KernelStack:       16816 kB
PageTables:        77244 kB
NFS_Unstable:          0 kB
Bounce:                0 kB
WritebackTmp:          0 kB
CommitLimit:     5972824 kB
Committed_AS:   12951104 kB
VmallocTotal:   34359738367 kB
VmallocUsed:           0 kB
VmallocChunk:          0 kB
HardwareCorrupted:     0 kB
AnonHugePages:         0 kB
ShmemHugePages:        0 kB
ShmemPmdMapped:        0 kB
CmaTotal:              0 kB
CmaFree:               0 kB
HugePages_Total:       0
HugePages_Free:        0
HugePages_Rsvd:        0
HugePages_Surp:        0
Hugepagesize:       2048 kB
DirectMap4k:      288624 kB
DirectMap2M:     7680000 kB

container (cgroup) information:
container_type: cgroupv1
cpu_cpuset_cpus: 0-1
cpu_memory_nodes: 0
active_processor_count: 2
cpu_quota: -1
cpu_period: 100000
cpu_shares: -1
memory_limit_in_bytes: -1
memory_and_swap_limit_in_bytes: -2
memory_soft_limit_in_bytes: -1
memory_usage_in_bytes: 6303731712
memory_max_usage_in_bytes: 7068237824


CPU:total 2 (initial active 2) (2 cores per cpu, 2 threads per core) family 6 model 42 stepping 7, cmov, cx8, fxsr, mmx, sse, sse2, sse3, ssse3, sse4.1, sse4.2, popcnt, avx, clmul, ht, tsc, tscinvbit
CPU Model and flags from /proc/cpuinfo:
model name	: Intel(R) Core(TM) i3-2328M CPU @ 2.20GHz
flags		: fpu vme de pse tsc msr pae mce cx8 apic sep mtrr pge mca cmov pat pse36 clflush dts acpi mmx fxsr sse sse2 ss ht tm pbe syscall nx rdtscp lm constant_tsc arch_perfmon pebs bts rep_good nopl xtopology nonstop_tsc cpuid aperfmperf pni pclmulqdq dtes64 monitor ds_cpl vmx est tm2 ssse3 cx16 xtpr pdcm pcid sse4_1 sse4_2 x2apic popcnt tsc_deadline_timer xsave avx lahf_lm epb pti ssbd ibrs ibpb stibp tpr_shadow vnmi flexpriority ept vpid xsaveopt dtherm arat pln pts flush_l1d

Memory: 4k page, physical 7751356k(365160k free), swap 2097148k(2095100k free)

vm_info: OpenJDK 64-Bit Server VM (10.0.2+13-Ubuntu-1ubuntu0.18.04.3) for linux-amd64 JRE (10.0.2+13-Ubuntu-1ubuntu0.18.04.3), built on Oct  7 2018 15:06:09 by "buildd" with gcc 7.3.0

END.
