#
# A fatal error has been detected by the Java Runtime Environment:
#
#  SIGSEGV (0xb) at pc=0x00007f4178bf07e2, pid=14149, tid=14150
#
# JRE version: OpenJDK Runtime Environment (10.0.2+13) (build 10.0.2+13-Ubuntu-1ubuntu0.18.04.3)
# Java VM: OpenJDK 64-Bit Server VM (10.0.2+13-Ubuntu-1ubuntu0.18.04.3, mixed mode, tiered, compressed oops, g1 gc, linux-amd64)
# Problematic frame:
# C  [libPGWebLib.so+0x437e2]  PW_iAddParam+0xab2
#
# Core dump will be written. Default location: Core dumps may be processed with "/usr/share/apport/apport %p %s %c %d %P" (or dumping to /home/thiago/Área de Trabalho/Automacao_PGWebLibC/core.14149)
#
# If you would like to submit a bug report, please visit:
#   http://bugreport.java.com/bugreport/crash.jsp
# The crash happened outside the Java Virtual Machine in native code.
# See problematic frame for where to report the bug.
#

---------------  S U M M A R Y ------------

Command Line: -javaagent:/home/thiago/Ferramentas/idea-IC-181.4445.78/lib/idea_rt.jar=45815:/home/thiago/Ferramentas/idea-IC-181.4445.78/bin -Dfile.encoding=UTF-8 Principal

Host: Intel(R) Core(TM) i3-2328M CPU @ 2.20GHz, 2 cores, 7G, Ubuntu 18.04.1 LTS
Time: Thu Nov 22 17:03:21 2018 -02 elapsed time: 0 seconds (0d 0h 0m 0s)

---------------  T H R E A D  ---------------

Current thread (0x00007f41a8012800):  JavaThread "main" [_thread_in_native, id=14150, stack(0x00007f41aec3a000,0x00007f41aed3b000)]

Stack: [0x00007f41aec3a000,0x00007f41aed3b000],  sp=0x00007f41aed38900,  free space=1018k
Native frames: (J=compiled Java code, A=aot compiled Java code, j=interpreted, Vv=VM code, C=native code)
C  [libPGWebLib.so+0x437e2]  PW_iAddParam+0xab2

Java frames: (J=compiled Java code, j=interpreted, Vv=VM code)
j  com.sun.jna.Native.invokeInt(Lcom/sun/jna/Function;JI[Ljava/lang/Object;)I+0
j  com.sun.jna.Function.invoke([Ljava/lang/Object;Ljava/lang/Class;ZI)Ljava/lang/Object;+211
j  com.sun.jna.Function.invoke(Ljava/lang/reflect/Method;[Ljava/lang/Class;Ljava/lang/Class;[Ljava/lang/Object;Ljava/util/Map;)Ljava/lang/Object;+271
j  com.sun.jna.Library$Handler.invoke(Ljava/lang/Object;Ljava/lang/reflect/Method;[Ljava/lang/Object;)Ljava/lang/Object;+344
j  com.sun.proxy.$Proxy0.PW_iAddParam(II)I+26
j  LibIntegrada.chamarPW_iAddParam(LEnums/PWINFO;I)I+9
j  ChamarFuncoes.chamarPW_iAddParam(LEnums/PWINFO;I)Ljava/lang/String;+5
j  Principal.main([Ljava/lang/String;)V+176
v  ~StubRoutines::call_stub

siginfo: si_signo: 11 (SIGSEGV), si_code: 1 (SEGV_MAPERR), si_addr: 0x0000000000000000

Register to memory mapping:

RAX=0x0000000000000001 is an unknown value
RBX=0x0000000000007f01 is an unknown value
RCX=0x00007f41ae644187: __write+0x0000000000000047 in /lib/x86_64-linux-gnu/libc.so.6 at 0x00007f41ae534000
RDX=0x0000000000000005 is an unknown value
RSP=0x00007f41aed38900 is pointing into the stack for thread: 0x00007f41a8012800
RBP=0x0000000000000000 is an unknown value
RSI=0x00007f41a8001830 is an unknown value
RDI=0x0000000000000000 is an unknown value
R8 =0x0000000000000000 is an unknown value
R9 =0x00007f41aed3a700 is pointing into the stack for thread: 0x00007f41a8012800
R10=
[error occurred during error reporting (printing register info), id 0xb]

Registers:
RAX=0x0000000000000001, RBX=0x0000000000007f01, RCX=0x00007f41ae644187, RDX=0x0000000000000005
RSP=0x00007f41aed38900, RBP=0x0000000000000000, RSI=0x00007f41a8001830, RDI=0x0000000000000000
R8 =0x0000000000000000, R9 =0x00007f41aed3a700, R10=0x00000000ffffffeb, R11=0x0000000000000000
R12=0x0000000000007f01, R13=0x00000000fffff63d, R14=0x0000000000000002, R15=0x00007f41aed38b10
RIP=0x00007f4178bf07e2, EFLAGS=0x0000000000010246, CSGSFS=0x002b000000000033, ERR=0x0000000000000004
  TRAPNO=0x000000000000000e

Top of Stack: (sp=0x00007f41aed38900)
0x00007f41aed38900:   00007f41aed38930 00007f41795caafb
0x00007f41aed38910:   0000000000000000 00007f41aed38b30
0x00007f41aed38920:   0000000000000004 0000000000000001
0x00007f41aed38930:   00007f41aed38b00 00007f41795cb33b 

Instructions: (pc=0x00007f4178bf07e2)
0x00007f4178bf07c2:   e9 ac f7 ff ff 48 8b 05 c2 15 24 00 0f b6 40 02
0x00007f4178bf07d2:   3c fd 0f 84 07 07 00 00 3c 01 0f 85 8e fa ff ff
0x00007f4178bf07e2:   80 7d 00 31 0f 85 51 07 00 00 80 7d 01 00 0f 85
0x00007f4178bf07f2:   47 07 00 00 48 8b 05 4b 13 24 00 66 c7 80 b4 00 


---------------  P R O C E S S  ---------------

Threads class SMR info:
_java_thread_list=0x00007f41a82ad150, length=11, elements={
0x00007f41a8012800, 0x00007f41a814d800, 0x00007f41a814f800, 0x00007f41a8164000,
0x00007f41a8166000, 0x00007f41a8168000, 0x00007f41a816a000, 0x00007f41a81ed000,
0x00007f41a824b800, 0x00007f41a824c000, 0x00007f41a82a8000
}

Java Threads: ( => current thread )
=>0x00007f41a8012800 JavaThread "main" [_thread_in_native, id=14150, stack(0x00007f41aec3a000,0x00007f41aed3b000)]
  0x00007f41a814d800 JavaThread "Reference Handler" daemon [_thread_blocked, id=14166, stack(0x00007f418c613000,0x00007f418c714000)]
  0x00007f41a814f800 JavaThread "Finalizer" daemon [_thread_blocked, id=14167, stack(0x00007f418c512000,0x00007f418c613000)]
  0x00007f41a8164000 JavaThread "Signal Dispatcher" daemon [_thread_blocked, id=14168, stack(0x00007f418c131000,0x00007f418c232000)]
  0x00007f41a8166000 JavaThread "C2 CompilerThread0" daemon [_thread_blocked, id=14169, stack(0x00007f418c030000,0x00007f418c131000)]
  0x00007f41a8168000 JavaThread "C1 CompilerThread1" daemon [_thread_blocked, id=14170, stack(0x00007f41843cf000,0x00007f41844d0000)]
  0x00007f41a816a000 JavaThread "Sweeper thread" daemon [_thread_blocked, id=14171, stack(0x00007f41842ce000,0x00007f41843cf000)]
  0x00007f41a81ed000 JavaThread "Common-Cleaner" daemon [_thread_blocked, id=14180, stack(0x00007f41841cd000,0x00007f41842ce000)]
  0x00007f41a824b800 JavaThread "Monitor Ctrl-Break" daemon [_thread_in_native, id=14181, stack(0x00007f41840cc000,0x00007f41841cd000)]
  0x00007f41a824c000 JavaThread "Service Thread" daemon [_thread_blocked, id=14182, stack(0x00007f4179ad5000,0x00007f4179bd6000)]
  0x00007f41a82a8000 JavaThread "process reaper" daemon [_thread_blocked, id=14188, stack(0x00007f41aeb62000,0x00007f41aeb84000)]

Other Threads:
  0x00007f41a8144000 VMThread "VM Thread" [stack: 0x00007f418c716000,0x00007f418c816000] [id=14165]
  0x00007f41a824e000 WatcherThread [stack: 0x00007f41799d5000,0x00007f4179ad5000] [id=14183]
  0x00007f41a8029000 GCTaskThread "GC Thread#0" [stack: 0x00007f418e5b7000,0x00007f418e6b7000] [id=14154]
  0x00007f41a802a800 GCTaskThread "GC Thread#1" [stack: 0x00007f418e4b5000,0x00007f418e5b5000] [id=14155]
  0x00007f41a8052800 ConcurrentGCThread "G1 Main Marker" [stack: 0x00007f418d698000,0x00007f418d798000] [id=14156]
  0x00007f41a8054000 ConcurrentGCThread "G1 Conc#0" [stack: 0x00007f418d596000,0x00007f418d696000] [id=14161]
  0x00007f41a80b8800 ConcurrentGCThread "G1 Refine#0" [stack: 0x00007f418d292000,0x00007f418d392000] [id=14162]
  0x00007f41a80ba000 ConcurrentGCThread "G1 Refine#1" [stack: 0x00007f418d190000,0x00007f418d290000] [id=14163]
  0x00007f41a80bc000 ConcurrentGCThread "G1 Young RemSet Sampling" [stack: 0x00007f418d08e000,0x00007f418d18e000] [id=14164]

Threads with active compile tasks:

VM state:not at safepoint (normal execution)

VM Mutex/Monitor currently owned by a thread: None

Heap address: 0x0000000089a00000, size: 1894 MB, Compressed Oops mode: 32-bit
Narrow klass base: 0x0000000000000000, Narrow klass shift: 3
Compressed class space size: 1073741824 Address: 0x0000000100000000

Heap:
 garbage-first heap   total 122880K, used 4096K [0x0000000089a00000, 0x0000000100000000)
  region size 1024K, 5 young (5120K), 0 survivors (0K)
 Metaspace       used 8458K, capacity 8555K, committed 8832K, reserved 1056768K
  class space    used 738K, capacity 789K, committed 896K, reserved 1048576K
Heap Regions: E=young(eden), S=young(survivor), O=old, HS=humongous(starts), HC=humongous(continues), CS=collection set, F=free, A=archive, TS=gc time stamp, AC=allocation context, TAMS=top-at-mark-start (previous, next)
|   0|0x0000000089a00000, 0x0000000089a00000, 0x0000000089b00000|  0%| F|  |TS  0|AC  0|TAMS 0x0000000089a00000, 0x0000000089a00000|
|   1|0x0000000089b00000, 0x0000000089b00000, 0x0000000089c00000|  0%| F|  |TS  0|AC  0|TAMS 0x0000000089b00000, 0x0000000089b00000|
|   2|0x0000000089c00000, 0x0000000089c00000, 0x0000000089d00000|  0%| F|  |TS  0|AC  0|TAMS 0x0000000089c00000, 0x0000000089c00000|
|   3|0x0000000089d00000, 0x0000000089d00000, 0x0000000089e00000|  0%| F|  |TS  0|AC  0|TAMS 0x0000000089d00000, 0x0000000089d00000|
|   4|0x0000000089e00000, 0x0000000089e00000, 0x0000000089f00000|  0%| F|  |TS  0|AC  0|TAMS 0x0000000089e00000, 0x0000000089e00000|
|   5|0x0000000089f00000, 0x0000000089f00000, 0x000000008a000000|  0%| F|  |TS  0|AC  0|TAMS 0x0000000089f00000, 0x0000000089f00000|
|   6|0x000000008a000000, 0x000000008a000000, 0x000000008a100000|  0%| F|  |TS  0|AC  0|TAMS 0x000000008a000000, 0x000000008a000000|
|   7|0x000000008a100000, 0x000000008a100000, 0x000000008a200000|  0%| F|  |TS  0|AC  0|TAMS 0x000000008a100000, 0x000000008a100000|
|   8|0x000000008a200000, 0x000000008a200000, 0x000000008a300000|  0%| F|  |TS  0|AC  0|TAMS 0x000000008a200000, 0x000000008a200000|
|   9|0x000000008a300000, 0x000000008a300000, 0x000000008a400000|  0%| F|  |TS  0|AC  0|TAMS 0x000000008a300000, 0x000000008a300000|
|  10|0x000000008a400000, 0x000000008a400000, 0x000000008a500000|  0%| F|  |TS  0|AC  0|TAMS 0x000000008a400000, 0x000000008a400000|
|  11|0x000000008a500000, 0x000000008a500000, 0x000000008a600000|  0%| F|  |TS  0|AC  0|TAMS 0x000000008a500000, 0x000000008a500000|
|  12|0x000000008a600000, 0x000000008a600000, 0x000000008a700000|  0%| F|  |TS  0|AC  0|TAMS 0x000000008a600000, 0x000000008a600000|
|  13|0x000000008a700000, 0x000000008a700000, 0x000000008a800000|  0%| F|  |TS  0|AC  0|TAMS 0x000000008a700000, 0x000000008a700000|
|  14|0x000000008a800000, 0x000000008a800000, 0x000000008a900000|  0%| F|  |TS  0|AC  0|TAMS 0x000000008a800000, 0x000000008a800000|
|  15|0x000000008a900000, 0x000000008a900000, 0x000000008aa00000|  0%| F|  |TS  0|AC  0|TAMS 0x000000008a900000, 0x000000008a900000|
|  16|0x000000008aa00000, 0x000000008aa00000, 0x000000008ab00000|  0%| F|  |TS  0|AC  0|TAMS 0x000000008aa00000, 0x000000008aa00000|
|  17|0x000000008ab00000, 0x000000008ab00000, 0x000000008ac00000|  0%| F|  |TS  0|AC  0|TAMS 0x000000008ab00000, 0x000000008ab00000|
|  18|0x000000008ac00000, 0x000000008ac00000, 0x000000008ad00000|  0%| F|  |TS  0|AC  0|TAMS 0x000000008ac00000, 0x000000008ac00000|
|  19|0x000000008ad00000, 0x000000008ad00000, 0x000000008ae00000|  0%| F|  |TS  0|AC  0|TAMS 0x000000008ad00000, 0x000000008ad00000|
|  20|0x000000008ae00000, 0x000000008ae00000, 0x000000008af00000|  0%| F|  |TS  0|AC  0|TAMS 0x000000008ae00000, 0x000000008ae00000|
|  21|0x000000008af00000, 0x000000008af00000, 0x000000008b000000|  0%| F|  |TS  0|AC  0|TAMS 0x000000008af00000, 0x000000008af00000|
|  22|0x000000008b000000, 0x000000008b000000, 0x000000008b100000|  0%| F|  |TS  0|AC  0|TAMS 0x000000008b000000, 0x000000008b000000|
|  23|0x000000008b100000, 0x000000008b100000, 0x000000008b200000|  0%| F|  |TS  0|AC  0|TAMS 0x000000008b100000, 0x000000008b100000|
|  24|0x000000008b200000, 0x000000008b200000, 0x000000008b300000|  0%| F|  |TS  0|AC  0|TAMS 0x000000008b200000, 0x000000008b200000|
|  25|0x000000008b300000, 0x000000008b300000, 0x000000008b400000|  0%| F|  |TS  0|AC  0|TAMS 0x000000008b300000, 0x000000008b300000|
|  26|0x000000008b400000, 0x000000008b400000, 0x000000008b500000|  0%| F|  |TS  0|AC  0|TAMS 0x000000008b400000, 0x000000008b400000|
|  27|0x000000008b500000, 0x000000008b500000, 0x000000008b600000|  0%| F|  |TS  0|AC  0|TAMS 0x000000008b500000, 0x000000008b500000|
|  28|0x000000008b600000, 0x000000008b600000, 0x000000008b700000|  0%| F|  |TS  0|AC  0|TAMS 0x000000008b600000, 0x000000008b600000|
|  29|0x000000008b700000, 0x000000008b700000, 0x000000008b800000|  0%| F|  |TS  0|AC  0|TAMS 0x000000008b700000, 0x000000008b700000|
|  30|0x000000008b800000, 0x000000008b800000, 0x000000008b900000|  0%| F|  |TS  0|AC  0|TAMS 0x000000008b800000, 0x000000008b800000|
|  31|0x000000008b900000, 0x000000008b900000, 0x000000008ba00000|  0%| F|  |TS  0|AC  0|TAMS 0x000000008b900000, 0x000000008b900000|
|  32|0x000000008ba00000, 0x000000008ba00000, 0x000000008bb00000|  0%| F|  |TS  0|AC  0|TAMS 0x000000008ba00000, 0x000000008ba00000|
|  33|0x000000008bb00000, 0x000000008bb00000, 0x000000008bc00000|  0%| F|  |TS  0|AC  0|TAMS 0x000000008bb00000, 0x000000008bb00000|
|  34|0x000000008bc00000, 0x000000008bc00000, 0x000000008bd00000|  0%| F|  |TS  0|AC  0|TAMS 0x000000008bc00000, 0x000000008bc00000|
|  35|0x000000008bd00000, 0x000000008bd00000, 0x000000008be00000|  0%| F|  |TS  0|AC  0|TAMS 0x000000008bd00000, 0x000000008bd00000|
|  36|0x000000008be00000, 0x000000008be00000, 0x000000008bf00000|  0%| F|  |TS  0|AC  0|TAMS 0x000000008be00000, 0x000000008be00000|
|  37|0x000000008bf00000, 0x000000008bf00000, 0x000000008c000000|  0%| F|  |TS  0|AC  0|TAMS 0x000000008bf00000, 0x000000008bf00000|
|  38|0x000000008c000000, 0x000000008c000000, 0x000000008c100000|  0%| F|  |TS  0|AC  0|TAMS 0x000000008c000000, 0x000000008c000000|
|  39|0x000000008c100000, 0x000000008c100000, 0x000000008c200000|  0%| F|  |TS  0|AC  0|TAMS 0x000000008c100000, 0x000000008c100000|
|  40|0x000000008c200000, 0x000000008c200000, 0x000000008c300000|  0%| F|  |TS  0|AC  0|TAMS 0x000000008c200000, 0x000000008c200000|
|  41|0x000000008c300000, 0x000000008c300000, 0x000000008c400000|  0%| F|  |TS  0|AC  0|TAMS 0x000000008c300000, 0x000000008c300000|
|  42|0x000000008c400000, 0x000000008c400000, 0x000000008c500000|  0%| F|  |TS  0|AC  0|TAMS 0x000000008c400000, 0x000000008c400000|
|  43|0x000000008c500000, 0x000000008c500000, 0x000000008c600000|  0%| F|  |TS  0|AC  0|TAMS 0x000000008c500000, 0x000000008c500000|
|  44|0x000000008c600000, 0x000000008c600000, 0x000000008c700000|  0%| F|  |TS  0|AC  0|TAMS 0x000000008c600000, 0x000000008c600000|
|  45|0x000000008c700000, 0x000000008c700000, 0x000000008c800000|  0%| F|  |TS  0|AC  0|TAMS 0x000000008c700000, 0x000000008c700000|
|  46|0x000000008c800000, 0x000000008c800000, 0x000000008c900000|  0%| F|  |TS  0|AC  0|TAMS 0x000000008c800000, 0x000000008c800000|
|  47|0x000000008c900000, 0x000000008c900000, 0x000000008ca00000|  0%| F|  |TS  0|AC  0|TAMS 0x000000008c900000, 0x000000008c900000|
|  48|0x000000008ca00000, 0x000000008ca00000, 0x000000008cb00000|  0%| F|  |TS  0|AC  0|TAMS 0x000000008ca00000, 0x000000008ca00000|
|  49|0x000000008cb00000, 0x000000008cb00000, 0x000000008cc00000|  0%| F|  |TS  0|AC  0|TAMS 0x000000008cb00000, 0x000000008cb00000|
|  50|0x000000008cc00000, 0x000000008cc00000, 0x000000008cd00000|  0%| F|  |TS  0|AC  0|TAMS 0x000000008cc00000, 0x000000008cc00000|
|  51|0x000000008cd00000, 0x000000008cd00000, 0x000000008ce00000|  0%| F|  |TS  0|AC  0|TAMS 0x000000008cd00000, 0x000000008cd00000|
|  52|0x000000008ce00000, 0x000000008ce00000, 0x000000008cf00000|  0%| F|  |TS  0|AC  0|TAMS 0x000000008ce00000, 0x000000008ce00000|
|  53|0x000000008cf00000, 0x000000008cf00000, 0x000000008d000000|  0%| F|  |TS  0|AC  0|TAMS 0x000000008cf00000, 0x000000008cf00000|
|  54|0x000000008d000000, 0x000000008d000000, 0x000000008d100000|  0%| F|  |TS  0|AC  0|TAMS 0x000000008d000000, 0x000000008d000000|
|  55|0x000000008d100000, 0x000000008d100000, 0x000000008d200000|  0%| F|  |TS  0|AC  0|TAMS 0x000000008d100000, 0x000000008d100000|
|  56|0x000000008d200000, 0x000000008d200000, 0x000000008d300000|  0%| F|  |TS  0|AC  0|TAMS 0x000000008d200000, 0x000000008d200000|
|  57|0x000000008d300000, 0x000000008d300000, 0x000000008d400000|  0%| F|  |TS  0|AC  0|TAMS 0x000000008d300000, 0x000000008d300000|
|  58|0x000000008d400000, 0x000000008d400000, 0x000000008d500000|  0%| F|  |TS  0|AC  0|TAMS 0x000000008d400000, 0x000000008d400000|
|  59|0x000000008d500000, 0x000000008d500000, 0x000000008d600000|  0%| F|  |TS  0|AC  0|TAMS 0x000000008d500000, 0x000000008d500000|
|  60|0x000000008d600000, 0x000000008d600000, 0x000000008d700000|  0%| F|  |TS  0|AC  0|TAMS 0x000000008d600000, 0x000000008d600000|
|  61|0x000000008d700000, 0x000000008d700000, 0x000000008d800000|  0%| F|  |TS  0|AC  0|TAMS 0x000000008d700000, 0x000000008d700000|
|  62|0x000000008d800000, 0x000000008d800000, 0x000000008d900000|  0%| F|  |TS  0|AC  0|TAMS 0x000000008d800000, 0x000000008d800000|
|  63|0x000000008d900000, 0x000000008d900000, 0x000000008da00000|  0%| F|  |TS  0|AC  0|TAMS 0x000000008d900000, 0x000000008d900000|
|  64|0x000000008da00000, 0x000000008da00000, 0x000000008db00000|  0%| F|  |TS  0|AC  0|TAMS 0x000000008da00000, 0x000000008da00000|
|  65|0x000000008db00000, 0x000000008db00000, 0x000000008dc00000|  0%| F|  |TS  0|AC  0|TAMS 0x000000008db00000, 0x000000008db00000|
|  66|0x000000008dc00000, 0x000000008dc00000, 0x000000008dd00000|  0%| F|  |TS  0|AC  0|TAMS 0x000000008dc00000, 0x000000008dc00000|
|  67|0x000000008dd00000, 0x000000008dd00000, 0x000000008de00000|  0%| F|  |TS  0|AC  0|TAMS 0x000000008dd00000, 0x000000008dd00000|
|  68|0x000000008de00000, 0x000000008de00000, 0x000000008df00000|  0%| F|  |TS  0|AC  0|TAMS 0x000000008de00000, 0x000000008de00000|
|  69|0x000000008df00000, 0x000000008df00000, 0x000000008e000000|  0%| F|  |TS  0|AC  0|TAMS 0x000000008df00000, 0x000000008df00000|
|  70|0x000000008e000000, 0x000000008e000000, 0x000000008e100000|  0%| F|  |TS  0|AC  0|TAMS 0x000000008e000000, 0x000000008e000000|
|  71|0x000000008e100000, 0x000000008e100000, 0x000000008e200000|  0%| F|  |TS  0|AC  0|TAMS 0x000000008e100000, 0x000000008e100000|
|  72|0x000000008e200000, 0x000000008e200000, 0x000000008e300000|  0%| F|  |TS  0|AC  0|TAMS 0x000000008e200000, 0x000000008e200000|
|  73|0x000000008e300000, 0x000000008e300000, 0x000000008e400000|  0%| F|  |TS  0|AC  0|TAMS 0x000000008e300000, 0x000000008e300000|
|  74|0x000000008e400000, 0x000000008e400000, 0x000000008e500000|  0%| F|  |TS  0|AC  0|TAMS 0x000000008e400000, 0x000000008e400000|
|  75|0x000000008e500000, 0x000000008e500000, 0x000000008e600000|  0%| F|  |TS  0|AC  0|TAMS 0x000000008e500000, 0x000000008e500000|
|  76|0x000000008e600000, 0x000000008e600000, 0x000000008e700000|  0%| F|  |TS  0|AC  0|TAMS 0x000000008e600000, 0x000000008e600000|
|  77|0x000000008e700000, 0x000000008e700000, 0x000000008e800000|  0%| F|  |TS  0|AC  0|TAMS 0x000000008e700000, 0x000000008e700000|
|  78|0x000000008e800000, 0x000000008e800000, 0x000000008e900000|  0%| F|  |TS  0|AC  0|TAMS 0x000000008e800000, 0x000000008e800000|
|  79|0x000000008e900000, 0x000000008e900000, 0x000000008ea00000|  0%| F|  |TS  0|AC  0|TAMS 0x000000008e900000, 0x000000008e900000|
|  80|0x000000008ea00000, 0x000000008ea00000, 0x000000008eb00000|  0%| F|  |TS  0|AC  0|TAMS 0x000000008ea00000, 0x000000008ea00000|
|  81|0x000000008eb00000, 0x000000008eb00000, 0x000000008ec00000|  0%| F|  |TS  0|AC  0|TAMS 0x000000008eb00000, 0x000000008eb00000|
|  82|0x000000008ec00000, 0x000000008ec00000, 0x000000008ed00000|  0%| F|  |TS  0|AC  0|TAMS 0x000000008ec00000, 0x000000008ec00000|
|  83|0x000000008ed00000, 0x000000008ed00000, 0x000000008ee00000|  0%| F|  |TS  0|AC  0|TAMS 0x000000008ed00000, 0x000000008ed00000|
|  84|0x000000008ee00000, 0x000000008ee00000, 0x000000008ef00000|  0%| F|  |TS  0|AC  0|TAMS 0x000000008ee00000, 0x000000008ee00000|
|  85|0x000000008ef00000, 0x000000008ef00000, 0x000000008f000000|  0%| F|  |TS  0|AC  0|TAMS 0x000000008ef00000, 0x000000008ef00000|
|  86|0x000000008f000000, 0x000000008f000000, 0x000000008f100000|  0%| F|  |TS  0|AC  0|TAMS 0x000000008f000000, 0x000000008f000000|
|  87|0x000000008f100000, 0x000000008f100000, 0x000000008f200000|  0%| F|  |TS  0|AC  0|TAMS 0x000000008f100000, 0x000000008f100000|
|  88|0x000000008f200000, 0x000000008f200000, 0x000000008f300000|  0%| F|  |TS  0|AC  0|TAMS 0x000000008f200000, 0x000000008f200000|
|  89|0x000000008f300000, 0x000000008f300000, 0x000000008f400000|  0%| F|  |TS  0|AC  0|TAMS 0x000000008f300000, 0x000000008f300000|
|  90|0x000000008f400000, 0x000000008f400000, 0x000000008f500000|  0%| F|  |TS  0|AC  0|TAMS 0x000000008f400000, 0x000000008f400000|
|  91|0x000000008f500000, 0x000000008f500000, 0x000000008f600000|  0%| F|  |TS  0|AC  0|TAMS 0x000000008f500000, 0x000000008f500000|
|  92|0x000000008f600000, 0x000000008f600000, 0x000000008f700000|  0%| F|  |TS  0|AC  0|TAMS 0x000000008f600000, 0x000000008f600000|
|  93|0x000000008f700000, 0x000000008f700000, 0x000000008f800000|  0%| F|  |TS  0|AC  0|TAMS 0x000000008f700000, 0x000000008f700000|
|  94|0x000000008f800000, 0x000000008f800000, 0x000000008f900000|  0%| F|  |TS  0|AC  0|TAMS 0x000000008f800000, 0x000000008f800000|
|  95|0x000000008f900000, 0x000000008f900000, 0x000000008fa00000|  0%| F|  |TS  0|AC  0|TAMS 0x000000008f900000, 0x000000008f900000|
|  96|0x000000008fa00000, 0x000000008fa00000, 0x000000008fb00000|  0%| F|  |TS  0|AC  0|TAMS 0x000000008fa00000, 0x000000008fa00000|
|  97|0x000000008fb00000, 0x000000008fb00000, 0x000000008fc00000|  0%| F|  |TS  0|AC  0|TAMS 0x000000008fb00000, 0x000000008fb00000|
|  98|0x000000008fc00000, 0x000000008fc00000, 0x000000008fd00000|  0%| F|  |TS  0|AC  0|TAMS 0x000000008fc00000, 0x000000008fc00000|
|  99|0x000000008fd00000, 0x000000008fd00000, 0x000000008fe00000|  0%| F|  |TS  0|AC  0|TAMS 0x000000008fd00000, 0x000000008fd00000|
| 100|0x000000008fe00000, 0x000000008fe00000, 0x000000008ff00000|  0%| F|  |TS  0|AC  0|TAMS 0x000000008fe00000, 0x000000008fe00000|
| 101|0x000000008ff00000, 0x000000008ff00000, 0x0000000090000000|  0%| F|  |TS  0|AC  0|TAMS 0x000000008ff00000, 0x000000008ff00000|
| 102|0x0000000090000000, 0x0000000090000000, 0x0000000090100000|  0%| F|  |TS  0|AC  0|TAMS 0x0000000090000000, 0x0000000090000000|
| 103|0x0000000090100000, 0x0000000090100000, 0x0000000090200000|  0%| F|  |TS  0|AC  0|TAMS 0x0000000090100000, 0x0000000090100000|
| 104|0x0000000090200000, 0x0000000090200000, 0x0000000090300000|  0%| F|  |TS  0|AC  0|TAMS 0x0000000090200000, 0x0000000090200000|
| 105|0x0000000090300000, 0x0000000090300000, 0x0000000090400000|  0%| F|  |TS  0|AC  0|TAMS 0x0000000090300000, 0x0000000090300000|
| 106|0x0000000090400000, 0x0000000090400000, 0x0000000090500000|  0%| F|  |TS  0|AC  0|TAMS 0x0000000090400000, 0x0000000090400000|
| 107|0x0000000090500000, 0x0000000090500000, 0x0000000090600000|  0%| F|  |TS  0|AC  0|TAMS 0x0000000090500000, 0x0000000090500000|
| 108|0x0000000090600000, 0x0000000090600000, 0x0000000090700000|  0%| F|  |TS  0|AC  0|TAMS 0x0000000090600000, 0x0000000090600000|
| 109|0x0000000090700000, 0x0000000090700000, 0x0000000090800000|  0%| F|  |TS  0|AC  0|TAMS 0x0000000090700000, 0x0000000090700000|
| 110|0x0000000090800000, 0x0000000090800000, 0x0000000090900000|  0%| F|  |TS  0|AC  0|TAMS 0x0000000090800000, 0x0000000090800000|
| 111|0x0000000090900000, 0x0000000090900000, 0x0000000090a00000|  0%| F|  |TS  0|AC  0|TAMS 0x0000000090900000, 0x0000000090900000|
| 112|0x0000000090a00000, 0x0000000090a00000, 0x0000000090b00000|  0%| F|  |TS  0|AC  0|TAMS 0x0000000090a00000, 0x0000000090a00000|
| 113|0x0000000090b00000, 0x0000000090b00000, 0x0000000090c00000|  0%| F|  |TS  0|AC  0|TAMS 0x0000000090b00000, 0x0000000090b00000|
| 114|0x0000000090c00000, 0x0000000090c00000, 0x0000000090d00000|  0%| F|  |TS  0|AC  0|TAMS 0x0000000090c00000, 0x0000000090c00000|
| 115|0x0000000090d00000, 0x0000000090d27768, 0x0000000090e00000| 15%| E|  |TS  0|AC  0|TAMS 0x0000000090d00000, 0x0000000090d00000|
| 116|0x0000000090e00000, 0x0000000090f00000, 0x0000000090f00000|100%| E|CS|TS  0|AC  0|TAMS 0x0000000090e00000, 0x0000000090e00000|
| 117|0x0000000090f00000, 0x0000000091000000, 0x0000000091000000|100%| E|CS|TS  0|AC  0|TAMS 0x0000000090f00000, 0x0000000090f00000|
| 118|0x0000000091000000, 0x0000000091100000, 0x0000000091100000|100%| E|CS|TS  0|AC  0|TAMS 0x0000000091000000, 0x0000000091000000|
| 119|0x0000000091100000, 0x0000000091200000, 0x0000000091200000|100%| E|CS|TS  0|AC  0|TAMS 0x0000000091100000, 0x0000000091100000|

Card table byte_map: [0x00007f418db4b000,0x00007f418defe000] byte_map_base: 0x00007f418d6fe000

Marking Bits (Prev, Next): (CMBitMap*) 0x00007f41a80518a0, (CMBitMap*) 0x00007f41a80518d8
 Prev Bits: [0x00007f4186268000, 0x00007f4188000000)
 Next Bits: [0x00007f41844d0000, 0x00007f4186268000)

Polling page: 0x00007f41aed58000

CodeHeap 'non-profiled nmethods': size=120036Kb used=123Kb max_used=123Kb free=119912Kb
 bounds [0x00007f4196354000, 0x00007f41965c4000, 0x00007f419d88d000]
CodeHeap 'profiled nmethods': size=120032Kb used=537Kb max_used=537Kb free=119494Kb
 bounds [0x00007f418ee1c000, 0x00007f418f08c000, 0x00007f4196354000]
CodeHeap 'non-nmethods': size=5692Kb used=1051Kb max_used=1067Kb free=4640Kb
 bounds [0x00007f418e88d000, 0x00007f418eafd000, 0x00007f418ee1c000]
 total_blobs=835 nmethods=379 adapters=273
 compilation: enabled

Compilation events (10 events):
Event: 0.662 Thread 0x00007f41a8168000 nmethod 376 0x00007f418eea1110 code [0x00007f418eea1360, 0x00007f418eea1dc8]
Event: 0.685 Thread 0x00007f41a8166000 nmethod 332% 0x00007f4196370010 code [0x00007f4196370240, 0x00007f4196371780]
Event: 0.685 Thread 0x00007f41a8166000  330       4       java.lang.StringLatin1::indexOf (121 bytes)
Event: 0.718 Thread 0x00007f41a8166000 nmethod 330 0x00007f4196371f10 code [0x00007f41963720c0, 0x00007f4196372518]
Event: 0.730 Thread 0x00007f41a8168000  378       3       java.lang.Enum::<init> (15 bytes)
Event: 0.730 Thread 0x00007f41a8168000 nmethod 378 0x00007f418eea2190 code [0x00007f418eea2340, 0x00007f418eea2550]
Event: 0.730 Thread 0x00007f41a8168000  377       1       java.net.URL::getUserInfo (5 bytes)
Event: 0.730 Thread 0x00007f41a8168000 nmethod 377 0x00007f4196372790 code [0x00007f4196372940, 0x00007f4196372a50]
Event: 0.735 Thread 0x00007f41a8168000  379       1       java.security.CodeSource::getLocation (5 bytes)
Event: 0.735 Thread 0x00007f41a8168000 nmethod 379 0x00007f4196372a90 code [0x00007f4196372c40, 0x00007f4196372d50]

GC Heap History (0 events):
No events

Deoptimization events (2 events):
Event: 0.254 Thread 0x00007f41a8012800 Uncommon trap: reason=unstable_if action=reinterpret pc=0x00007f419635786c method=java.lang.String.hashCode()I @ 14 c2
Event: 0.465 Thread 0x00007f41a8012800 Uncommon trap: reason=unstable_if action=reinterpret pc=0x00007f419635dcbc method=java.util.HashMap.putVal(ILjava/lang/Object;Ljava/lang/Object;ZZ)Ljava/lang/Object; @ 69 c2

Classes redefined (0 events):
No events

Internal exceptions (9 events):
Event: 0.515 Thread 0x00007f41a8012800 Exception <a 'java/lang/NoSuchMethodError'{0x0000000090fedce0}: method resolution failed> (0x0000000090fedce0) thrown at [/build/openjdk-lts-HXybSI/openjdk-lts-10.0.2+13/src/hotspot/share/prims/methodHandles.cpp, line 1226]
Event: 0.515 Thread 0x00007f41a8012800 Exception <a 'java/lang/NoSuchMethodError'{0x0000000090ff14c0}: java.lang.invoke.DirectMethodHandle$Holder.invokeStaticInit(Ljava/lang/Object;Ljava/lang/Object;JLjava/lang/Object;)Ljava/lang/Object;> (0x0000000090ff14c0) thrown at [/build/openjdk-lts-HXyb
Event: 0.517 Thread 0x00007f41a8012800 Exception <a 'java/lang/NoSuchMethodError'{0x0000000090ff76d8}: method resolution failed> (0x0000000090ff76d8) thrown at [/build/openjdk-lts-HXybSI/openjdk-lts-10.0.2+13/src/hotspot/share/prims/methodHandles.cpp, line 1226]
Event: 0.518 Thread 0x00007f41a8012800 Exception <a 'java/lang/NoSuchMethodError'{0x0000000090ffb080}: method resolution failed> (0x0000000090ffb080) thrown at [/build/openjdk-lts-HXybSI/openjdk-lts-10.0.2+13/src/hotspot/share/prims/methodHandles.cpp, line 1226]
Event: 0.526 Thread 0x00007f41a8012800 Exception <a 'java/lang/NoSuchMethodError'{0x0000000090e06560}: java.lang.invoke.DirectMethodHandle$Holder.invokeStatic(Ljava/lang/Object;Ljava/lang/Object;Ljava/lang/Object;I)Ljava/lang/Object;> (0x0000000090e06560) thrown at [/build/openjdk-lts-HXybSI/o
Event: 0.527 Thread 0x00007f41a8012800 Exception <a 'java/lang/NoSuchMethodError'{0x0000000090e0a420}: java.lang.invoke.DirectMethodHandle$Holder.invokeSpecial(Ljava/lang/Object;Ljava/lang/Object;Ljava/lang/Object;Ljava/lang/Object;I)Ljava/lang/Object;> (0x0000000090e0a420) thrown at [/build/o
Event: 0.598 Thread 0x00007f41a8012800 Exception <a 'java/lang/NoSuchMethodError'{0x0000000090e9bc70}: method resolution failed> (0x0000000090e9bc70) thrown at [/build/openjdk-lts-HXybSI/openjdk-lts-10.0.2+13/src/hotspot/share/prims/methodHandles.cpp, line 1226]
Event: 0.608 Thread 0x00007f41a8012800 Exception <a 'java/lang/NoSuchMethodError'{0x0000000090ea99d8}: java.lang.invoke.DirectMethodHandle$Holder.invokeStatic(Ljava/lang/Object;Ljava/lang/Object;)I> (0x0000000090ea99d8) thrown at [/build/openjdk-lts-HXybSI/openjdk-lts-10.0.2+13/src/hotspot/sha
Event: 0.620 Thread 0x00007f41a8012800 Exception <a 'java/lang/NoSuchMethodError'{0x0000000090eb6de8}: java.lang.Object.of([Ljava/lang/Object;)Ljava/util/stream/Stream;> (0x0000000090eb6de8) thrown at [/build/openjdk-lts-HXybSI/openjdk-lts-10.0.2+13/src/hotspot/share/interpreter/linkResolver.c

Events (10 events):
Event: 0.662 loading class com/sun/jna/WeakMemoryHolder
Event: 0.662 loading class com/sun/jna/WeakMemoryHolder done
Event: 0.727 loading class com/sun/jna/Function$PostCallRead
Event: 0.727 loading class com/sun/jna/Function$PostCallRead done
Event: 0.728 loading class Enums/PWRET
Event: 0.728 loading class Enums/PWRET done
Event: 0.729 loading class Enums/PWOPER
Event: 0.729 loading class Enums/PWOPER done
Event: 0.733 loading class Enums/PWINFO
Event: 0.733 loading class Enums/PWINFO done


Dynamic libraries:
89a00000-91200000 rw-p 00000000 00:00 0 
91200000-100000000 ---p 00000000 00:00 0 
100000000-1000e0000 rw-p 00000000 00:00 0 
1000e0000-140000000 ---p 00000000 00:00 0 
55fb55927000-55fb55928000 r-xp 00000000 08:05 917507                     /usr/lib/jvm/java-11-openjdk-amd64/bin/java
55fb55b28000-55fb55b29000 r--p 00001000 08:05 917507                     /usr/lib/jvm/java-11-openjdk-amd64/bin/java
55fb55b29000-55fb55b2a000 rw-p 00002000 08:05 917507                     /usr/lib/jvm/java-11-openjdk-amd64/bin/java
55fb5674e000-55fb5676f000 rw-p 00000000 00:00 0                          [heap]
7f4148000000-7f414802b000 rw-p 00000000 00:00 0 
7f414802b000-7f414c000000 ---p 00000000 00:00 0 
7f4150000000-7f415028a000 rw-p 00000000 00:00 0 
7f415028a000-7f4154000000 ---p 00000000 00:00 0 
7f4154000000-7f415421f000 rw-p 00000000 00:00 0 
7f415421f000-7f4158000000 ---p 00000000 00:00 0 
7f4158000000-7f4158021000 rw-p 00000000 00:00 0 
7f4158021000-7f415c000000 ---p 00000000 00:00 0 
7f415c000000-7f415c021000 rw-p 00000000 00:00 0 
7f415c021000-7f4160000000 ---p 00000000 00:00 0 
7f4160000000-7f4160021000 rw-p 00000000 00:00 0 
7f4160021000-7f4164000000 ---p 00000000 00:00 0 
7f4164000000-7f4164021000 rw-p 00000000 00:00 0 
7f4164021000-7f4168000000 ---p 00000000 00:00 0 
7f4168000000-7f4168021000 rw-p 00000000 00:00 0 
7f4168021000-7f416c000000 ---p 00000000 00:00 0 
7f416c000000-7f416c021000 rw-p 00000000 00:00 0 
7f416c021000-7f4170000000 ---p 00000000 00:00 0 
7f4170000000-7f4170021000 rw-p 00000000 00:00 0 
7f4170021000-7f4174000000 ---p 00000000 00:00 0 
7f4174000000-7f4174021000 rw-p 00000000 00:00 0 
7f4174021000-7f4178000000 ---p 00000000 00:00 0 
7f4178502000-7f417871b000 r-xp 00000000 08:05 7082683                    /usr/lib/x86_64-linux-gnu/libcrypto.so.1.0.0
7f417871b000-7f417891a000 ---p 00219000 08:05 7082683                    /usr/lib/x86_64-linux-gnu/libcrypto.so.1.0.0
7f417891a000-7f4178936000 r--p 00218000 08:05 7082683                    /usr/lib/x86_64-linux-gnu/libcrypto.so.1.0.0
7f4178936000-7f4178942000 rw-p 00234000 08:05 7082683                    /usr/lib/x86_64-linux-gnu/libcrypto.so.1.0.0
7f4178942000-7f4178945000 rw-p 00000000 00:00 0 
7f4178945000-7f41789a3000 r-xp 00000000 08:05 7082684                    /usr/lib/x86_64-linux-gnu/libssl.so.1.0.0
7f41789a3000-7f4178ba3000 ---p 0005e000 08:05 7082684                    /usr/lib/x86_64-linux-gnu/libssl.so.1.0.0
7f4178ba3000-7f4178ba7000 r--p 0005e000 08:05 7082684                    /usr/lib/x86_64-linux-gnu/libssl.so.1.0.0
7f4178ba7000-7f4178bad000 rw-p 00062000 08:05 7082684                    /usr/lib/x86_64-linux-gnu/libssl.so.1.0.0
7f4178bad000-7f4178c31000 r-xp 00000000 08:05 2232968                    /home/thiago/Área de Trabalho/Automacao_PGWebLibC/src/main/java/libPGWebLib.so
7f4178c31000-7f4178e31000 ---p 00084000 08:05 2232968                    /home/thiago/Área de Trabalho/Automacao_PGWebLibC/src/main/java/libPGWebLib.so
7f4178e31000-7f4178e32000 r--p 00084000 08:05 2232968                    /home/thiago/Área de Trabalho/Automacao_PGWebLibC/src/main/java/libPGWebLib.so
7f4178e32000-7f4178e36000 rw-p 00085000 08:05 2232968                    /home/thiago/Área de Trabalho/Automacao_PGWebLibC/src/main/java/libPGWebLib.so
7f4178e36000-7f41795b8000 rw-p 00000000 00:00 0 
7f41795b8000-7f41795d0000 r-xp 00000000 08:05 3674390                    /home/thiago/.cache/JNA/temp/jna15864734913592006655.tmp (deleted)
7f41795d0000-7f41797d0000 ---p 00018000 08:05 3674390                    /home/thiago/.cache/JNA/temp/jna15864734913592006655.tmp (deleted)
7f41797d0000-7f41797d1000 rw-p 00018000 08:05 3674390                    /home/thiago/.cache/JNA/temp/jna15864734913592006655.tmp (deleted)
7f41797d1000-7f41797d2000 r-xp 00000000 08:05 917762                     /usr/lib/jvm/java-11-openjdk-amd64/lib/libextnet.so
7f41797d2000-7f41799d1000 ---p 00001000 08:05 917762                     /usr/lib/jvm/java-11-openjdk-amd64/lib/libextnet.so
7f41799d1000-7f41799d2000 r--p 00000000 08:05 917762                     /usr/lib/jvm/java-11-openjdk-amd64/lib/libextnet.so
7f41799d2000-7f41799d3000 rw-p 00001000 08:05 917762                     /usr/lib/jvm/java-11-openjdk-amd64/lib/libextnet.so
7f41799d3000-7f41799d4000 ---p 00000000 00:00 0 
7f41799d4000-7f4179ad5000 rw-p 00000000 00:00 0 
7f4179ad5000-7f4179ad9000 ---p 00000000 00:00 0 
7f4179ad9000-7f4179bd6000 rw-p 00000000 00:00 0 
7f4179bd6000-7f4179bed000 r-xp 00000000 08:05 917781                     /usr/lib/jvm/java-11-openjdk-amd64/lib/libnet.so
7f4179bed000-7f4179dec000 ---p 00017000 08:05 917781                     /usr/lib/jvm/java-11-openjdk-amd64/lib/libnet.so
7f4179dec000-7f4179ded000 r--p 00016000 08:05 917781                     /usr/lib/jvm/java-11-openjdk-amd64/lib/libnet.so
7f4179ded000-7f4179dee000 rw-p 00017000 08:05 917781                     /usr/lib/jvm/java-11-openjdk-amd64/lib/libnet.so
7f4179dee000-7f4179dff000 r-xp 00000000 08:05 917782                     /usr/lib/jvm/java-11-openjdk-amd64/lib/libnio.so
7f4179dff000-7f4179ffe000 ---p 00011000 08:05 917782                     /usr/lib/jvm/java-11-openjdk-amd64/lib/libnio.so
7f4179ffe000-7f4179fff000 r--p 00010000 08:05 917782                     /usr/lib/jvm/java-11-openjdk-amd64/lib/libnio.so
7f4179fff000-7f417a000000 rw-p 00011000 08:05 917782                     /usr/lib/jvm/java-11-openjdk-amd64/lib/libnio.so
7f417a000000-7f417c000000 rw-p 00000000 00:00 0 
7f417c000000-7f417c021000 rw-p 00000000 00:00 0 
7f417c021000-7f4180000000 ---p 00000000 00:00 0 
7f4180000000-7f4180021000 rw-p 00000000 00:00 0 
7f4180021000-7f4184000000 ---p 00000000 00:00 0 
7f41840cc000-7f41840d0000 ---p 00000000 00:00 0 
7f41840d0000-7f41841cd000 rw-p 00000000 00:00 0 
7f41841cd000-7f41841d1000 ---p 00000000 00:00 0 
7f41841d1000-7f41842ce000 rw-p 00000000 00:00 0 
7f41842ce000-7f41842d2000 ---p 00000000 00:00 0 
7f41842d2000-7f41843cf000 rw-p 00000000 00:00 0 
7f41843cf000-7f41843d3000 ---p 00000000 00:00 0 
7f41843d3000-7f41846b0000 rw-p 00000000 00:00 0 
7f41846b0000-7f4186268000 ---p 00000000 00:00 0 
7f4186268000-7f4186448000 rw-p 00000000 00:00 0 
7f4186448000-7f4188000000 ---p 00000000 00:00 0 
7f4188000000-7f4188021000 rw-p 00000000 00:00 0 
7f4188021000-7f418c000000 ---p 00000000 00:00 0 
7f418c030000-7f418c034000 ---p 00000000 00:00 0 
7f418c034000-7f418c131000 rw-p 00000000 00:00 0 
7f418c131000-7f418c135000 ---p 00000000 00:00 0 
7f418c135000-7f418c232000 rw-p 00000000 00:00 0 
7f418c232000-7f418c512000 r--p 00000000 08:05 7080699                    /usr/lib/locale/locale-archive
7f418c512000-7f418c516000 ---p 00000000 00:00 0 
7f418c516000-7f418c613000 rw-p 00000000 00:00 0 
7f418c613000-7f418c617000 ---p 00000000 00:00 0 
7f418c617000-7f418c714000 rw-p 00000000 00:00 0 
7f418c714000-7f418c715000 ---p 00000000 00:00 0 
7f418c715000-7f418d04c000 rw-p 00000000 00:00 0 
7f418d04c000-7f418d08c000 ---p 00000000 00:00 0 
7f418d08c000-7f418d08d000 ---p 00000000 00:00 0 
7f418d08d000-7f418d18e000 rw-p 00000000 00:00 0 
7f418d18e000-7f418d18f000 ---p 00000000 00:00 0 
7f418d18f000-7f418d290000 rw-p 00000000 00:00 0 
7f418d290000-7f418d291000 ---p 00000000 00:00 0 
7f418d291000-7f418d594000 rw-p 00000000 00:00 0 
7f418d594000-7f418d595000 ---p 00000000 00:00 0 
7f418d595000-7f418d696000 rw-p 00000000 00:00 0 
7f418d696000-7f418d697000 ---p 00000000 00:00 0 
7f418d697000-7f418d7d4000 rw-p 00000000 00:00 0 
7f418d7d4000-7f418db4b000 ---p 00000000 00:00 0 
7f418db4b000-7f418db87000 rw-p 00000000 00:00 0 
7f418db87000-7f418defe000 ---p 00000000 00:00 0 
7f418defe000-7f418df3a000 rw-p 00000000 00:00 0 
7f418df3a000-7f418e2b1000 ---p 00000000 00:00 0 
7f418e2b1000-7f418e4b3000 rw-p 00000000 00:00 0 
7f418e4b3000-7f418e4b4000 ---p 00000000 00:00 0 
7f418e4b4000-7f418e5b5000 rw-p 00000000 00:00 0 
7f418e5b5000-7f418e5b6000 ---p 00000000 00:00 0 
7f418e5b6000-7f418e6bc000 rw-p 00000000 00:00 0 
7f418e6bc000-7f418e7a2000 ---p 00000000 00:00 0 
7f418e7a2000-7f418e7a7000 rw-p 00000000 00:00 0 
7f418e7a7000-7f418e88d000 ---p 00000000 00:00 0 
7f418e88d000-7f418eafd000 rwxp 00000000 00:00 0 
7f418eafd000-7f418ee1c000 ---p 00000000 00:00 0 
7f418ee1c000-7f418f08c000 rwxp 00000000 00:00 0 
7f418f08c000-7f4196354000 ---p 00000000 00:00 0 
7f4196354000-7f41965c4000 rwxp 00000000 00:00 0 
7f41965c4000-7f419d88d000 ---p 00000000 00:00 0 
7f419d88d000-7f41a6d68000 r--s 00000000 08:05 917791                     /usr/lib/jvm/java-11-openjdk-amd64/lib/modules
7f41a6d68000-7f41a6d6d000 r-xp 00000000 08:05 917773                     /usr/lib/jvm/java-11-openjdk-amd64/lib/libjimage.so
7f41a6d6d000-7f41a6f6c000 ---p 00005000 08:05 917773                     /usr/lib/jvm/java-11-openjdk-amd64/lib/libjimage.so
7f41a6f6c000-7f41a6f6d000 r--p 00004000 08:05 917773                     /usr/lib/jvm/java-11-openjdk-amd64/lib/libjimage.so
7f41a6f6d000-7f41a6f6e000 rw-p 00005000 08:05 917773                     /usr/lib/jvm/java-11-openjdk-amd64/lib/libjimage.so
7f41a6f6e000-7f41a6f75000 r-xp 00000000 08:05 917790                     /usr/lib/jvm/java-11-openjdk-amd64/lib/libzip.so
7f41a6f75000-7f41a7174000 ---p 00007000 08:05 917790                     /usr/lib/jvm/java-11-openjdk-amd64/lib/libzip.so
7f41a7174000-7f41a7175000 r--p 00006000 08:05 917790                     /usr/lib/jvm/java-11-openjdk-amd64/lib/libzip.so
7f41a7175000-7f41a7176000 rw-p 00007000 08:05 917790                     /usr/lib/jvm/java-11-openjdk-amd64/lib/libzip.so
7f41a7176000-7f41a7181000 r-xp 00000000 08:05 8131114                    /lib/x86_64-linux-gnu/libnss_files-2.27.so
7f41a7181000-7f41a7380000 ---p 0000b000 08:05 8131114                    /lib/x86_64-linux-gnu/libnss_files-2.27.so
7f41a7380000-7f41a7381000 r--p 0000a000 08:05 8131114                    /lib/x86_64-linux-gnu/libnss_files-2.27.so
7f41a7381000-7f41a7382000 rw-p 0000b000 08:05 8131114                    /lib/x86_64-linux-gnu/libnss_files-2.27.so
7f41a7382000-7f41a7388000 rw-p 00000000 00:00 0 
7f41a7388000-7f41a739f000 r-xp 00000000 08:05 8131107                    /lib/x86_64-linux-gnu/libnsl-2.27.so
7f41a739f000-7f41a759e000 ---p 00017000 08:05 8131107                    /lib/x86_64-linux-gnu/libnsl-2.27.so
7f41a759e000-7f41a759f000 r--p 00016000 08:05 8131107                    /lib/x86_64-linux-gnu/libnsl-2.27.so
7f41a759f000-7f41a75a0000 rw-p 00017000 08:05 8131107                    /lib/x86_64-linux-gnu/libnsl-2.27.so
7f41a75a0000-7f41a75a2000 rw-p 00000000 00:00 0 
7f41a75a2000-7f41a75ad000 r-xp 00000000 08:05 8131130                    /lib/x86_64-linux-gnu/libnss_nis-2.27.so
7f41a75ad000-7f41a77ac000 ---p 0000b000 08:05 8131130                    /lib/x86_64-linux-gnu/libnss_nis-2.27.so
7f41a77ac000-7f41a77ad000 r--p 0000a000 08:05 8131130                    /lib/x86_64-linux-gnu/libnss_nis-2.27.so
7f41a77ad000-7f41a77ae000 rw-p 0000b000 08:05 8131130                    /lib/x86_64-linux-gnu/libnss_nis-2.27.so
7f41a77ae000-7f41a77b6000 r-xp 00000000 08:05 8131108                    /lib/x86_64-linux-gnu/libnss_compat-2.27.so
7f41a77b6000-7f41a79b6000 ---p 00008000 08:05 8131108                    /lib/x86_64-linux-gnu/libnss_compat-2.27.so
7f41a79b6000-7f41a79b7000 r--p 00008000 08:05 8131108                    /lib/x86_64-linux-gnu/libnss_compat-2.27.so
7f41a79b7000-7f41a79b8000 rw-p 00009000 08:05 8131108                    /lib/x86_64-linux-gnu/libnss_compat-2.27.so
7f41a79b8000-7f41a79c2000 r-xp 00000000 08:05 917764                     /usr/lib/jvm/java-11-openjdk-amd64/lib/libinstrument.so
7f41a79c2000-7f41a7bc1000 ---p 0000a000 08:05 917764                     /usr/lib/jvm/java-11-openjdk-amd64/lib/libinstrument.so
7f41a7bc1000-7f41a7bc2000 r--p 00009000 08:05 917764                     /usr/lib/jvm/java-11-openjdk-amd64/lib/libinstrument.so
7f41a7bc2000-7f41a7bc3000 rw-p 0000a000 08:05 917764                     /usr/lib/jvm/java-11-openjdk-amd64/lib/libinstrument.so
7f41a7bc3000-7f41a7bef000 r-xp 00000000 08:05 917769                     /usr/lib/jvm/java-11-openjdk-amd64/lib/libjava.so
7f41a7bef000-7f41a7dee000 ---p 0002c000 08:05 917769                     /usr/lib/jvm/java-11-openjdk-amd64/lib/libjava.so
7f41a7dee000-7f41a7def000 r--p 0002b000 08:05 917769                     /usr/lib/jvm/java-11-openjdk-amd64/lib/libjava.so
7f41a7def000-7f41a7df1000 rw-p 0002c000 08:05 917769                     /usr/lib/jvm/java-11-openjdk-amd64/lib/libjava.so
7f41a7df1000-7f41a7dfe000 r-xp 00000000 08:05 917789                     /usr/lib/jvm/java-11-openjdk-amd64/lib/libverify.so
7f41a7dfe000-7f41a7ffd000 ---p 0000d000 08:05 917789                     /usr/lib/jvm/java-11-openjdk-amd64/lib/libverify.so
7f41a7ffd000-7f41a7fff000 r--p 0000c000 08:05 917789                     /usr/lib/jvm/java-11-openjdk-amd64/lib/libverify.so
7f41a7fff000-7f41a8000000 rw-p 0000e000 08:05 917789                     /usr/lib/jvm/java-11-openjdk-amd64/lib/libverify.so
7f41a8000000-7f41a830d000 rw-p 00000000 00:00 0 
7f41a830d000-7f41ac000000 ---p 00000000 00:00 0 
7f41ac043000-7f41ac04a000 r--s 00000000 08:05 7345540                    /usr/lib/x86_64-linux-gnu/gconv/gconv-modules.cache
7f41ac04a000-7f41ac070000 r--p 00000000 08:05 8400848                    /usr/share/locale-langpack/pt_BR/LC_MESSAGES/libc.mo
7f41ac070000-7f41ac0cb000 rw-p 00000000 00:00 0 
7f41ac0cb000-7f41ac0d2000 r-xp 00000000 08:05 8131145                    /lib/x86_64-linux-gnu/librt-2.27.so
7f41ac0d2000-7f41ac2d1000 ---p 00007000 08:05 8131145                    /lib/x86_64-linux-gnu/librt-2.27.so
7f41ac2d1000-7f41ac2d2000 r--p 00006000 08:05 8131145                    /lib/x86_64-linux-gnu/librt-2.27.so
7f41ac2d2000-7f41ac2d3000 rw-p 00007000 08:05 8131145                    /lib/x86_64-linux-gnu/librt-2.27.so
7f41ac2d3000-7f41ac2ea000 r-xp 00000000 08:05 8131049                    /lib/x86_64-linux-gnu/libgcc_s.so.1
7f41ac2ea000-7f41ac4e9000 ---p 00017000 08:05 8131049                    /lib/x86_64-linux-gnu/libgcc_s.so.1
7f41ac4e9000-7f41ac4ea000 r--p 00016000 08:05 8131049                    /lib/x86_64-linux-gnu/libgcc_s.so.1
7f41ac4ea000-7f41ac4eb000 rw-p 00017000 08:05 8131049                    /lib/x86_64-linux-gnu/libgcc_s.so.1
7f41ac4eb000-7f41ac688000 r-xp 00000000 08:05 8131047                    /lib/x86_64-linux-gnu/libm-2.27.so
7f41ac688000-7f41ac887000 ---p 0019d000 08:05 8131047                    /lib/x86_64-linux-gnu/libm-2.27.so
7f41ac887000-7f41ac888000 r--p 0019c000 08:05 8131047                    /lib/x86_64-linux-gnu/libm-2.27.so
7f41ac888000-7f41ac889000 rw-p 0019d000 08:05 8131047                    /lib/x86_64-linux-gnu/libm-2.27.so
7f41ac889000-7f41aca02000 r-xp 00000000 08:05 7078159                    /usr/lib/x86_64-linux-gnu/libstdc++.so.6.0.25
7f41aca02000-7f41acc02000 ---p 00179000 08:05 7078159                    /usr/lib/x86_64-linux-gnu/libstdc++.so.6.0.25
7f41acc02000-7f41acc0c000 r--p 00179000 08:05 7078159                    /usr/lib/x86_64-linux-gnu/libstdc++.so.6.0.25
7f41acc0c000-7f41acc0e000 rw-p 00183000 08:05 7078159                    /usr/lib/x86_64-linux-gnu/libstdc++.so.6.0.25
7f41acc0e000-7f41acc12000 rw-p 00000000 00:00 0 
7f41acc12000-7f41adbaf000 r-xp 00000000 08:05 917796                     /usr/lib/jvm/java-11-openjdk-amd64/lib/server/libjvm.so
7f41adbaf000-7f41addaf000 ---p 00f9d000 08:05 917796                     /usr/lib/jvm/java-11-openjdk-amd64/lib/server/libjvm.so
7f41addaf000-7f41ade73000 r--p 00f9d000 08:05 917796                     /usr/lib/jvm/java-11-openjdk-amd64/lib/server/libjvm.so
7f41ade73000-7f41adeab000 rw-p 01061000 08:05 917796                     /usr/lib/jvm/java-11-openjdk-amd64/lib/server/libjvm.so
7f41adeab000-7f41adef4000 rw-p 00000000 00:00 0 
7f41adef4000-7f41adf0e000 r-xp 00000000 08:05 8131135                    /lib/x86_64-linux-gnu/libpthread-2.27.so
7f41adf0e000-7f41ae10d000 ---p 0001a000 08:05 8131135                    /lib/x86_64-linux-gnu/libpthread-2.27.so
7f41ae10d000-7f41ae10e000 r--p 00019000 08:05 8131135                    /lib/x86_64-linux-gnu/libpthread-2.27.so
7f41ae10e000-7f41ae10f000 rw-p 0001a000 08:05 8131135                    /lib/x86_64-linux-gnu/libpthread-2.27.so
7f41ae10f000-7f41ae113000 rw-p 00000000 00:00 0 
7f41ae113000-7f41ae116000 r-xp 00000000 08:05 8131046                    /lib/x86_64-linux-gnu/libdl-2.27.so
7f41ae116000-7f41ae315000 ---p 00003000 08:05 8131046                    /lib/x86_64-linux-gnu/libdl-2.27.so
7f41ae315000-7f41ae316000 r--p 00002000 08:05 8131046                    /lib/x86_64-linux-gnu/libdl-2.27.so
7f41ae316000-7f41ae317000 rw-p 00003000 08:05 8131046                    /lib/x86_64-linux-gnu/libdl-2.27.so
7f41ae317000-7f41ae333000 r-xp 00000000 08:05 8131219                    /lib/x86_64-linux-gnu/libz.so.1.2.11
7f41ae333000-7f41ae532000 ---p 0001c000 08:05 8131219                    /lib/x86_64-linux-gnu/libz.so.1.2.11
7f41ae532000-7f41ae533000 r--p 0001b000 08:05 8131219                    /lib/x86_64-linux-gnu/libz.so.1.2.11
7f41ae533000-7f41ae534000 rw-p 0001c000 08:05 8131219                    /lib/x86_64-linux-gnu/libz.so.1.2.11
7f41ae534000-7f41ae71b000 r-xp 00000000 08:05 8131019                    /lib/x86_64-linux-gnu/libc-2.27.so
7f41ae71b000-7f41ae91b000 ---p 001e7000 08:05 8131019                    /lib/x86_64-linux-gnu/libc-2.27.so
7f41ae91b000-7f41ae91f000 r--p 001e7000 08:05 8131019                    /lib/x86_64-linux-gnu/libc-2.27.so
7f41ae91f000-7f41ae921000 rw-p 001eb000 08:05 8131019                    /lib/x86_64-linux-gnu/libc-2.27.so
7f41ae921000-7f41ae925000 rw-p 00000000 00:00 0 
7f41ae925000-7f41ae934000 r-xp 00000000 08:05 917754                     /usr/lib/jvm/java-11-openjdk-amd64/lib/jli/libjli.so
7f41ae934000-7f41aeb33000 ---p 0000f000 08:05 917754                     /usr/lib/jvm/java-11-openjdk-amd64/lib/jli/libjli.so
7f41aeb33000-7f41aeb34000 r--p 0000e000 08:05 917754                     /usr/lib/jvm/java-11-openjdk-amd64/lib/jli/libjli.so
7f41aeb34000-7f41aeb35000 rw-p 0000f000 08:05 917754                     /usr/lib/jvm/java-11-openjdk-amd64/lib/jli/libjli.so
7f41aeb35000-7f41aeb5c000 r-xp 00000000 08:05 8131013                    /lib/x86_64-linux-gnu/ld-2.27.so
7f41aeb62000-7f41aeb66000 ---p 00000000 00:00 0 
7f41aeb66000-7f41aec3a000 rw-p 00000000 00:00 0 
7f41aec3a000-7f41aec3e000 ---p 00000000 00:00 0 
7f41aec3e000-7f41aed3d000 rw-p 00000000 00:00 0 
7f41aed43000-7f41aed49000 rw-p 00000000 00:00 0 
7f41aed49000-7f41aed50000 ---p 00000000 00:00 0 
7f41aed50000-7f41aed58000 rw-s 00000000 08:05 4718705                    /tmp/hsperfdata_thiago/14149
7f41aed58000-7f41aed59000 ---p 00000000 00:00 0 
7f41aed59000-7f41aed5a000 r--p 00000000 00:00 0 
7f41aed5a000-7f41aed5c000 rw-p 00000000 00:00 0 
7f41aed5c000-7f41aed5d000 r--p 00027000 08:05 8131013                    /lib/x86_64-linux-gnu/ld-2.27.so
7f41aed5d000-7f41aed5e000 rw-p 00028000 08:05 8131013                    /lib/x86_64-linux-gnu/ld-2.27.so
7f41aed5e000-7f41aed5f000 rw-p 00000000 00:00 0 
7ffe02bd3000-7ffe02bf4000 rw-p 00000000 00:00 0                          [stack]
7ffe02bfa000-7ffe02bfd000 r--p 00000000 00:00 0                          [vvar]
7ffe02bfd000-7ffe02bff000 r-xp 00000000 00:00 0                          [vdso]
ffffffffff600000-ffffffffff601000 r-xp 00000000 00:00 0                  [vsyscall]


VM Arguments:
jvm_args: -javaagent:/home/thiago/Ferramentas/idea-IC-181.4445.78/lib/idea_rt.jar=45815:/home/thiago/Ferramentas/idea-IC-181.4445.78/bin -Dfile.encoding=UTF-8 
java_command: Principal
java_class_path (initial): /home/thiago/Área de Trabalho/Automacao_PGWebLibC/target/classes:/home/thiago/.m2/repository/net/java/dev/jna/jna/5.0.0/jna-5.0.0.jar
Launcher Type: SUN_STANDARD

Logging:
Log output configuration:
#0: stdout all=warning uptime,level,tags
#1: stderr all=off uptime,level,tags

Environment Variables:
JAVA_HOME=/usr/lib/jvm/java-1.8.0-openjdk-amd64
PATH=/usr/lib/jvm/java-1.8.0-openjdk-amd64/bin:/usr/local/sbin:/usr/local/bin:/usr/sbin:/usr/bin:/sbin:/bin:/usr/games:/usr/local/games:/snap/bin:/usr/lib/jvm/java-8-oracle/bin:/usr/lib/jvm/java-8-oracle/db/bin:/usr/lib/jvm/java-8-oracle/jre/bin
USERNAME=thiago
SHELL=/bin/bash
DISPLAY=:0

Signal Handlers:
SIGSEGV: [libjvm.so+0xd28b70], sa_mask[0]=11111111011111111101111111111110, sa_flags=SA_RESTART|SA_SIGINFO
SIGBUS: [libjvm.so+0xd28b70], sa_mask[0]=11111111011111111101111111111110, sa_flags=SA_RESTART|SA_SIGINFO
SIGFPE: [libjvm.so+0xd28b70], sa_mask[0]=11111111011111111101111111111110, sa_flags=SA_RESTART|SA_SIGINFO
SIGPIPE: [libjvm.so+0xb2a1f0], sa_mask[0]=11111111011111111101111111111110, sa_flags=SA_RESTART|SA_SIGINFO
SIGXFSZ: [libjvm.so+0xb2a1f0], sa_mask[0]=11111111011111111101111111111110, sa_flags=SA_RESTART|SA_SIGINFO
SIGILL: [libjvm.so+0xd28b70], sa_mask[0]=11111111011111111101111111111110, sa_flags=SA_RESTART|SA_SIGINFO
SIGUSR2: [libjvm.so+0xb2a030], sa_mask[0]=00100000000000000000000000000000, sa_flags=SA_RESTART|SA_SIGINFO
SIGHUP: [libjvm.so+0xb2a180], sa_mask[0]=11111111011111111101111111111110, sa_flags=SA_RESTART|SA_SIGINFO
SIGINT: [libjvm.so+0xb2a180], sa_mask[0]=11111111011111111101111111111110, sa_flags=SA_RESTART|SA_SIGINFO
SIGTERM: [libjvm.so+0xb2a180], sa_mask[0]=11111111011111111101111111111110, sa_flags=SA_RESTART|SA_SIGINFO
SIGQUIT: [libjvm.so+0xb2a180], sa_mask[0]=11111111011111111101111111111110, sa_flags=SA_RESTART|SA_SIGINFO


---------------  S Y S T E M  ---------------

OS:DISTRIB_ID=Ubuntu
DISTRIB_RELEASE=18.04
DISTRIB_CODENAME=bionic
DISTRIB_DESCRIPTION="Ubuntu 18.04.1 LTS"
uname:Linux 4.15.0-39-generic #42-Ubuntu SMP Tue Oct 23 15:48:01 UTC 2018 x86_64
libc:glibc 2.27 NPTL 2.27 
rlimit: STACK 8192k, CORE 0k, NPROC 30042, NOFILE 1048576, AS infinity, DATA infinity, FSIZE infinity
load average:1.96 1.50 1.08

/proc/meminfo:
MemTotal:        7751356 kB
MemFree:          359124 kB
MemAvailable:    2825136 kB
Buffers:          321456 kB
Cached:          2695396 kB
SwapCached:          116 kB
Active:          5098652 kB
Inactive:        1786100 kB
Active(anon):    3609460 kB
Inactive(anon):   747452 kB
Active(file):    1489192 kB
Inactive(file):  1038648 kB
Unevictable:         292 kB
Mlocked:             292 kB
SwapTotal:       2097148 kB
SwapFree:        2096636 kB
Dirty:             11168 kB
Writeback:             0 kB
AnonPages:       3868172 kB
Mapped:           881348 kB
Shmem:            619620 kB
Slab:             336976 kB
SReclaimable:     241328 kB
SUnreclaim:        95648 kB
KernelStack:       16336 kB
PageTables:        73864 kB
NFS_Unstable:          0 kB
Bounce:                0 kB
WritebackTmp:          0 kB
CommitLimit:     5972824 kB
Committed_AS:   12143488 kB
VmallocTotal:   34359738367 kB
VmallocUsed:           0 kB
VmallocChunk:          0 kB
HardwareCorrupted:     0 kB
AnonHugePages:         0 kB
ShmemHugePages:        0 kB
ShmemPmdMapped:        0 kB
CmaTotal:              0 kB
CmaFree:               0 kB
HugePages_Total:       0
HugePages_Free:        0
HugePages_Rsvd:        0
HugePages_Surp:        0
Hugepagesize:       2048 kB
DirectMap4k:      259952 kB
DirectMap2M:     7708672 kB

container (cgroup) information:
container_type: cgroupv1
cpu_cpuset_cpus: 0-1
cpu_memory_nodes: 0
active_processor_count: 2
cpu_quota: -1
cpu_period: 100000
cpu_shares: -1
memory_limit_in_bytes: -1
memory_and_swap_limit_in_bytes: -2
memory_soft_limit_in_bytes: -1
memory_usage_in_bytes: 6747226112
memory_max_usage_in_bytes: 6999957504


CPU:total 2 (initial active 2) (2 cores per cpu, 2 threads per core) family 6 model 42 stepping 7, cmov, cx8, fxsr, mmx, sse, sse2, sse3, ssse3, sse4.1, sse4.2, popcnt, avx, clmul, ht, tsc, tscinvbit
CPU Model and flags from /proc/cpuinfo:
model name	: Intel(R) Core(TM) i3-2328M CPU @ 2.20GHz
flags		: fpu vme de pse tsc msr pae mce cx8 apic sep mtrr pge mca cmov pat pse36 clflush dts acpi mmx fxsr sse sse2 ss ht tm pbe syscall nx rdtscp lm constant_tsc arch_perfmon pebs bts rep_good nopl xtopology nonstop_tsc cpuid aperfmperf pni pclmulqdq dtes64 monitor ds_cpl vmx est tm2 ssse3 cx16 xtpr pdcm pcid sse4_1 sse4_2 x2apic popcnt tsc_deadline_timer xsave avx lahf_lm epb pti ssbd ibrs ibpb stibp tpr_shadow vnmi flexpriority ept vpid xsaveopt dtherm arat pln pts flush_l1d

Memory: 4k page, physical 7751356k(359124k free), swap 2097148k(2096636k free)

vm_info: OpenJDK 64-Bit Server VM (10.0.2+13-Ubuntu-1ubuntu0.18.04.3) for linux-amd64 JRE (10.0.2+13-Ubuntu-1ubuntu0.18.04.3), built on Oct  7 2018 15:06:09 by "buildd" with gcc 7.3.0

END.
