19:06:37:425 PW_Init(.)
19:06:37:425 Ultima limpeza: 00/00/1900 00:00:00)
19:06:37:441 ********* Limpeza de logs efetuada
19:06:37:442 PW_iNewTransac(1, 0004.0000.0059.0000)
19:06:37:443 DISCONNECT =================================================================
19:06:37:443 >>LNXSSL_iModemDisconnect
19:06:37:445 PW_iAddParam(23, SETIS AUTOMACAO E SISTEMA LTDA)
19:06:37:445 PW_iAddParam(22, 1.1.0.0)
19:06:37:445 PW_iAddParam(21, PGWEBLIBTEST)
19:06:37:445 PW_iAddParam(36, 15)
19:06:37:963 PW_iExecTransac(0004.0000.0059.0000) <-2497>
19:07:36:405 PW_Init(.)
19:07:36:405 Ultima limpeza: 04/12/2018 19:06:37)
19:07:36:422 ********* Limpeza de logs efetuada
19:07:36:422 PW_iNewTransac(1, 0004.0000.0059.0000)
19:07:36:423 DISCONNECT =================================================================
19:07:36:424 >>LNXSSL_iModemDisconnect
19:07:36:425 PW_iAddParam(23, SETIS AUTOMACAO E SISTEMA LTDA)
19:07:36:425 PW_iAddParam(22, 1.1.0.0)
19:07:36:425 PW_iAddParam(21, PGWEBLIBTEST)
19:07:36:425 PW_iAddParam(36, 15)
19:07:36:931 PW_iExecTransac(0004.0000.0059.0000) <-2497>
19:07:46:772 PW_Init(.)
19:07:46:772 Ultima limpeza: 04/12/2018 19:07:36)
19:07:46:789 ********* Limpeza de logs efetuada
19:07:46:789 PW_iNewTransac(1, 0004.0000.0059.0000)
19:07:46:790 DISCONNECT =================================================================
19:07:46:791 >>LNXSSL_iModemDisconnect
19:07:46:793 PW_iAddParam(23, SETIS AUTOMACAO E SISTEMA LTDA)
19:07:46:793 PW_iAddParam(22, 1.1.0.0)
19:07:46:794 PW_iAddParam(21, PGWEBLIBTEST)
19:07:46:794 PW_iAddParam(36, 15)
19:07:47:300 PW_iExecTransac(0004.0000.0059.0000) <-2497>
19:08:09:226 PW_Init(.)
19:08:09:226 Ultima limpeza: 04/12/2018 19:07:46)
19:08:09:243 ********* Limpeza de logs efetuada
19:08:09:243 PW_iNewTransac(1, 0004.0000.0059.0000)
19:08:09:245 DISCONNECT =================================================================
19:08:09:245 >>LNXSSL_iModemDisconnect
19:08:09:246 PW_iAddParam(23, SETIS AUTOMACAO E SISTEMA LTDA)
19:08:09:246 PW_iAddParam(22, 1.1.0.0)
19:08:09:246 PW_iAddParam(21, PGWEBLIBTEST)
19:08:09:246 PW_iAddParam(36, 15)
19:08:09:752 PW_iExecTransac(0004.0000.0059.0000) <-2497>
19:08:17:261 PW_Init(.)
19:08:17:261 Ultima limpeza: 04/12/2018 19:08:09)
19:08:17:278 ********* Limpeza de logs efetuada
19:08:17:278 PW_iNewTransac(1, 0004.0000.0059.0000)
19:08:17:279 DISCONNECT =================================================================
19:08:17:280 >>LNXSSL_iModemDisconnect
19:08:17:281 PW_iAddParam(23, SETIS AUTOMACAO E SISTEMA LTDA)
19:08:17:281 PW_iAddParam(22, 1.1.0.0)
19:08:17:281 PW_iAddParam(21, PGWEBLIBTEST)
19:08:17:281 PW_iAddParam(36, 15)
19:08:17:787 PW_iExecTransac(0004.0000.0059.0000) <-2497>
19:08:33:451 PW_Init(.)
19:08:33:451 Ultima limpeza: 04/12/2018 19:08:17)
19:08:33:467 ********* Limpeza de logs efetuada
19:08:33:467 PW_iNewTransac(1, 0004.0000.0059.0000)
19:08:33:469 DISCONNECT =================================================================
19:08:33:469 >>LNXSSL_iModemDisconnect
19:08:33:471 PW_iAddParam(23, SETIS AUTOMACAO E SISTEMA LTDA)
19:08:33:471 PW_iAddParam(22, 1.1.0.0)
19:08:33:473 PW_iAddParam(21, PGWEBLIBTEST)
19:08:33:473 PW_iAddParam(36, 15)
19:08:33:503 PW_iExecTransac(0004.0000.0059.0000) <-2497>
19:08:59:023 PW_Init(.)
19:08:59:023 Ultima limpeza: 04/12/2018 19:08:33)
19:08:59:039 ********* Limpeza de logs efetuada
19:08:59:039 PW_iNewTransac(1, 0004.0000.0059.0000)
19:08:59:041 DISCONNECT =================================================================
19:08:59:041 >>LNXSSL_iModemDisconnect
19:08:59:042 PW_iAddParam(23, SETIS AUTOMACAO E SISTEMA LTDA)
19:08:59:043 PW_iAddParam(22, 1.1.0.0)
19:08:59:043 PW_iAddParam(21, PGWEBLIBTEST)
19:08:59:043 PW_iAddParam(36, 15)
19:08:59:056 PW_iExecTransac(0004.0000.0059.0000) <-2497>
19:09:05:904 PW_Init(.)
19:09:05:904 Ultima limpeza: 04/12/2018 19:08:59)
19:09:05:921 ********* Limpeza de logs efetuada
19:09:05:921 PW_iNewTransac(1, 0004.0000.0059.0000)
19:09:05:923 DISCONNECT =================================================================
19:09:05:923 >>LNXSSL_iModemDisconnect
19:09:05:924 PW_iAddParam(23, SETIS AUTOMACAO E SISTEMA LTDA)
19:09:05:924 PW_iAddParam(22, 1.1.0.0)
19:09:05:924 PW_iAddParam(21, PGWEBLIBTEST)
19:09:05:925 PW_iAddParam(36, 15)
19:09:05:950 PW_iExecTransac(0004.0000.0059.0000) <-2497>
19:09:10:197 PW_Init(.)
19:09:10:197 Ultima limpeza: 04/12/2018 19:09:05)
19:09:10:213 ********* Limpeza de logs efetuada
19:09:10:213 PW_iNewTransac(1, 0004.0000.0059.0000)
19:09:10:215 DISCONNECT =================================================================
19:09:10:215 >>LNXSSL_iModemDisconnect
19:09:10:217 PW_iAddParam(23, SETIS AUTOMACAO E SISTEMA LTDA)
19:09:10:217 PW_iAddParam(22, 1.1.0.0)
19:09:10:218 PW_iAddParam(21, PGWEBLIBTEST)
19:09:10:218 PW_iAddParam(36, 15)
19:09:10:229 PW_iExecTransac(0004.0000.0059.0000) <-2497>
19:09:19:004 PW_Init(.)
19:09:19:005 Ultima limpeza: 04/12/2018 19:09:10)
19:09:20:021 ********* Limpeza de logs efetuada
19:09:20:021 PW_iNewTransac(1, 0004.0000.0059.0000)
19:09:20:023 DISCONNECT =================================================================
19:09:20:023 >>LNXSSL_iModemDisconnect
19:09:20:024 PW_iAddParam(23, SETIS AUTOMACAO E SISTEMA LTDA)
19:09:20:024 PW_iAddParam(22, 1.1.0.0)
19:09:20:026 PW_iAddParam(21, PGWEBLIBTEST)
19:09:20:026 PW_iAddParam(36, 15)
19:09:20:538 PW_iExecTransac(0004.0000.0059.0000) <-2497>
19:09:27:082 PW_Init(.)
19:09:27:082 Ultima limpeza: 04/12/2018 19:09:20)
19:09:27:099 ********* Limpeza de logs efetuada
19:09:27:099 PW_iNewTransac(1, 0004.0000.0059.0000)
19:09:27:101 DISCONNECT =================================================================
19:09:27:101 >>LNXSSL_iModemDisconnect
19:09:27:103 PW_iAddParam(23, SETIS AUTOMACAO E SISTEMA LTDA)
19:09:27:103 PW_iAddParam(22, 1.1.0.0)
19:09:27:104 PW_iAddParam(21, PGWEBLIBTEST)
19:09:27:104 PW_iAddParam(36, 15)
19:09:27:616 PW_iExecTransac(0004.0000.0059.0000) <-2497>
19:09:57:016 PW_Init(.)
19:09:57:016 Ultima limpeza: 04/12/2018 19:09:27)
19:09:57:033 ********* Limpeza de logs efetuada
19:09:57:033 PW_iNewTransac(1, 0004.0000.0059.0000)
19:09:57:034 DISCONNECT =================================================================
19:09:57:034 >>LNXSSL_iModemDisconnect
19:09:57:036 PW_iAddParam(23, SETIS AUTOMACAO E SISTEMA LTDA)
19:09:57:036 PW_iAddParam(22, 1.1.0.0)
19:09:57:037 PW_iAddParam(21, PGWEBLIBTEST)
19:09:57:037 PW_iAddParam(36, 15)
19:09:57:560 PW_iExecTransac(0004.0000.0059.0000) <-2497>
19:11:38:366 PW_Init(.)
19:11:38:366 Ultima limpeza: 04/12/2018 19:09:57)
19:11:38:382 ********* Limpeza de logs efetuada
19:11:38:382 PW_iNewTransac(1, 0004.0000.0059.0000)
19:11:38:384 DISCONNECT =================================================================
19:11:38:384 >>LNXSSL_iModemDisconnect
19:11:38:386 PW_iAddParam(23, SETIS AUTOMACAO E SISTEMA LTDA)
19:11:38:386 PW_iAddParam(22, 1.1.0.0)
19:11:38:387 PW_iAddParam(21, PGWEBLIBTEST)
19:11:38:387 PW_iAddParam(36, 15)
19:11:38:907 PW_iExecTransac(0004.0000.0059.0000) <-2497>
19:11:44:229 PW_Init(.)
19:11:44:229 Ultima limpeza: 04/12/2018 19:11:38)
19:11:44:245 ********* Limpeza de logs efetuada
19:11:44:245 PW_iNewTransac(1, 0004.0000.0059.0000)
19:11:44:247 DISCONNECT =================================================================
19:11:44:247 >>LNXSSL_iModemDisconnect
19:11:44:249 PW_iAddParam(23, SETIS AUTOMACAO E SISTEMA LTDA)
19:11:44:249 PW_iAddParam(22, 1.1.0.0)
19:11:44:250 PW_iAddParam(21, PGWEBLIBTEST)
19:11:44:250 PW_iAddParam(36, 15)
19:11:44:761 PW_iExecTransac(0004.0000.0059.0000) <-2497>
19:11:48:309 PW_Init(.)
19:11:48:309 Ultima limpeza: 04/12/2018 19:11:44)
19:11:48:325 ********* Limpeza de logs efetuada
19:11:48:325 PW_iNewTransac(1, 0004.0000.0059.0000)
19:11:48:327 DISCONNECT =================================================================
19:11:48:327 >>LNXSSL_iModemDisconnect
19:11:48:328 PW_iAddParam(23, SETIS AUTOMACAO E SISTEMA LTDA)
19:11:48:329 PW_iAddParam(22, 1.1.0.0)
19:11:48:333 PW_iAddParam(21, PGWEBLIBTEST)
19:11:48:333 PW_iAddParam(36, 15)
19:11:48:854 PW_iExecTransac(0004.0000.0059.0000) <-2497>
19:11:58:832 PW_Init(.)
19:11:58:832 Ultima limpeza: 04/12/2018 19:11:48)
19:11:58:848 ********* Limpeza de logs efetuada
19:11:58:848 PW_iNewTransac(1, 0004.0000.0059.0000)
19:11:58:850 DISCONNECT =================================================================
19:11:58:850 >>LNXSSL_iModemDisconnect
19:11:58:851 PW_iAddParam(23, SETIS AUTOMACAO E SISTEMA LTDA)
19:11:58:851 PW_iAddParam(22, 1.1.0.0)
19:11:58:852 PW_iAddParam(21, PGWEBLIBTEST)
19:11:58:852 PW_iAddParam(36, 15)
19:11:59:366 PW_iExecTransac(0004.0000.0059.0000) <-2497>
19:12:20:086 PW_Init(.)
19:12:20:086 Ultima limpeza: 04/12/2018 19:11:58)
19:12:20:103 ********* Limpeza de logs efetuada
19:12:20:103 PW_iNewTransac(1, 0004.0000.0059.0000)
19:12:20:104 DISCONNECT =================================================================
19:12:20:105 >>LNXSSL_iModemDisconnect
19:12:20:106 PW_iAddParam(23, SETIS AUTOMACAO E SISTEMA LTDA)
19:12:20:106 PW_iAddParam(22, 1.1.0.0)
19:12:20:107 PW_iAddParam(21, PGWEBLIBTEST)
19:12:20:107 PW_iAddParam(36, 15)
19:12:20:627 PW_iExecTransac(0004.0000.0059.0000) <-2497>
19:12:28:916 PW_Init(.)
19:12:28:916 Ultima limpeza: 04/12/2018 19:12:20)
19:12:28:933 ********* Limpeza de logs efetuada
19:12:28:933 PW_iNewTransac(1, 0004.0000.0059.0000)
19:12:28:935 DISCONNECT =================================================================
19:12:28:935 >>LNXSSL_iModemDisconnect
19:12:28:937 PW_iAddParam(23, SETIS AUTOMACAO E SISTEMA LTDA)
19:12:28:937 PW_iAddParam(22, 1.1.0.0)
19:12:28:937 PW_iAddParam(21, PGWEBLIBTEST)
19:12:28:937 PW_iAddParam(36, 15)
19:12:38:189 PW_Init(.)
19:12:38:189 Ultima limpeza: 04/12/2018 19:12:28)
19:12:38:206 ********* Limpeza de logs efetuada
19:12:38:206 PW_iNewTransac(1, 0004.0000.0059.0000)
19:12:38:207 DISCONNECT =================================================================
19:12:38:207 >>LNXSSL_iModemDisconnect
19:12:38:209 PW_iAddParam(23, SETIS AUTOMACAO E SISTEMA LTDA)
19:12:38:209 PW_iAddParam(22, 1.1.0.0)
19:12:38:210 PW_iAddParam(21, PGWEBLIBTEST)
19:12:38:211 PW_iAddParam(36, 15)
19:12:38:726 PW_iExecTransac(0004.0000.0059.0000) <-2497>
20:37:53:266 PW_Init(.)
20:37:53:271 Ultima limpeza: 04/12/2018 19:12:38)
20:37:53:273 PW_iNewTransac(1, 0004.0000.0059.0000)
20:37:53:275 DISCONNECT =================================================================
20:37:53:275 >>LNXSSL_iModemDisconnect
20:37:53:277 PW_iAddParam(23, SETIS AUTOMACAO E SISTEMA LTDA)
20:37:53:277 PW_iAddParam(22, 1.1.0.0)
20:37:53:277 PW_iAddParam(21, PGWEBLIBTEST)
20:37:53:287 PW_iAddParam(36, 15)
20:37:53:793 PW_iExecTransac(0004.0000.0059.0000) <-2497>
20:38:00:047 PW_Init(.)
20:38:00:047 Ultima limpeza: 04/12/2018 19:12:38)
20:38:00:049 PW_iNewTransac(1, 0004.0000.0059.0000)
20:38:00:058 DISCONNECT =================================================================
20:38:00:058 >>LNXSSL_iModemDisconnect
20:38:00:059 PW_iAddParam(23, SETIS AUTOMACAO E SISTEMA LTDA)
20:38:00:059 PW_iAddParam(22, 1.1.0.0)
20:38:00:059 PW_iAddParam(21, PGWEBLIBTEST)
20:38:00:059 PW_iAddParam(36, 15)
20:38:00:566 PW_iExecTransac(0004.0000.0059.0000) <-2497>
20:38:24:263 PW_Init(.)
20:38:24:263 Ultima limpeza: 04/12/2018 19:12:38)
20:38:24:265 PW_iNewTransac(1, 0004.0000.0059.0000)
20:38:24:273 DISCONNECT =================================================================
20:38:24:273 >>LNXSSL_iModemDisconnect
20:38:24:274 PW_iAddParam(23, SETIS AUTOMACAO E SISTEMA LTDA)
20:38:24:274 PW_iAddParam(22, 1.1.0.0)
20:38:24:274 PW_iAddParam(21, PGWEBLIBTEST)
20:38:24:274 PW_iAddParam(36, 15)
20:38:24:893 PW_iExecTransac(0004.0000.0059.0000) <-2497>
20:38:32:936 PW_Init(.)
20:38:32:936 Ultima limpeza: 04/12/2018 19:12:38)
20:38:32:938 PW_iNewTransac(1, 0004.0000.0059.0000)
20:38:32:940 DISCONNECT =================================================================
20:38:32:940 >>LNXSSL_iModemDisconnect
20:38:32:942 PW_iAddParam(23, SETIS AUTOMACAO E SISTEMA LTDA)
20:38:32:942 PW_iAddParam(22, 1.1.0.0)
20:38:32:942 PW_iAddParam(21, PGWEBLIBTEST)
20:38:32:942 PW_iAddParam(36, 15)
20:38:33:753 PW_iExecTransac(0004.0000.0059.0000) <-2497>
20:38:41:268 PW_Init(.)
20:38:41:268 Ultima limpeza: 04/12/2018 19:12:38)
20:38:41:270 PW_iNewTransac(1, 0004.0000.0059.0000)
20:38:41:276 DISCONNECT =================================================================
20:38:41:276 >>LNXSSL_iModemDisconnect
20:38:41:280 PW_iAddParam(23, SETIS AUTOMACAO E SISTEMA LTDA)
20:38:41:280 PW_iAddParam(22, 1.1.0.0)
20:38:41:280 PW_iAddParam(21, PGWEBLIBTEST)
20:38:41:280 PW_iAddParam(36, 15)
20:38:41:390 PW_iExecTransac(0004.0000.0059.0000) <-2497>
20:38:48:502 PW_Init(.)
20:38:48:502 Ultima limpeza: 04/12/2018 19:12:38)
20:38:48:504 PW_iNewTransac(1, 0004.0000.0059.0000)
20:38:48:506 DISCONNECT =================================================================
20:38:48:506 >>LNXSSL_iModemDisconnect
20:38:48:507 PW_iAddParam(23, SETIS AUTOMACAO E SISTEMA LTDA)
20:38:48:507 PW_iAddParam(22, 1.1.0.0)
20:38:48:507 PW_iAddParam(21, PGWEBLIBTEST)
20:38:48:507 PW_iAddParam(36, 15)
20:38:48:668 PW_iExecTransac(0004.0000.0059.0000) <-2497>
20:38:55:707 PW_Init(.)
20:38:55:707 Ultima limpeza: 04/12/2018 19:12:38)
20:38:55:709 PW_iNewTransac(1, 0004.0000.0059.0000)
20:38:55:711 DISCONNECT =================================================================
20:38:55:711 >>LNXSSL_iModemDisconnect
20:38:55:713 PW_iAddParam(23, SETIS AUTOMACAO E SISTEMA LTDA)
20:38:55:713 PW_iAddParam(22, 1.1.0.0)
20:38:55:713 PW_iAddParam(21, PGWEBLIBTEST)
20:38:55:713 PW_iAddParam(36, 15)
20:38:55:893 PW_iExecTransac(0004.0000.0059.0000) <-2497>
20:39:06:476 PW_Init(.)
20:39:06:476 Ultima limpeza: 04/12/2018 19:12:38)
20:39:06:478 PW_iNewTransac(1, 0004.0000.0059.0000)
20:39:06:480 DISCONNECT =================================================================
20:39:06:480 >>LNXSSL_iModemDisconnect
20:39:06:482 PW_iAddParam(23, SETIS AUTOMACAO E SISTEMA LTDA)
20:39:06:482 PW_iAddParam(22, 1.1.0.0)
20:39:06:482 PW_iAddParam(21, PGWEBLIBTEST)
20:39:06:482 PW_iAddParam(36, 15)
20:39:06:658 PW_iExecTransac(0004.0000.0059.0000) <-2497>
20:39:16:464 PW_Init(.)
20:39:16:464 Ultima limpeza: 04/12/2018 19:12:38)
20:39:16:466 PW_iNewTransac(1, 0004.0000.0059.0000)
20:39:16:468 DISCONNECT =================================================================
20:39:16:468 >>LNXSSL_iModemDisconnect
20:39:16:469 PW_iAddParam(23, SETIS AUTOMACAO E SISTEMA LTDA)
20:39:16:469 PW_iAddParam(22, 1.1.0.0)
20:39:16:469 PW_iAddParam(21, PGWEBLIBTEST)
20:39:16:469 PW_iAddParam(36, 15)
20:39:16:854 PW_iExecTransac(0004.0000.0059.0000) <-2497>
20:42:39:236 PW_Init(.)
20:42:39:236 Ultima limpeza: 04/12/2018 19:12:38)
20:42:39:239 PW_iNewTransac(1, 0004.0000.0059.0000)
20:42:39:241 DISCONNECT =================================================================
20:42:39:241 >>LNXSSL_iModemDisconnect
20:42:39:243 PW_iAddParam(23, SETIS AUTOMACAO E SISTEMA LTDA)
20:42:39:243 PW_iAddParam(22, 1.1.0.0)
20:42:39:243 PW_iAddParam(21, PGWEBLIBTEST)
20:42:39:243 PW_iAddParam(36, 15)
20:42:39:626 PW_iExecTransac(0004.0000.0059.0000) <-2497>
20:42:44:606 PW_Init(.)
20:42:44:606 Ultima limpeza: 04/12/2018 19:12:38)
20:42:44:608 PW_iNewTransac(1, 0004.0000.0059.0000)
20:42:44:612 DISCONNECT =================================================================
20:42:44:612 >>LNXSSL_iModemDisconnect
20:42:44:613 PW_iAddParam(23, SETIS AUTOMACAO E SISTEMA LTDA)
20:42:44:613 PW_iAddParam(22, 1.1.0.0)
20:42:44:613 PW_iAddParam(21, PGWEBLIBTEST)
20:42:44:613 PW_iAddParam(36, 15)
20:42:44:989 PW_iExecTransac(0004.0000.0059.0000) <-2497>
20:42:53:599 PW_Init(.)
20:42:53:599 Ultima limpeza: 04/12/2018 19:12:38)
20:42:53:601 PW_iNewTransac(1, 0004.0000.0059.0000)
20:42:53:609 DISCONNECT =================================================================
20:42:53:609 >>LNXSSL_iModemDisconnect
20:42:53:611 PW_iAddParam(23, SETIS AUTOMACAO E SISTEMA LTDA)
20:42:53:611 PW_iAddParam(22, 1.1.0.0)
20:42:53:611 PW_iAddParam(21, PGWEBLIBTEST)
20:42:53:611 PW_iAddParam(36, 15)
20:42:54:002 PW_iExecTransac(0004.0000.0059.0000) <-2497>
20:42:58:828 PW_Init(.)
20:42:58:828 Ultima limpeza: 04/12/2018 19:12:38)
20:42:58:834 PW_iNewTransac(1, 0004.0000.0059.0000)
20:42:58:841 DISCONNECT =================================================================
20:42:58:841 >>LNXSSL_iModemDisconnect
20:42:58:845 PW_iAddParam(23, SETIS AUTOMACAO E SISTEMA LTDA)
20:42:58:845 PW_iAddParam(22, 1.1.0.0)
20:42:58:845 PW_iAddParam(21, PGWEBLIBTEST)
20:42:58:845 PW_iAddParam(36, 15)
20:42:59:238 PW_iExecTransac(0004.0000.0059.0000) <-2497>
20:43:10:884 PW_Init(.)
20:43:10:884 Ultima limpeza: 04/12/2018 19:12:38)
20:43:10:886 PW_iNewTransac(1, 0004.0000.0059.0000)
20:43:10:917 DISCONNECT =================================================================
20:43:10:917 >>LNXSSL_iModemDisconnect
20:43:10:932 PW_iAddParam(23, SETIS AUTOMACAO E SISTEMA LTDA)
20:43:10:932 PW_iAddParam(22, 1.1.0.0)
20:43:10:932 PW_iAddParam(21, PGWEBLIBTEST)
20:43:10:932 PW_iAddParam(36, 15)
20:43:11:321 PW_iExecTransac(0004.0000.0059.0000) <-2497>
20:44:28:341 PW_Init(.)
20:44:28:341 Ultima limpeza: 04/12/2018 19:12:38)
20:44:28:343 PW_iNewTransac(1, 0004.0000.0059.0000)
20:44:28:345 DISCONNECT =================================================================
20:44:28:345 >>LNXSSL_iModemDisconnect
20:44:28:347 PW_iAddParam(23, SETIS AUTOMACAO E SISTEMA LTDA)
20:44:28:347 PW_iAddParam(22, 1.1.0.0)
20:44:28:347 PW_iAddParam(21, PGWEBLIBTEST)
20:44:28:347 PW_iAddParam(36, 15)
20:44:28:734 PW_iExecTransac(0004.0000.0059.0000) <-2497>
20:44:50:220 PW_Init(.)
20:44:50:221 Ultima limpeza: 04/12/2018 19:12:38)
20:44:50:223 PW_iNewTransac(1, 0004.0000.0059.0000)
20:44:50:229 DISCONNECT =================================================================
20:44:50:229 >>LNXSSL_iModemDisconnect
20:44:50:231 PW_iAddParam(23, SETIS AUTOMACAO E SISTEMA LTDA)
20:44:50:231 PW_iAddParam(22, 1.1.0.0)
20:44:50:231 PW_iAddParam(21, PGWEBLIBTEST)
20:44:50:231 PW_iAddParam(36, 15)
20:44:50:418 PW_iExecTransac(0004.0000.0059.0000) <-2497>
20:45:10:213 PW_Init(.)
20:45:10:213 Ultima limpeza: 04/12/2018 19:12:38)
20:45:10:215 PW_iNewTransac(1, 0004.0000.0059.0000)
20:45:10:217 DISCONNECT =================================================================
20:45:10:217 >>LNXSSL_iModemDisconnect
20:45:10:218 PW_iAddParam(23, SETIS AUTOMACAO E SISTEMA LTDA)
20:45:10:219 PW_iAddParam(22, 1.1.0.0)
20:45:10:219 PW_iAddParam(21, PGWEBLIBTEST)
20:45:10:219 PW_iAddParam(36, 15)
20:45:10:243 PW_iExecTransac(0004.0000.0059.0000) <-2497>
20:45:20:298 PW_Init(.)
20:45:20:298 Ultima limpeza: 04/12/2018 19:12:38)
20:45:20:300 PW_iNewTransac(1, 0004.0000.0059.0000)
20:45:20:307 DISCONNECT =================================================================
20:45:20:307 >>LNXSSL_iModemDisconnect
20:45:20:310 PW_iAddParam(23, SETIS AUTOMACAO E SISTEMA LTDA)
20:45:20:310 PW_iAddParam(22, 1.1.0.0)
20:45:20:311 PW_iAddParam(21, PGWEBLIBTEST)
20:45:20:311 PW_iAddParam(36, 15)
20:45:20:354 PW_iExecTransac(0004.0000.0059.0000) <-2497>
20:45:44:079 PW_Init(.)
20:45:44:079 Ultima limpeza: 04/12/2018 19:12:38)
20:45:44:081 PW_iNewTransac(1, 0004.0000.0059.0000)
20:45:44:083 DISCONNECT =================================================================
20:45:44:083 >>LNXSSL_iModemDisconnect
20:45:44:084 PW_iAddParam(23, SETIS AUTOMACAO E SISTEMA LTDA)
20:45:44:084 PW_iAddParam(22, 1.1.0.0)
20:45:44:084 PW_iAddParam(21, PGWEBLIBTEST)
20:45:44:084 PW_iAddParam(36, 15)
20:45:44:096 PW_iExecTransac(0004.0000.0059.0000) <-2497>
20:45:48:419 PW_Init(.)
20:45:48:419 Ultima limpeza: 04/12/2018 19:12:38)
20:45:48:424 PW_iNewTransac(1, 0004.0000.0059.0000)
20:45:48:426 DISCONNECT =================================================================
20:45:48:426 >>LNXSSL_iModemDisconnect
20:45:48:441 PW_iAddParam(23, SETIS AUTOMACAO E SISTEMA LTDA)
20:45:48:441 PW_iAddParam(22, 1.1.0.0)
20:45:48:441 PW_iAddParam(21, PGWEBLIBTEST)
20:45:48:441 PW_iAddParam(36, 15)
20:45:48:467 PW_iExecTransac(0004.0000.0059.0000) <-2497>
20:45:52:222 PW_Init(.)
20:45:52:222 Ultima limpeza: 04/12/2018 19:12:38)
20:45:52:224 PW_iNewTransac(1, 0004.0000.0059.0000)
20:45:52:230 DISCONNECT =================================================================
20:45:52:230 >>LNXSSL_iModemDisconnect
20:45:52:233 PW_iAddParam(23, SETIS AUTOMACAO E SISTEMA LTDA)
20:45:52:233 PW_iAddParam(22, 1.1.0.0)
20:45:52:233 PW_iAddParam(21, PGWEBLIBTEST)
20:45:52:233 PW_iAddParam(36, 15)
20:45:52:269 PW_iExecTransac(0004.0000.0059.0000) <-2497>
20:45:59:133 PW_Init(.)
20:45:59:133 Ultima limpeza: 04/12/2018 19:12:38)
20:45:59:136 PW_iNewTransac(1, 0004.0000.0059.0000)
20:45:59:138 DISCONNECT =================================================================
20:45:59:138 >>LNXSSL_iModemDisconnect
20:45:59:139 PW_iAddParam(23, SETIS AUTOMACAO E SISTEMA LTDA)
20:45:59:139 PW_iAddParam(22, 1.1.0.0)
20:45:59:139 PW_iAddParam(21, PGWEBLIBTEST)
20:45:59:139 PW_iAddParam(36, 15)
20:45:59:174 PW_iExecTransac(0004.0000.0059.0000) <-2497>
20:46:03:507 PW_Init(.)
20:46:03:507 Ultima limpeza: 04/12/2018 19:12:38)
20:46:03:509 PW_iNewTransac(1, 0004.0000.0059.0000)
20:46:03:516 DISCONNECT =================================================================
20:46:03:516 >>LNXSSL_iModemDisconnect
20:46:03:517 PW_iAddParam(23, SETIS AUTOMACAO E SISTEMA LTDA)
20:46:03:518 PW_iAddParam(22, 1.1.0.0)
20:46:03:518 PW_iAddParam(21, PGWEBLIBTEST)
20:46:03:518 PW_iAddParam(36, 15)
20:46:03:536 PW_iExecTransac(0004.0000.0059.0000) <-2497>
20:46:08:817 PW_Init(.)
20:46:08:817 Ultima limpeza: 04/12/2018 19:12:38)
20:46:08:822 PW_iNewTransac(1, 0004.0000.0059.0000)
20:46:08:826 DISCONNECT =================================================================
20:46:08:826 >>LNXSSL_iModemDisconnect
20:46:08:831 PW_iAddParam(23, SETIS AUTOMACAO E SISTEMA LTDA)
20:46:08:831 PW_iAddParam(22, 1.1.0.0)
20:46:08:831 PW_iAddParam(21, PGWEBLIBTEST)
20:46:08:831 PW_iAddParam(36, 15)
20:46:08:852 PW_iExecTransac(0004.0000.0059.0000) <-2497>
20:46:13:420 PW_Init(.)
20:46:13:420 Ultima limpeza: 04/12/2018 19:12:38)
20:46:13:422 PW_iNewTransac(1, 0004.0000.0059.0000)
20:46:13:424 DISCONNECT =================================================================
20:46:13:424 >>LNXSSL_iModemDisconnect
20:46:13:425 PW_iAddParam(23, SETIS AUTOMACAO E SISTEMA LTDA)
20:46:13:425 PW_iAddParam(22, 1.1.0.0)
20:46:13:426 PW_iAddParam(21, PGWEBLIBTEST)
20:46:13:426 PW_iAddParam(36, 15)
20:46:13:448 PW_iExecTransac(0004.0000.0059.0000) <-2497>
20:46:54:068 PW_Init(.)
20:46:54:068 Ultima limpeza: 04/12/2018 19:12:38)
20:46:54:070 PW_iNewTransac(1, 0004.0000.0059.0000)
20:46:54:074 DISCONNECT =================================================================
20:46:54:074 >>LNXSSL_iModemDisconnect
20:46:54:076 PW_iAddParam(23, SETIS AUTOMACAO E SISTEMA LTDA)
20:46:54:076 PW_iAddParam(22, 1.1.0.0)
20:46:54:076 PW_iAddParam(21, PGWEBLIBTEST)
20:46:54:076 PW_iAddParam(36, 15)
20:46:54:102 PW_iExecTransac(0004.0000.0059.0000) <-2497>
20:47:04:687 PW_Init(.)
20:47:04:687 Ultima limpeza: 04/12/2018 19:12:38)
20:47:04:689 PW_iNewTransac(1, 0004.0000.0059.0000)
20:47:04:693 DISCONNECT =================================================================
20:47:04:693 >>LNXSSL_iModemDisconnect
20:47:04:694 PW_iAddParam(23, SETIS AUTOMACAO E SISTEMA LTDA)
20:47:04:695 PW_iAddParam(22, 1.1.0.0)
20:47:04:695 PW_iAddParam(21, PGWEBLIBTEST)
20:47:04:695 PW_iAddParam(36, 15)
20:47:04:732 PW_iExecTransac(0004.0000.0059.0000) <-2497>
20:47:09:206 PW_Init(.)
20:47:09:207 Ultima limpeza: 04/12/2018 19:12:38)
20:47:09:209 PW_iNewTransac(1, 0004.0000.0059.0000)
20:47:09:211 DISCONNECT =================================================================
20:47:09:211 >>LNXSSL_iModemDisconnect
20:47:09:212 PW_iAddParam(23, SETIS AUTOMACAO E SISTEMA LTDA)
20:47:09:212 PW_iAddParam(22, 1.1.0.0)
20:47:09:212 PW_iAddParam(21, PGWEBLIBTEST)
20:47:09:213 PW_iAddParam(36, 15)
20:47:09:233 PW_iExecTransac(0004.0000.0059.0000) <-2497>
20:48:01:505 PW_Init(.)
20:48:01:506 Ultima limpeza: 04/12/2018 19:12:38)
20:48:01:508 PW_iNewTransac(1, 0004.0000.0059.0000)
20:48:01:509 DISCONNECT =================================================================
20:48:01:509 >>LNXSSL_iModemDisconnect
20:48:01:516 PW_iAddParam(23, SETIS AUTOMACAO E SISTEMA LTDA)
20:48:01:517 PW_iAddParam(22, 1.1.0.0)
20:48:01:517 PW_iAddParam(21, PGWEBLIBTEST)
20:48:01:517 PW_iAddParam(36, 15)
20:48:01:530 PW_iExecTransac(0004.0000.0059.0000) <-2497>
20:48:08:112 PW_Init(.)
20:48:08:112 Ultima limpeza: 04/12/2018 19:12:38)
20:48:08:115 PW_iNewTransac(1, 0004.0000.0059.0000)
20:48:08:116 DISCONNECT =================================================================
20:48:08:116 >>LNXSSL_iModemDisconnect
20:48:08:118 PW_iAddParam(23, SETIS AUTOMACAO E SISTEMA LTDA)
20:48:08:118 PW_iAddParam(22, 1.1.0.0)
20:48:08:118 PW_iAddParam(21, PGWEBLIBTEST)
20:48:08:118 PW_iAddParam(36, 15)
20:48:08:152 PW_iExecTransac(0004.0000.0059.0000) <-2497>
20:48:15:550 PW_Init(.)
20:48:15:550 Ultima limpeza: 04/12/2018 19:12:38)
20:48:15:552 PW_iNewTransac(1, 0004.0000.0059.0000)
20:48:15:559 DISCONNECT =================================================================
20:48:15:559 >>LNXSSL_iModemDisconnect
20:48:15:560 PW_iAddParam(23, SETIS AUTOMACAO E SISTEMA LTDA)
20:48:15:560 PW_iAddParam(22, 1.1.0.0)
20:48:15:560 PW_iAddParam(21, PGWEBLIBTEST)
20:48:15:560 PW_iAddParam(36, 15)
20:48:15:585 PW_iExecTransac(0004.0000.0059.0000) <-2497>
20:48:22:114 PW_Init(.)
20:48:22:114 Ultima limpeza: 04/12/2018 19:12:38)
20:48:22:116 PW_iNewTransac(1, 0004.0000.0059.0000)
20:48:22:118 DISCONNECT =================================================================
20:48:22:118 >>LNXSSL_iModemDisconnect
20:48:22:120 PW_iAddParam(23, SETIS AUTOMACAO E SISTEMA LTDA)
20:48:22:120 PW_iAddParam(22, 1.1.0.0)
20:48:22:120 PW_iAddParam(21, PGWEBLIBTEST)
20:48:22:120 PW_iAddParam(36, 15)
20:48:22:145 PW_iExecTransac(0004.0000.0059.0000) <-2497>
20:48:28:474 PW_Init(.)
20:48:28:474 Ultima limpeza: 04/12/2018 19:12:38)
20:48:28:477 PW_iNewTransac(1, 0004.0000.0059.0000)
20:48:28:479 DISCONNECT =================================================================
20:48:28:479 >>LNXSSL_iModemDisconnect
20:48:28:481 PW_iAddParam(23, SETIS AUTOMACAO E SISTEMA LTDA)
20:48:28:481 PW_iAddParam(22, 1.1.0.0)
20:48:28:481 PW_iAddParam(21, PGWEBLIBTEST)
20:48:28:481 PW_iAddParam(36, 15)
20:48:28:512 PW_iExecTransac(0004.0000.0059.0000) <-2497>
20:51:02:475 PW_Init(.)
20:51:02:475 Ultima limpeza: 04/12/2018 19:12:38)
20:51:02:477 PW_iNewTransac(1, 0004.0000.0059.0000)
20:51:02:480 DISCONNECT =================================================================
20:51:02:480 >>LNXSSL_iModemDisconnect
20:51:02:482 PW_iAddParam(23, SETIS AUTOMACAO E SISTEMA LTDA)
20:51:02:482 PW_iAddParam(22, 1.1.0.0)
20:51:02:482 PW_iAddParam(21, PGWEBLIBTEST)
20:51:02:482 PW_iAddParam(36, 15)
20:51:02:493 PW_iExecTransac(0004.0000.0059.0000) <-2497>
20:51:08:314 PW_Init(.)
20:51:08:314 Ultima limpeza: 04/12/2018 19:12:38)
20:51:08:316 PW_iNewTransac(1, 0004.0000.0059.0000)
20:51:08:323 DISCONNECT =================================================================
20:51:08:323 >>LNXSSL_iModemDisconnect
20:51:08:326 PW_iAddParam(23, SETIS AUTOMACAO E SISTEMA LTDA)
20:51:08:326 PW_iAddParam(22, 1.1.0.0)
20:51:08:326 PW_iAddParam(21, PGWEBLIBTEST)
20:51:08:326 PW_iAddParam(36, 15)
20:51:08:346 PW_iExecTransac(0004.0000.0059.0000) <-2497>
20:51:53:854 PW_Init(.)
20:51:53:854 Ultima limpeza: 04/12/2018 19:12:38)
20:51:53:856 PW_iNewTransac(1, 0004.0000.0059.0000)
20:51:53:858 DISCONNECT =================================================================
20:51:53:858 >>LNXSSL_iModemDisconnect
20:51:53:860 PW_iAddParam(23, SETIS AUTOMACAO E SISTEMA LTDA)
20:51:53:860 PW_iAddParam(22, 1.1.0.0)
20:51:53:860 PW_iAddParam(21, PGWEBLIBTEST)
20:51:53:860 PW_iAddParam(36, 15)
20:51:53:860 PW_iAddParam(246, 314159)
20:51:53:889 PW_iExecTransac(0004.0000.0059.0000) <-2497>
20:51:57:870 PW_Init(.)
20:51:57:870 Ultima limpeza: 04/12/2018 19:12:38)
20:51:57:872 PW_iNewTransac(1, 0004.0000.0059.0000)
20:51:57:874 DISCONNECT =================================================================
20:51:57:874 >>LNXSSL_iModemDisconnect
20:51:57:875 PW_iAddParam(23, SETIS AUTOMACAO E SISTEMA LTDA)
20:51:57:876 PW_iAddParam(22, 1.1.0.0)
20:51:57:876 PW_iAddParam(21, PGWEBLIBTEST)
20:51:57:876 PW_iAddParam(36, 15)
20:51:57:876 PW_iAddParam(246, 314159)
20:51:57:905 PW_iExecTransac(0004.0000.0059.0000) <-2497>
20:52:01:270 PW_Init(.)
20:52:01:270 Ultima limpeza: 04/12/2018 19:12:38)
20:52:01:272 PW_iNewTransac(1, 0004.0000.0059.0000)
20:52:01:279 DISCONNECT =================================================================
20:52:01:280 >>LNXSSL_iModemDisconnect
20:52:01:281 PW_iAddParam(23, SETIS AUTOMACAO E SISTEMA LTDA)
20:52:01:281 PW_iAddParam(22, 1.1.0.0)
20:52:01:281 PW_iAddParam(21, PGWEBLIBTEST)
20:52:01:281 PW_iAddParam(36, 15)
20:52:01:281 PW_iAddParam(246, 314159)
20:52:01:299 PW_iExecTransac(0004.0000.0059.0000) <-2497>
20:52:12:463 PW_Init(.)
20:52:12:463 Ultima limpeza: 04/12/2018 19:12:38)
20:52:12:470 PW_iNewTransac(1, 0004.0000.0059.0000)
20:52:12:472 DISCONNECT =================================================================
20:52:12:472 >>LNXSSL_iModemDisconnect
20:52:12:474 PW_iAddParam(23, SETIS AUTOMACAO E SISTEMA LTDA)
20:52:12:474 PW_iAddParam(22, 1.1.0.0)
20:52:12:474 PW_iAddParam(21, PGWEBLIBTEST)
20:52:12:474 PW_iAddParam(36, 15)
20:52:12:475 PW_iAddParam(246, 314159)
20:52:12:498 PW_iExecTransac(0004.0000.0059.0000) <-2497>
20:52:17:539 PW_Init(.)
20:52:17:540 Ultima limpeza: 04/12/2018 19:12:38)
20:52:17:542 PW_iNewTransac(1, 0004.0000.0059.0000)
20:52:17:544 DISCONNECT =================================================================
20:52:17:544 >>LNXSSL_iModemDisconnect
20:52:17:545 PW_iAddParam(23, SETIS AUTOMACAO E SISTEMA LTDA)
20:52:17:545 PW_iAddParam(22, 1.1.0.0)
20:52:17:545 PW_iAddParam(21, PGWEBLIBTEST)
20:52:17:546 PW_iAddParam(36, 15)
20:52:17:546 PW_iAddParam(246, 314159)
20:52:17:567 PW_iExecTransac(0004.0000.0059.0000) <-2497>
20:52:21:278 PW_Init(.)
20:52:21:278 Ultima limpeza: 04/12/2018 19:12:38)
20:52:21:280 PW_iNewTransac(1, 0004.0000.0059.0000)
20:52:21:281 DISCONNECT =================================================================
20:52:21:282 >>LNXSSL_iModemDisconnect
20:52:21:283 PW_iAddParam(23, SETIS AUTOMACAO E SISTEMA LTDA)
20:52:21:283 PW_iAddParam(22, 1.1.0.0)
20:52:21:283 PW_iAddParam(21, PGWEBLIBTEST)
20:52:21:283 PW_iAddParam(36, 15)
20:52:21:284 PW_iAddParam(246, 314159)
20:52:21:309 PW_iExecTransac(0004.0000.0059.0000) <-2497>
20:52:25:154 PW_Init(.)
20:52:25:154 Ultima limpeza: 04/12/2018 19:12:38)
20:52:25:156 PW_iNewTransac(1, 0004.0000.0059.0000)
20:52:25:157 DISCONNECT =================================================================
20:52:25:158 >>LNXSSL_iModemDisconnect
20:52:25:159 PW_iAddParam(23, SETIS AUTOMACAO E SISTEMA LTDA)
20:52:25:159 PW_iAddParam(22, 1.1.0.0)
20:52:25:159 PW_iAddParam(21, PGWEBLIBTEST)
20:52:25:159 PW_iAddParam(36, 15)
20:52:25:159 PW_iAddParam(246, 314159)
20:52:25:181 PW_iExecTransac(0004.0000.0059.0000) <-2497>
20:52:28:854 PW_Init(.)
20:52:28:854 Ultima limpeza: 04/12/2018 19:12:38)
20:52:28:858 PW_iNewTransac(1, 0004.0000.0059.0000)
20:52:28:861 DISCONNECT =================================================================
20:52:28:861 >>LNXSSL_iModemDisconnect
20:52:28:863 PW_iAddParam(23, SETIS AUTOMACAO E SISTEMA LTDA)
20:52:28:863 PW_iAddParam(22, 1.1.0.0)
20:52:28:863 PW_iAddParam(21, PGWEBLIBTEST)
20:52:28:863 PW_iAddParam(36, 15)
20:52:28:863 PW_iAddParam(246, 314159)
20:52:28:883 PW_iExecTransac(0004.0000.0059.0000) <-2497>
20:52:37:276 PW_Init(.)
20:52:37:276 Ultima limpeza: 04/12/2018 19:12:38)
20:52:37:278 PW_iNewTransac(1, 0004.0000.0059.0000)
20:52:37:280 DISCONNECT =================================================================
20:52:37:280 >>LNXSSL_iModemDisconnect
20:52:37:281 PW_iAddParam(23, SETIS AUTOMACAO E SISTEMA LTDA)
20:52:37:281 PW_iAddParam(22, 1.1.0.0)
20:52:37:282 PW_iAddParam(21, PGWEBLIBTEST)
20:52:37:282 PW_iAddParam(36, 15)
20:52:37:282 PW_iAddParam(246, 314159)
20:52:37:297 PW_iExecTransac(0004.0000.0059.0000) <-2497>
20:52:50:907 PW_Init(.)
20:52:50:907 Ultima limpeza: 04/12/2018 19:12:38)
20:52:50:909 PW_iNewTransac(1, 0004.0000.0059.0000)
20:52:50:915 DISCONNECT =================================================================
20:52:50:915 >>LNXSSL_iModemDisconnect
20:52:50:917 PW_iAddParam(23, SETIS AUTOMACAO E SISTEMA LTDA)
20:52:50:917 PW_iAddParam(22, 1.1.0.0)
20:52:50:917 PW_iAddParam(21, PGWEBLIBTEST)
20:52:50:917 PW_iAddParam(36, 15)
20:52:50:917 PW_iAddParam(246, 314159)
20:52:50:946 PW_iExecTransac(0004.0000.0059.0000) <-2497>
20:52:54:434 PW_Init(.)
20:52:54:434 Ultima limpeza: 04/12/2018 19:12:38)
20:52:54:440 PW_iNewTransac(1, 0004.0000.0059.0000)
20:52:54:441 DISCONNECT =================================================================
20:52:54:442 >>LNXSSL_iModemDisconnect
20:52:54:446 PW_iAddParam(23, SETIS AUTOMACAO E SISTEMA LTDA)
20:52:54:446 PW_iAddParam(22, 1.1.0.0)
20:52:54:446 PW_iAddParam(21, PGWEBLIBTEST)
20:52:54:446 PW_iAddParam(36, 15)
20:52:54:447 PW_iAddParam(246, 314159)
20:52:54:471 PW_iExecTransac(0004.0000.0059.0000) <-2497>
20:52:57:729 PW_Init(.)
20:52:57:729 Ultima limpeza: 04/12/2018 19:12:38)
20:52:57:731 PW_iNewTransac(1, 0004.0000.0059.0000)
20:52:57:736 DISCONNECT =================================================================
20:52:57:736 >>LNXSSL_iModemDisconnect
20:52:57:737 PW_iAddParam(23, SETIS AUTOMACAO E SISTEMA LTDA)
20:52:57:737 PW_iAddParam(22, 1.1.0.0)
20:52:57:738 PW_iAddParam(21, PGWEBLIBTEST)
20:52:57:738 PW_iAddParam(36, 15)
20:52:57:738 PW_iAddParam(246, 314159)
20:52:57:774 PW_iExecTransac(0004.0000.0059.0000) <-2497>
20:53:01:420 PW_Init(.)
20:53:01:420 Ultima limpeza: 04/12/2018 19:12:38)
20:53:01:422 PW_iNewTransac(1, 0004.0000.0059.0000)
20:53:01:424 DISCONNECT =================================================================
20:53:01:424 >>LNXSSL_iModemDisconnect
20:53:01:426 PW_iAddParam(23, SETIS AUTOMACAO E SISTEMA LTDA)
20:53:01:426 PW_iAddParam(22, 1.1.0.0)
20:53:01:426 PW_iAddParam(21, PGWEBLIBTEST)
20:53:01:426 PW_iAddParam(36, 15)
20:53:01:426 PW_iAddParam(246, 314159)
20:53:01:441 PW_iExecTransac(0004.0000.0059.0000) <-2497>
20:53:04:544 PW_Init(.)
20:53:04:544 Ultima limpeza: 04/12/2018 19:12:38)
20:53:04:546 PW_iNewTransac(1, 0004.0000.0059.0000)
20:53:04:548 DISCONNECT =================================================================
20:53:04:548 >>LNXSSL_iModemDisconnect
20:53:04:550 PW_iAddParam(23, SETIS AUTOMACAO E SISTEMA LTDA)
20:53:04:550 PW_iAddParam(22, 1.1.0.0)
20:53:04:550 PW_iAddParam(21, PGWEBLIBTEST)
20:53:04:550 PW_iAddParam(36, 15)
20:53:04:550 PW_iAddParam(246, 314159)
20:53:04:572 PW_iExecTransac(0004.0000.0059.0000) <-2497>
20:53:09:290 PW_Init(.)
20:53:09:290 Ultima limpeza: 04/12/2018 19:12:38)
20:53:09:292 PW_iNewTransac(1, 0004.0000.0059.0000)
20:53:09:294 DISCONNECT =================================================================
20:53:09:294 >>LNXSSL_iModemDisconnect
20:53:09:296 PW_iAddParam(23, SETIS AUTOMACAO E SISTEMA LTDA)
20:53:09:296 PW_iAddParam(22, 1.1.0.0)
20:53:09:296 PW_iAddParam(21, PGWEBLIBTEST)
20:53:09:296 PW_iAddParam(36, 15)
20:53:09:296 PW_iAddParam(246, 314159)
20:53:09:313 PW_iExecTransac(0004.0000.0059.0000) <-2497>
20:53:14:382 PW_Init(.)
20:53:14:382 Ultima limpeza: 04/12/2018 19:12:38)
20:53:14:385 PW_iNewTransac(1, 0004.0000.0059.0000)
20:53:14:387 DISCONNECT =================================================================
20:53:14:387 >>LNXSSL_iModemDisconnect
20:53:14:389 PW_iAddParam(23, SETIS AUTOMACAO E SISTEMA LTDA)
20:53:14:389 PW_iAddParam(22, 1.1.0.0)
20:53:14:389 PW_iAddParam(21, PGWEBLIBTEST)
20:53:14:389 PW_iAddParam(36, 15)
20:53:14:389 PW_iAddParam(246, 314159)
20:53:14:409 PW_iExecTransac(0004.0000.0059.0000) <-2497>
20:53:17:690 PW_Init(.)
20:53:17:690 Ultima limpeza: 04/12/2018 19:12:38)
20:53:17:692 PW_iNewTransac(1, 0004.0000.0059.0000)
20:53:17:694 DISCONNECT =================================================================
20:53:17:694 >>LNXSSL_iModemDisconnect
20:53:17:696 PW_iAddParam(23, SETIS AUTOMACAO E SISTEMA LTDA)
20:53:17:696 PW_iAddParam(22, 1.1.0.0)
20:53:17:696 PW_iAddParam(21, PGWEBLIBTEST)
20:53:17:696 PW_iAddParam(36, 15)
20:53:17:696 PW_iAddParam(246, 314159)
20:53:17:740 PW_iExecTransac(0004.0000.0059.0000) <-2497>
20:53:21:056 PW_Init(.)
20:53:21:056 Ultima limpeza: 04/12/2018 19:12:38)
20:53:21:058 PW_iNewTransac(1, 0004.0000.0059.0000)
20:53:21:060 DISCONNECT =================================================================
20:53:21:060 >>LNXSSL_iModemDisconnect
20:53:21:063 PW_iAddParam(23, SETIS AUTOMACAO E SISTEMA LTDA)
20:53:21:063 PW_iAddParam(22, 1.1.0.0)
20:53:21:063 PW_iAddParam(21, PGWEBLIBTEST)
20:53:21:063 PW_iAddParam(36, 15)
20:53:21:063 PW_iAddParam(246, 314159)
20:53:21:077 PW_iExecTransac(0004.0000.0059.0000) <-2497>
20:53:40:852 PW_Init(.)
20:53:40:852 Ultima limpeza: 04/12/2018 19:12:38)
20:53:40:858 PW_iNewTransac(1, 0004.0000.0059.0000)
20:53:40:859 DISCONNECT =================================================================
20:53:40:859 >>LNXSSL_iModemDisconnect
20:53:40:861 PW_iAddParam(23, SETIS AUTOMACAO E SISTEMA LTDA)
20:53:40:861 PW_iAddParam(22, 1.1.0.0)
20:53:40:861 PW_iAddParam(21, PGWEBLIBTEST)
20:53:40:861 PW_iAddParam(36, 15)
20:53:40:861 PW_iAddParam(246, 314159)
20:53:40:883 PW_iExecTransac(0004.0000.0059.0000) <-2497>
20:53:44:891 PW_Init(.)
20:53:44:891 Ultima limpeza: 04/12/2018 19:12:38)
20:53:44:894 PW_iNewTransac(1, 0004.0000.0059.0000)
20:53:44:896 DISCONNECT =================================================================
20:53:44:896 >>LNXSSL_iModemDisconnect
20:53:44:898 PW_iAddParam(23, SETIS AUTOMACAO E SISTEMA LTDA)
20:53:44:898 PW_iAddParam(22, 1.1.0.0)
20:53:44:898 PW_iAddParam(21, PGWEBLIBTEST)
20:53:44:898 PW_iAddParam(36, 15)
20:53:44:898 PW_iAddParam(246, 314159)
20:53:44:923 PW_iExecTransac(0004.0000.0059.0000) <-2497>
20:53:49:407 PW_Init(.)
20:53:49:407 Ultima limpeza: 04/12/2018 19:12:38)
20:53:49:409 PW_iNewTransac(1, 0004.0000.0059.0000)
20:53:49:411 DISCONNECT =================================================================
20:53:49:411 >>LNXSSL_iModemDisconnect
20:53:49:413 PW_iAddParam(23, SETIS AUTOMACAO E SISTEMA LTDA)
20:53:49:413 PW_iAddParam(22, 1.1.0.0)
20:53:49:413 PW_iAddParam(21, PGWEBLIBTEST)
20:53:49:413 PW_iAddParam(36, 15)
20:53:49:413 PW_iAddParam(246, 314159)
20:53:49:436 PW_iExecTransac(0004.0000.0059.0000) <-2497>
20:53:53:136 PW_Init(.)
20:53:53:136 Ultima limpeza: 04/12/2018 19:12:38)
20:53:53:138 PW_iNewTransac(1, 0004.0000.0059.0000)
20:53:53:140 DISCONNECT =================================================================
20:53:53:140 >>LNXSSL_iModemDisconnect
20:53:53:142 PW_iAddParam(23, SETIS AUTOMACAO E SISTEMA LTDA)
20:53:53:142 PW_iAddParam(22, 1.1.0.0)
20:53:53:142 PW_iAddParam(21, PGWEBLIBTEST)
20:53:53:142 PW_iAddParam(36, 15)
20:53:53:142 PW_iAddParam(246, 314159)
20:53:53:162 PW_iExecTransac(0004.0000.0059.0000) <-2497>
20:53:57:858 PW_Init(.)
20:53:57:858 Ultima limpeza: 04/12/2018 19:12:38)
20:53:57:860 PW_iNewTransac(1, 0004.0000.0059.0000)
20:53:57:862 DISCONNECT =================================================================
20:53:57:862 >>LNXSSL_iModemDisconnect
20:53:57:864 PW_iAddParam(23, SETIS AUTOMACAO E SISTEMA LTDA)
20:53:57:866 PW_iAddParam(22, 1.1.0.0)
20:53:57:866 PW_iAddParam(21, PGWEBLIBTEST)
20:53:57:866 PW_iAddParam(36, 15)
20:53:57:866 PW_iAddParam(246, 314159)
20:53:57:883 PW_iExecTransac(0004.0000.0059.0000) <-2497>
20:54:02:005 PW_Init(.)
20:54:02:005 Ultima limpeza: 04/12/2018 19:12:38)
20:54:02:011 PW_iNewTransac(1, 0004.0000.0059.0000)
20:54:02:016 DISCONNECT =================================================================
20:54:02:016 >>LNXSSL_iModemDisconnect
20:54:02:021 PW_iAddParam(23, SETIS AUTOMACAO E SISTEMA LTDA)
20:54:02:021 PW_iAddParam(22, 1.1.0.0)
20:54:02:021 PW_iAddParam(21, PGWEBLIBTEST)
20:54:02:021 PW_iAddParam(36, 15)
20:54:02:022 PW_iAddParam(246, 314159)
20:54:02:054 PW_iExecTransac(0004.0000.0059.0000) <-2497>
20:54:05:089 PW_Init(.)
20:54:05:089 Ultima limpeza: 04/12/2018 19:12:38)
20:54:05:091 PW_iNewTransac(1, 0004.0000.0059.0000)
20:54:05:093 DISCONNECT =================================================================
20:54:05:093 >>LNXSSL_iModemDisconnect
20:54:05:095 PW_iAddParam(23, SETIS AUTOMACAO E SISTEMA LTDA)
20:54:05:095 PW_iAddParam(22, 1.1.0.0)
20:54:05:095 PW_iAddParam(21, PGWEBLIBTEST)
20:54:05:095 PW_iAddParam(36, 15)
20:54:05:095 PW_iAddParam(246, 314159)
20:54:05:116 PW_iExecTransac(0004.0000.0059.0000) <-2497>
20:54:08:115 PW_Init(.)
20:54:08:115 Ultima limpeza: 04/12/2018 19:12:38)
20:54:08:117 PW_iNewTransac(1, 0004.0000.0059.0000)
20:54:08:119 DISCONNECT =================================================================
20:54:08:119 >>LNXSSL_iModemDisconnect
20:54:08:121 PW_iAddParam(23, SETIS AUTOMACAO E SISTEMA LTDA)
20:54:08:121 PW_iAddParam(22, 1.1.0.0)
20:54:08:121 PW_iAddParam(21, PGWEBLIBTEST)
20:54:08:121 PW_iAddParam(36, 15)
20:54:08:121 PW_iAddParam(246, 314159)
20:54:08:130 PW_iExecTransac(0004.0000.0059.0000) <-2497>
20:54:11:306 PW_Init(.)
20:54:11:307 Ultima limpeza: 04/12/2018 19:12:38)
20:54:11:309 PW_iNewTransac(1, 0004.0000.0059.0000)
20:54:11:311 DISCONNECT =================================================================
20:54:11:311 >>LNXSSL_iModemDisconnect
20:54:11:312 PW_iAddParam(23, SETIS AUTOMACAO E SISTEMA LTDA)
20:54:11:313 PW_iAddParam(22, 1.1.0.0)
20:54:11:313 PW_iAddParam(21, PGWEBLIBTEST)
20:54:11:313 PW_iAddParam(36, 15)
20:54:11:313 PW_iAddParam(246, 314159)
20:54:11:329 PW_iExecTransac(0004.0000.0059.0000) <-2497>
20:54:14:330 PW_Init(.)
20:54:14:330 Ultima limpeza: 04/12/2018 19:12:38)
20:54:14:332 PW_iNewTransac(1, 0004.0000.0059.0000)
20:54:14:334 DISCONNECT =================================================================
20:54:14:335 >>LNXSSL_iModemDisconnect
20:54:14:336 PW_iAddParam(23, SETIS AUTOMACAO E SISTEMA LTDA)
20:54:14:336 PW_iAddParam(22, 1.1.0.0)
20:54:14:336 PW_iAddParam(21, PGWEBLIBTEST)
20:54:14:336 PW_iAddParam(36, 15)
20:54:14:336 PW_iAddParam(246, 314159)
20:54:14:353 PW_iExecTransac(0004.0000.0059.0000) <-2497>
20:54:17:665 PW_Init(.)
20:54:17:665 Ultima limpeza: 04/12/2018 19:12:38)
20:54:17:667 PW_iNewTransac(1, 0004.0000.0059.0000)
20:54:17:669 DISCONNECT =================================================================
20:54:17:669 >>LNXSSL_iModemDisconnect
20:54:17:675 PW_iAddParam(23, SETIS AUTOMACAO E SISTEMA LTDA)
20:54:17:675 PW_iAddParam(22, 1.1.0.0)
20:54:17:675 PW_iAddParam(21, PGWEBLIBTEST)
20:54:17:675 PW_iAddParam(36, 15)
20:54:17:676 PW_iAddParam(246, 314159)
20:54:17:698 PW_iExecTransac(0004.0000.0059.0000) <-2497>
21:12:08:352 PW_Init(.)
21:12:08:352 Ultima limpeza: 04/12/2018 19:12:38)
21:12:08:355 PW_iNewTransac(1, 0004.0000.0059.0000)
21:12:08:363 DISCONNECT =================================================================
21:12:08:363 >>LNXSSL_iModemDisconnect
21:12:08:365 PW_iAddParam(23, SETIS AUTOMACAO E SISTEMA LTDA)
21:12:08:365 PW_iAddParam(22, 1.1.0.0)
21:12:08:365 PW_iAddParam(21, PGWEBLIBTEST)
21:12:08:365 PW_iAddParam(36, 15)
21:12:08:365 PW_iAddParam(246, 314159)
21:12:08:388 PW_iExecTransac(0004.0000.0059.0000) <-2497>
21:21:26:182 PW_Init(.)
21:21:26:182 Ultima limpeza: 04/12/2018 19:12:38)
21:21:26:184 PW_iNewTransac(1, 0004.0000.0059.0000)
21:21:26:186 DISCONNECT =================================================================
21:21:26:186 >>LNXSSL_iModemDisconnect
21:21:26:188 PW_iAddParam(23, SETIS AUTOMACAO E SISTEMA LTDA)
21:21:26:188 PW_iAddParam(22, 1.1.0.0)
21:21:26:188 PW_iAddParam(21, PGWEBLIBTEST)
21:21:26:188 PW_iAddParam(36, 15)
21:21:26:188 PW_iAddParam(246, 314159)
21:21:26:190 PW_iExecTransac(0004.0000.0059.0000) <-2497>
21:21:31:064 PW_Init(.)
21:21:31:065 Ultima limpeza: 04/12/2018 19:12:38)
21:21:31:068 PW_iNewTransac(1, 0004.0000.0059.0000)
21:21:31:070 DISCONNECT =================================================================
21:21:31:070 >>LNXSSL_iModemDisconnect
21:21:31:079 PW_iAddParam(23, SETIS AUTOMACAO E SISTEMA LTDA)
21:21:31:079 PW_iAddParam(22, 1.1.0.0)
21:21:31:079 PW_iAddParam(21, PGWEBLIBTEST)
21:21:31:079 PW_iAddParam(36, 15)
21:21:31:079 PW_iAddParam(246, 314159)
21:21:31:087 PW_iExecTransac(0004.0000.0059.0000) <-2497>
21:21:34:483 PW_Init(.)
21:21:34:483 Ultima limpeza: 04/12/2018 19:12:38)
21:21:34:485 PW_iNewTransac(1, 0004.0000.0059.0000)
21:21:34:488 DISCONNECT =================================================================
21:21:34:488 >>LNXSSL_iModemDisconnect
21:21:34:494 PW_iAddParam(23, SETIS AUTOMACAO E SISTEMA LTDA)
21:21:34:494 PW_iAddParam(22, 1.1.0.0)
21:21:34:494 PW_iAddParam(21, PGWEBLIBTEST)
21:21:34:494 PW_iAddParam(36, 15)
21:21:34:494 PW_iAddParam(246, 314159)
21:21:46:319 PW_Init(.)
21:21:46:319 Ultima limpeza: 04/12/2018 19:12:38)
21:21:46:321 PW_iNewTransac(1, 0004.0000.0059.0000)
21:21:46:323 DISCONNECT =================================================================
21:21:46:323 >>LNXSSL_iModemDisconnect
21:21:46:325 PW_iAddParam(23, SETIS AUTOMACAO E SISTEMA LTDA)
21:21:46:325 PW_iAddParam(22, 1.1.0.0)
21:21:46:325 PW_iAddParam(21, PGWEBLIBTEST)
21:21:46:325 PW_iAddParam(36, 15)
21:21:46:325 PW_iAddParam(246, 314159)
21:21:46:348 PW_iExecTransac(0004.0000.0059.0000) <-2497>
21:22:22:711 PW_Init(.)
21:22:22:711 Ultima limpeza: 04/12/2018 19:12:38)
21:22:22:713 PW_iNewTransac(1, 0004.0000.0059.0000)
21:22:22:716 DISCONNECT =================================================================
21:22:22:716 >>LNXSSL_iModemDisconnect
21:22:22:717 PW_iAddParam(23, SETIS AUTOMACAO E SISTEMA LTDA)
21:22:22:717 PW_iAddParam(22, 1.1.0.0)
21:22:22:717 PW_iAddParam(21, PGWEBLIBTEST)
21:22:22:717 PW_iAddParam(36, 15)
21:22:22:717 PW_iAddParam(246, 314159)
21:22:22:730 PW_iExecTransac(0004.0000.0059.0000) <-2497>
21:22:27:428 PW_Init(.)
21:22:27:428 Ultima limpeza: 04/12/2018 19:12:38)
21:22:27:430 PW_iNewTransac(1, 0004.0000.0059.0000)
21:22:27:432 DISCONNECT =================================================================
21:22:27:432 >>LNXSSL_iModemDisconnect
21:22:27:441 PW_iAddParam(23, SETIS AUTOMACAO E SISTEMA LTDA)
21:22:27:441 PW_iAddParam(22, 1.1.0.0)
21:22:27:441 PW_iAddParam(21, PGWEBLIBTEST)
21:22:27:441 PW_iAddParam(36, 15)
21:22:27:441 PW_iAddParam(246, 314159)
21:22:27:449 PW_iExecTransac(0004.0000.0059.0000) <-2497>
21:22:32:143 PW_Init(.)
21:22:32:143 Ultima limpeza: 04/12/2018 19:12:38)
21:22:32:145 PW_iNewTransac(1, 0004.0000.0059.0000)
21:22:32:147 DISCONNECT =================================================================
21:22:32:147 >>LNXSSL_iModemDisconnect
21:22:32:149 PW_iAddParam(23, SETIS AUTOMACAO E SISTEMA LTDA)
21:22:32:149 PW_iAddParam(22, 1.1.0.0)
21:22:32:149 PW_iAddParam(21, PGWEBLIBTEST)
21:22:32:149 PW_iAddParam(36, 15)
21:22:32:149 PW_iAddParam(246, 314159)
21:22:32:159 PW_iExecTransac(0004.0000.0059.0000) <-2497>
21:26:27:874 PW_Init(.)
21:26:27:874 Ultima limpeza: 04/12/2018 19:12:38)
21:26:27:876 PW_iNewTransac(1, 0004.0000.0059.0000)
21:26:27:883 DISCONNECT =================================================================
21:26:27:883 >>LNXSSL_iModemDisconnect
21:26:27:885 PW_iAddParam(23, SETIS AUTOMACAO E SISTEMA LTDA)
21:26:27:885 PW_iAddParam(22, 1.1.0.0)
21:26:27:885 PW_iAddParam(21, PGWEBLIBTEST)
21:26:27:885 PW_iAddParam(36, 15)
21:26:27:885 PW_iAddParam(246, 314159)
21:27:05:278 PW_Init(.)
21:27:05:278 Ultima limpeza: 04/12/2018 19:12:38)
21:27:05:281 PW_iNewTransac(1, 0004.0000.0059.0000)
21:27:05:283 DISCONNECT =================================================================
21:27:05:283 >>LNXSSL_iModemDisconnect
21:27:05:285 PW_iAddParam(23, SETIS AUTOMACAO E SISTEMA LTDA)
21:27:05:285 PW_iAddParam(22, 1.1.0.0)
21:27:05:285 PW_iAddParam(21, PGWEBLIBTEST)
21:27:05:285 PW_iAddParam(36, 15)
21:27:05:286 PW_iAddParam(246, 314159)
21:28:30:801 PW_Init(.)
21:28:30:801 Ultima limpeza: 04/12/2018 19:12:38)
21:28:30:803 PW_iNewTransac(1, 0004.0000.0059.0000)
21:28:30:806 DISCONNECT =================================================================
21:28:30:806 >>LNXSSL_iModemDisconnect
21:28:30:807 PW_iAddParam(23, SETIS AUTOMACAO E SISTEMA LTDA)
21:28:30:808 PW_iAddParam(22, 1.1.0.0)
21:28:30:808 PW_iAddParam(21, PGWEBLIBTEST)
21:28:30:808 PW_iAddParam(36, 15)
21:28:30:808 PW_iAddParam(246, 314159)
21:29:13:652 PW_Init(.)
21:29:13:652 Ultima limpeza: 04/12/2018 19:12:38)
21:29:13:654 PW_iNewTransac(1, 0004.0000.0059.0000)
21:29:13:656 DISCONNECT =================================================================
21:29:13:656 >>LNXSSL_iModemDisconnect
21:29:13:657 PW_iAddParam(23, SETIS AUTOMACAO E SISTEMA LTDA)
21:29:13:657 PW_iAddParam(22, 1.1.0.0)
21:29:13:657 PW_iAddParam(21, PGWEBLIBTEST)
21:29:13:657 PW_iAddParam(36, 15)
21:29:13:657 PW_iAddParam(246, 314159)
21:29:13:672 PW_iExecTransac(0004.0000.0059.0000) <-2497>
21:32:10:706 PW_Init(.)
21:32:10:706 Ultima limpeza: 04/12/2018 19:12:38)
21:32:10:708 PW_iNewTransac(1, 0004.0000.0059.0000)
21:32:10:710 DISCONNECT =================================================================
21:32:10:710 >>LNXSSL_iModemDisconnect
21:32:10:720 PW_iAddParam(23, SETIS AUTOMACAO E SISTEMA LTDA)
21:32:10:720 PW_iAddParam(22, 1.1.0.0)
21:32:10:720 PW_iAddParam(21, PGWEBLIBTEST)
21:32:10:720 PW_iAddParam(36, 15)
21:32:10:720 PW_iAddParam(246, 314159)
21:32:26:562 PW_Init(.)
21:32:26:562 Ultima limpeza: 04/12/2018 19:12:38)
21:32:26:565 PW_iNewTransac(1, 0004.0000.0059.0000)
21:32:26:567 DISCONNECT =================================================================
21:32:26:567 >>LNXSSL_iModemDisconnect
21:32:26:576 PW_iAddParam(23, SETIS AUTOMACAO E SISTEMA LTDA)
21:32:26:576 PW_iAddParam(22, 1.1.0.0)
21:32:26:576 PW_iAddParam(21, PGWEBLIBTEST)
21:32:26:576 PW_iAddParam(36, 15)
21:32:26:577 PW_iAddParam(246, 314159)
21:32:30:135 PW_Init(.)
21:32:30:135 Ultima limpeza: 04/12/2018 19:12:38)
21:32:30:138 PW_iNewTransac(1, 0004.0000.0059.0000)
21:32:30:142 DISCONNECT =================================================================
21:32:30:142 >>LNXSSL_iModemDisconnect
21:32:30:144 PW_iAddParam(23, SETIS AUTOMACAO E SISTEMA LTDA)
21:32:30:144 PW_iAddParam(22, 1.1.0.0)
21:32:30:144 PW_iAddParam(21, PGWEBLIBTEST)
21:32:30:144 PW_iAddParam(36, 15)
21:32:30:144 PW_iAddParam(246, 314159)
21:32:57:318 PW_Init(.)
21:32:57:319 Ultima limpeza: 04/12/2018 19:12:38)
21:32:57:321 PW_iNewTransac(1, 0004.0000.0059.0000)
21:32:57:322 DISCONNECT =================================================================
21:32:57:323 >>LNXSSL_iModemDisconnect
21:32:57:325 PW_iAddParam(23, SETIS AUTOMACAO E SISTEMA LTDA)
21:32:57:325 PW_iAddParam(22, 1.1.0.0)
21:32:57:325 PW_iAddParam(21, PGWEBLIBTEST)
21:32:57:325 PW_iAddParam(36, 15)
21:32:57:325 PW_iAddParam(246, 314159)
21:33:13:503 PW_Init(.)
21:33:13:503 Ultima limpeza: 04/12/2018 19:12:38)
21:33:13:506 PW_iNewTransac(1, 0004.0000.0059.0000)
21:33:13:508 DISCONNECT =================================================================
21:33:13:508 >>LNXSSL_iModemDisconnect
21:33:13:517 PW_iAddParam(23, SETIS AUTOMACAO E SISTEMA LTDA)
21:33:13:517 PW_iAddParam(22, 1.1.0.0)
21:33:13:517 PW_iAddParam(21, PGWEBLIBTEST)
21:33:13:518 PW_iAddParam(36, 15)
21:33:13:518 PW_iAddParam(246, 314159)
21:33:36:855 PW_Init(.)
21:33:36:855 Ultima limpeza: 04/12/2018 19:12:38)
21:33:36:857 PW_iNewTransac(1, 0004.0000.0059.0000)
21:33:36:859 DISCONNECT =================================================================
21:33:36:859 >>LNXSSL_iModemDisconnect
21:33:36:861 PW_iAddParam(23, SETIS AUTOMACAO E SISTEMA LTDA)
21:33:36:861 PW_iAddParam(22, 1.1.0.0)
21:33:36:861 PW_iAddParam(21, PGWEBLIBTEST)
21:33:36:861 PW_iAddParam(36, 15)
21:33:36:861 PW_iAddParam(246, 314159)
21:35:28:222 PW_Init(.)
21:35:28:222 Ultima limpeza: 04/12/2018 19:12:38)
21:35:28:225 PW_iNewTransac(1, 0004.0000.0059.0000)
21:35:28:227 DISCONNECT =================================================================
21:35:28:227 >>LNXSSL_iModemDisconnect
21:35:28:228 PW_iAddParam(23, SETIS AUTOMACAO E SISTEMA LTDA)
21:35:28:228 PW_iAddParam(22, 1.1.0.0)
21:35:28:228 PW_iAddParam(21, PGWEBLIBTEST)
21:35:28:229 PW_iAddParam(36, 15)
21:35:28:229 PW_iAddParam(246, 314159)
21:35:35:487 PW_Init(.)
21:35:35:487 Ultima limpeza: 04/12/2018 19:12:38)
21:35:35:489 PW_iNewTransac(1, 0004.0000.0059.0000)
21:35:35:492 DISCONNECT =================================================================
21:35:35:492 >>LNXSSL_iModemDisconnect
21:35:35:494 PW_iAddParam(23, SETIS AUTOMACAO E SISTEMA LTDA)
21:35:35:494 PW_iAddParam(22, 1.1.0.0)
21:35:35:494 PW_iAddParam(21, PGWEBLIBTEST)
21:35:35:494 PW_iAddParam(36, 15)
21:35:35:494 PW_iAddParam(246, 314159)
21:35:39:372 PW_Init(.)
21:35:39:372 Ultima limpeza: 04/12/2018 19:12:38)
21:35:39:375 PW_iNewTransac(1, 0004.0000.0059.0000)
21:35:39:376 DISCONNECT =================================================================
21:35:39:376 >>LNXSSL_iModemDisconnect
21:35:39:378 PW_iAddParam(23, SETIS AUTOMACAO E SISTEMA LTDA)
21:35:39:378 PW_iAddParam(22, 1.1.0.0)
21:35:39:378 PW_iAddParam(21, PGWEBLIBTEST)
21:35:39:378 PW_iAddParam(36, 15)
21:35:39:378 PW_iAddParam(246, 314159)
21:35:49:298 PW_Init(.)
21:35:49:298 Ultima limpeza: 04/12/2018 19:12:38)
21:35:49:301 PW_iNewTransac(1, 0004.0000.0059.0000)
21:35:49:302 DISCONNECT =================================================================
21:35:49:302 >>LNXSSL_iModemDisconnect
21:35:49:305 PW_iAddParam(23, SETIS AUTOMACAO E SISTEMA LTDA)
21:35:49:305 PW_iAddParam(22, 1.1.0.0)
21:35:49:305 PW_iAddParam(21, PGWEBLIBTEST)
21:35:49:305 PW_iAddParam(36, 15)
21:35:49:305 PW_iAddParam(246, 314159)
21:35:49:324 PW_iExecTransac(0004.0000.0059.0000) <-2497>
21:35:59:336 PW_Init(.)
21:35:59:336 Ultima limpeza: 04/12/2018 19:12:38)
21:35:59:338 PW_iNewTransac(1, 0004.0000.0059.0000)
21:35:59:340 DISCONNECT =================================================================
21:35:59:340 >>LNXSSL_iModemDisconnect
21:35:59:341 PW_iAddParam(23, SETIS AUTOMACAO E SISTEMA LTDA)
21:35:59:341 PW_iAddParam(22, 1.1.0.0)
21:35:59:341 PW_iAddParam(21, PGWEBLIBTEST)
21:35:59:341 PW_iAddParam(36, 15)
21:35:59:342 PW_iAddParam(246, 314159)
21:35:59:366 PW_iExecTransac(0004.0000.0059.0000) <-2497>
21:36:25:148 PW_Init(.)
21:36:25:149 Ultima limpeza: 04/12/2018 19:12:38)
21:36:25:156 PW_iNewTransac(1, 0004.0000.0059.0000)
21:36:25:158 DISCONNECT =================================================================
21:36:25:158 >>LNXSSL_iModemDisconnect
21:36:25:160 PW_iAddParam(23, SETIS AUTOMACAO E SISTEMA LTDA)
21:36:25:160 PW_iAddParam(22, 1.1.0.0)
21:36:25:160 PW_iAddParam(21, PGWEBLIBTEST)
21:36:25:160 PW_iAddParam(36, 15)
21:36:25:160 PW_iAddParam(246, 314159)
21:36:25:185 PW_iExecTransac(0004.0000.0059.0000) <-2497>
21:36:34:463 PW_Init(.)
21:36:34:463 Ultima limpeza: 04/12/2018 19:12:38)
21:36:34:465 PW_iNewTransac(1, 0004.0000.0059.0000)
21:36:34:467 DISCONNECT =================================================================
21:36:34:467 >>LNXSSL_iModemDisconnect
21:36:34:469 PW_iAddParam(23, SETIS AUTOMACAO E SISTEMA LTDA)
21:36:34:469 PW_iAddParam(22, 1.1.0.0)
21:36:34:469 PW_iAddParam(21, PGWEBLIBTEST)
21:36:34:469 PW_iAddParam(36, 15)
21:36:34:469 PW_iAddParam(246, 314159)
21:36:34:504 PW_iExecTransac(0004.0000.0059.0000) <-2497>
21:36:39:662 PW_Init(.)
21:36:39:662 Ultima limpeza: 04/12/2018 19:12:38)
21:36:39:666 PW_iNewTransac(1, 0004.0000.0059.0000)
21:36:39:668 DISCONNECT =================================================================
21:36:39:668 >>LNXSSL_iModemDisconnect
21:36:39:669 PW_iAddParam(23, SETIS AUTOMACAO E SISTEMA LTDA)
21:36:39:669 PW_iAddParam(22, 1.1.0.0)
21:36:39:670 PW_iAddParam(21, PGWEBLIBTEST)
21:36:39:670 PW_iAddParam(36, 15)
21:36:39:670 PW_iAddParam(246, 314159)
21:36:39:691 PW_iExecTransac(0004.0000.0059.0000) <-2497>
