12:36:04:168 PW_Init(.)
12:36:04:168 Ultima limpeza: 00/00/1900 00:00:00)
12:36:06:306 ********* Limpeza de logs efetuada
12:36:06:306 PW_iNewTransac(32, 0004.0000.0064.0000)
12:36:06:308 DISCONNECT =================================================================
12:36:06:308 >>LNXSSL_iModemDisconnect
12:36:06:310 PW_iAddParam(23, SETIS AUTOMACAO E SISTEMA LTDA)
12:36:06:310 PW_iAddParam(22, 1.1.0.0)
12:36:06:310 PW_iAddParam(21, PGWEBLIBTEST)
12:36:06:310 PW_iAddParam(36, 15)
12:36:06:837 PW_iExecTransac(0004.0000.0064.0000) <-2497>
12:36:13:821 PW_iAddParam(32522, VERSAO)
12:36:14:329 PW_iExecTransac(0004.0000.0064.0000) <0>
12:36:14:329 0x02=252
12:36:14:329 0x42=0004.0000.0064.0000
12:36:14:329 0x43=0
12:36:14:329 0x6C=0
12:36:14:330 0x6F=   PROCESSANDO...
12:36:14:330 0x74=      OPERACAO      CANCELADA
12:36:14:330 0x75=    OPERACAO        CANCELADA   
12:36:14:330 0x7F0B=0
12:36:14:339 PW_iPPDisplay()
12:36:19:141 PW_iNewTransac(32, 0004.0000.0064.0000)
12:36:19:142 DISCONNECT =================================================================
12:36:19:142 >>LNXSSL_iModemDisconnect
12:36:19:142 PW_iAddParam(23, SETIS AUTOMACAO E SISTEMA LTDA)
12:36:19:142 PW_iAddParam(22, 1.1.0.0)
12:36:19:142 PW_iAddParam(21, PGWEBLIBTEST)
12:36:19:142 PW_iAddParam(36, 15)
12:36:19:647 PW_iExecTransac(0004.0000.0064.0000) <-2497>
12:36:57:423 PW_iAddParam(32522, CONFIGURACAO)
12:36:57:927 PW_iExecTransac(0004.0000.0064.0000) <-2497>
12:37:01:124 PW_iAddParam(246, 314159)
12:37:01:628 PW_iExecTransac(0004.0000.0064.0000) <-2497>
12:41:36:585 PW_iAddParam(17, 58446)
